{"D:\\product_checker\\check-products\\taxonomy-app\\app\\layout.tsx": {"path":"D:\\product_checker\\check-products\\taxonomy-app\\app\\layout.tsx","statementMap":{"0":{"start":{"line":26,"column":24},"end":{"line":26,"column":35}},"1":{"start":{"line":18,"column":13},"end":{"line":18,"column":21}},"2":{"start":{"line":2,"column":38},"end":{"line":2,"column":null}},"3":{"start":{"line":3,"column":7},"end":{"line":3,"column":null}},"4":{"start":{"line":4,"column":24},"end":{"line":4,"column":null}},"5":{"start":{"line":6,"column":14},"end":{"line":10,"column":null}},"6":{"start":{"line":12,"column":21},"end":{"line":16,"column":null}},"7":{"start":{"line":18,"column":34},"end":{"line":24,"column":null}}},"fnMap":{"0":{"name":"RootLayout","decl":{"start":{"line":26,"column":24},"end":{"line":26,"column":35}},"loc":{"start":{"line":30,"column":1},"end":{"line":70,"column":1}}}},"branchMap":{},"s":{"0":0,"1":0,"2":0,"3":0,"4":0,"5":0,"6":0,"7":0},"f":{"0":0},"b":{}}
,"D:\\product_checker\\check-products\\taxonomy-app\\app\\page.tsx": {"path":"D:\\product_checker\\check-products\\taxonomy-app\\app\\page.tsx","statementMap":{"0":{"start":{"line":100,"column":24},"end":{"line":100,"column":null}},"1":{"start":{"line":3,"column":36},"end":{"line":3,"column":null}},"2":{"start":{"line":4,"column":26},"end":{"line":4,"column":null}},"3":{"start":{"line":5,"column":20},"end":{"line":5,"column":null}},"4":{"start":{"line":6,"column":19},"end":{"line":6,"column":null}},"5":{"start":{"line":17,"column":7},"end":{"line":17,"column":null}},"6":{"start":{"line":18,"column":23},"end":{"line":18,"column":null}},"7":{"start":{"line":19,"column":32},"end":{"line":19,"column":null}},"8":{"start":{"line":31,"column":21},"end":{"line":67,"column":null}},"9":{"start":{"line":101,"column":36},"end":{"line":101,"column":null}},"10":{"start":{"line":102,"column":28},"end":{"line":109,"column":null}},"11":{"start":{"line":110,"column":17},"end":{"line":110,"column":null}},"12":{"start":{"line":112,"column":2},"end":{"line":114,"column":null}},"13":{"start":{"line":113,"column":4},"end":{"line":113,"column":null}},"14":{"start":{"line":116,"column":28},"end":{"line":152,"column":null}},"15":{"start":{"line":117,"column":4},"end":{"line":151,"column":null}},"16":{"start":{"line":118,"column":6},"end":{"line":118,"column":null}},"17":{"start":{"line":121,"column":55},"end":{"line":125,"column":null}},"18":{"start":{"line":127,"column":6},"end":{"line":137,"column":null}},"19":{"start":{"line":130,"column":50},"end":{"line":130,"column":75}},"20":{"start":{"line":131,"column":51},"end":{"line":131,"column":77}},"21":{"start":{"line":132,"column":51},"end":{"line":132,"column":77}},"22":{"start":{"line":134,"column":24},"end":{"line":134,"column":null}},"23":{"start":{"line":135,"column":10},"end":{"line":135,"column":null}},"24":{"start":{"line":139,"column":6},"end":{"line":139,"column":null}},"25":{"start":{"line":141,"column":6},"end":{"line":148,"column":null}},"26":{"start":{"line":150,"column":6},"end":{"line":150,"column":null}},"27":{"start":{"line":154,"column":21},"end":{"line":156,"column":null}},"28":{"start":{"line":155,"column":4},"end":{"line":155,"column":null}},"29":{"start":{"line":158,"column":2},"end":{"line":170,"column":null}},"30":{"start":{"line":233,"column":16},"end":{"line":234,"column":null}},"31":{"start":{"line":235,"column":33},"end":{"line":235,"column":null}}},"fnMap":{"0":{"name":"StatCard","decl":{"start":{"line":69,"column":9},"end":{"line":69,"column":18}},"loc":{"start":{"line":75,"column":1},"end":{"line":98,"column":null}}},"1":{"name":"Dashboard","decl":{"start":{"line":100,"column":24},"end":{"line":100,"column":null}},"loc":{"start":{"line":100,"column":24},"end":{"line":255,"column":null}}},"2":{"name":"(anonymous_4)","decl":{"start":{"line":112,"column":12},"end":{"line":112,"column":null}},"loc":{"start":{"line":112,"column":12},"end":{"line":114,"column":5}}},"3":{"name":"(anonymous_5)","decl":{"start":{"line":116,"column":28},"end":{"line":116,"column":null}},"loc":{"start":{"line":116,"column":28},"end":{"line":152,"column":null}}},"4":{"name":"(anonymous_6)","decl":{"start":{"line":130,"column":45},"end":{"line":130,"column":50}},"loc":{"start":{"line":130,"column":50},"end":{"line":130,"column":75}}},"5":{"name":"(anonymous_7)","decl":{"start":{"line":131,"column":46},"end":{"line":131,"column":51}},"loc":{"start":{"line":131,"column":51},"end":{"line":131,"column":77}}},"6":{"name":"(anonymous_8)","decl":{"start":{"line":132,"column":46},"end":{"line":132,"column":51}},"loc":{"start":{"line":132,"column":51},"end":{"line":132,"column":77}}},"7":{"name":"(anonymous_9)","decl":{"start":{"line":133,"column":42},"end":{"line":133,"column":null}},"loc":{"start":{"line":133,"column":42},"end":{"line":136,"column":12}}},"8":{"name":"(anonymous_10)","decl":{"start":{"line":154,"column":21},"end":{"line":154,"column":22}},"loc":{"start":{"line":154,"column":22},"end":{"line":156,"column":null}}},"9":{"name":"(anonymous_11)","decl":{"start":{"line":232,"column":32},"end":{"line":232,"column":33}},"loc":{"start":{"line":233,"column":16},"end":{"line":234,"column":null}}},"10":{"name":"(anonymous_12)","decl":{"start":{"line":235,"column":27},"end":{"line":235,"column":33}},"loc":{"start":{"line":235,"column":33},"end":{"line":235,"column":null}}}},"branchMap":{"0":{"loc":{"start":{"line":88,"column":11},"end":{"line":88,"column":null}},"type":"binary-expr","locations":[{"start":{"line":88,"column":11},"end":{"line":88,"column":null}}]},"1":{"loc":{"start":{"line":128,"column":25},"end":{"line":128,"column":null}},"type":"binary-expr","locations":[{"start":{"line":128,"column":25},"end":{"line":128,"column":49}},{"start":{"line":128,"column":49},"end":{"line":128,"column":null}}]},"2":{"loc":{"start":{"line":129,"column":23},"end":{"line":129,"column":null}},"type":"binary-expr","locations":[{"start":{"line":129,"column":23},"end":{"line":129,"column":46}},{"start":{"line":129,"column":46},"end":{"line":129,"column":null}}]},"3":{"loc":{"start":{"line":130,"column":25},"end":{"line":130,"column":null}},"type":"binary-expr","locations":[{"start":{"line":130,"column":25},"end":{"line":130,"column":85}},{"start":{"line":130,"column":85},"end":{"line":130,"column":null}}]},"4":{"loc":{"start":{"line":131,"column":26},"end":{"line":131,"column":null}},"type":"binary-expr","locations":[{"start":{"line":131,"column":26},"end":{"line":131,"column":87}},{"start":{"line":131,"column":87},"end":{"line":131,"column":null}}]},"5":{"loc":{"start":{"line":132,"column":26},"end":{"line":132,"column":null}},"type":"binary-expr","locations":[{"start":{"line":132,"column":26},"end":{"line":132,"column":87}},{"start":{"line":132,"column":87},"end":{"line":132,"column":null}}]},"6":{"loc":{"start":{"line":133,"column":22},"end":{"line":136,"column":null}},"type":"binary-expr","locations":[{"start":{"line":133,"column":22},"end":{"line":136,"column":22}},{"start":{"line":136,"column":22},"end":{"line":136,"column":null}}]},"7":{"loc":{"start":{"line":158,"column":2},"end":{"line":170,"column":null}},"type":"if","locations":[{"start":{"line":158,"column":2},"end":{"line":170,"column":null}}]},"8":{"loc":{"start":{"line":184,"column":22},"end":{"line":184,"column":null}},"type":"cond-expr","locations":[{"start":{"line":184,"column":50},"end":{"line":184,"column":105}},{"start":{"line":184,"column":108},"end":{"line":184,"column":null}}]},"9":{"loc":{"start":{"line":191,"column":22},"end":{"line":191,"column":null}},"type":"cond-expr","locations":[{"start":{"line":191,"column":48},"end":{"line":191,"column":101}},{"start":{"line":191,"column":104},"end":{"line":191,"column":null}}]},"10":{"loc":{"start":{"line":204,"column":22},"end":{"line":204,"column":null}},"type":"cond-expr","locations":[{"start":{"line":204,"column":51},"end":{"line":204,"column":105}},{"start":{"line":204,"column":108},"end":{"line":204,"column":null}}]}},"s":{"0":0,"1":0,"2":0,"3":0,"4":0,"5":0,"6":0,"7":0,"8":0,"9":0,"10":0,"11":0,"12":0,"13":0,"14":0,"15":0,"16":0,"17":0,"18":0,"19":0,"20":0,"21":0,"22":0,"23":0,"24":0,"25":0,"26":0,"27":0,"28":0,"29":0,"30":0,"31":0},"f":{"0":0,"1":0,"2":0,"3":0,"4":0,"5":0,"6":0,"7":0,"8":0,"9":0,"10":0},"b":{"0":[0],"1":[0,0],"2":[0,0],"3":[0,0],"4":[0,0],"5":[0,0],"6":[0,0],"7":[0],"8":[0,0],"9":[0,0],"10":[0,0]}}
,"D:\\product_checker\\check-products\\taxonomy-app\\app\\api\\import\\approve\\route.ts": {"path":"D:\\product_checker\\check-products\\taxonomy-app\\app\\api\\import\\approve\\route.ts","statementMap":{"0":{"start":{"line":4,"column":22},"end":{"line":4,"column":27}},"1":{"start":{"line":2,"column":32},"end":{"line":2,"column":null}},"2":{"start":{"line":5,"column":2},"end":{"line":126,"column":null}},"3":{"start":{"line":6,"column":28},"end":{"line":6,"column":null}},"4":{"start":{"line":8,"column":4},"end":{"line":13,"column":null}},"5":{"start":{"line":9,"column":6},"end":{"line":11,"column":null}},"6":{"start":{"line":15,"column":20},"end":{"line":19,"column":null}},"7":{"start":{"line":22,"column":24},"end":{"line":30,"column":null}},"8":{"start":{"line":32,"column":4},"end":{"line":97,"column":null}},"9":{"start":{"line":33,"column":6},"end":{"line":96,"column":null}},"10":{"start":{"line":35,"column":24},"end":{"line":50,"column":null}},"11":{"start":{"line":53,"column":8},"end":{"line":66,"column":null}},"12":{"start":{"line":54,"column":10},"end":{"line":65,"column":null}},"13":{"start":{"line":69,"column":8},"end":{"line":89,"column":null}},"14":{"start":{"line":70,"column":10},"end":{"line":88,"column":null}},"15":{"start":{"line":71,"column":12},"end":{"line":87,"column":null}},"16":{"start":{"line":72,"column":14},"end":{"line":79,"column":null}},"17":{"start":{"line":73,"column":16},"end":{"line":78,"column":null}},"18":{"start":{"line":81,"column":14},"end":{"line":86,"column":null}},"19":{"start":{"line":91,"column":8},"end":{"line":91,"column":null}},"20":{"start":{"line":93,"column":8},"end":{"line":93,"column":null}},"21":{"start":{"line":94,"column":8},"end":{"line":94,"column":null}},"22":{"start":{"line":95,"column":8},"end":{"line":95,"column":null}},"23":{"start":{"line":100,"column":4},"end":{"line":107,"column":null}},"24":{"start":{"line":109,"column":4},"end":{"line":118,"column":null}},"25":{"start":{"line":121,"column":4},"end":{"line":121,"column":null}},"26":{"start":{"line":122,"column":4},"end":{"line":124,"column":null}}},"fnMap":{"0":{"name":"POST","decl":{"start":{"line":4,"column":22},"end":{"line":4,"column":27}},"loc":{"start":{"line":4,"column":47},"end":{"line":127,"column":null}}}},"branchMap":{"0":{"loc":{"start":{"line":8,"column":4},"end":{"line":13,"column":null}},"type":"if","locations":[{"start":{"line":8,"column":4},"end":{"line":13,"column":null}}]},"1":{"loc":{"start":{"line":8,"column":8},"end":{"line":8,"column":53}},"type":"binary-expr","locations":[{"start":{"line":8,"column":8},"end":{"line":8,"column":24}},{"start":{"line":8,"column":24},"end":{"line":8,"column":53}}]},"2":{"loc":{"start":{"line":38,"column":23},"end":{"line":38,"column":null}},"type":"binary-expr","locations":[{"start":{"line":38,"column":23},"end":{"line":38,"column":55}},{"start":{"line":38,"column":59},"end":{"line":38,"column":null}}]},"3":{"loc":{"start":{"line":53,"column":8},"end":{"line":66,"column":null}},"type":"if","locations":[{"start":{"line":53,"column":8},"end":{"line":66,"column":null}}]},"4":{"loc":{"start":{"line":69,"column":8},"end":{"line":89,"column":null}},"type":"if","locations":[{"start":{"line":69,"column":8},"end":{"line":89,"column":null}}]},"5":{"loc":{"start":{"line":71,"column":12},"end":{"line":87,"column":null}},"type":"if","locations":[{"start":{"line":71,"column":12},"end":{"line":87,"column":null}},{"start":{"line":80,"column":19},"end":{"line":87,"column":null}}]},"6":{"loc":{"start":{"line":85,"column":32},"end":{"line":85,"column":null}},"type":"cond-expr","locations":[{"start":{"line":85,"column":60},"end":{"line":85,"column":71}},{"start":{"line":85,"column":71},"end":{"line":85,"column":null}}]},"7":{"loc":{"start":{"line":95,"column":54},"end":{"line":95,"column":111}},"type":"cond-expr","locations":[{"start":{"line":95,"column":79},"end":{"line":95,"column":92}},{"start":{"line":95,"column":95},"end":{"line":95,"column":111}}]},"8":{"loc":{"start":{"line":104,"column":14},"end":{"line":104,"column":null}},"type":"cond-expr","locations":[{"start":{"line":104,"column":37},"end":{"line":104,"column":51}},{"start":{"line":104,"column":51},"end":{"line":104,"column":null}}]},"9":{"loc":{"start":{"line":105,"column":21},"end":{"line":105,"column":null}},"type":"cond-expr","locations":[{"start":{"line":105,"column":49},"end":{"line":105,"column":78}},{"start":{"line":105,"column":78},"end":{"line":105,"column":null}}]}},"s":{"0":0,"1":0,"2":0,"3":0,"4":0,"5":0,"6":0,"7":0,"8":0,"9":0,"10":0,"11":0,"12":0,"13":0,"14":0,"15":0,"16":0,"17":0,"18":0,"19":0,"20":0,"21":0,"22":0,"23":0,"24":0,"25":0,"26":0},"f":{"0":0},"b":{"0":[0],"1":[0,0],"2":[0,0],"3":[0],"4":[0],"5":[0,0],"6":[0,0],"7":[0,0],"8":[0,0],"9":[0,0]}}
,"D:\\product_checker\\check-products\\taxonomy-app\\app\\api\\import\\process\\route.ts": {"path":"D:\\product_checker\\check-products\\taxonomy-app\\app\\api\\import\\process\\route.ts","statementMap":{"0":{"start":{"line":162,"column":22},"end":{"line":162,"column":27}},"1":{"start":{"line":2,"column":32},"end":{"line":2,"column":null}},"2":{"start":{"line":7,"column":4},"end":{"line":11,"column":null}},"3":{"start":{"line":16,"column":19},"end":{"line":19,"column":42}},"4":{"start":{"line":18,"column":23},"end":{"line":18,"column":null}},"5":{"start":{"line":19,"column":23},"end":{"line":19,"column":42}},"6":{"start":{"line":25,"column":25},"end":{"line":34,"column":null}},"7":{"start":{"line":36,"column":28},"end":{"line":36,"column":30}},"8":{"start":{"line":37,"column":4},"end":{"line":42,"column":null}},"9":{"start":{"line":38,"column":22},"end":{"line":38,"column":null}},"10":{"start":{"line":39,"column":6},"end":{"line":41,"column":null}},"11":{"start":{"line":40,"column":8},"end":{"line":40,"column":null}},"12":{"start":{"line":44,"column":4},"end":{"line":44,"column":null}},"13":{"start":{"line":48,"column":44},"end":{"line":48,"column":null}},"14":{"start":{"line":51,"column":19},"end":{"line":51,"column":null}},"15":{"start":{"line":52,"column":24},"end":{"line":52,"column":null}},"16":{"start":{"line":52,"column":47},"end":{"line":52,"column":null}},"17":{"start":{"line":53,"column":4},"end":{"line":55,"column":null}},"18":{"start":{"line":54,"column":6},"end":{"line":54,"column":null}},"19":{"start":{"line":58,"column":18},"end":{"line":58,"column":null}},"20":{"start":{"line":59,"column":23},"end":{"line":59,"column":null}},"21":{"start":{"line":59,"column":44},"end":{"line":59,"column":null}},"22":{"start":{"line":60,"column":4},"end":{"line":62,"column":null}},"23":{"start":{"line":61,"column":6},"end":{"line":61,"column":null}},"24":{"start":{"line":65,"column":19},"end":{"line":65,"column":null}},"25":{"start":{"line":66,"column":24},"end":{"line":66,"column":null}},"26":{"start":{"line":66,"column":47},"end":{"line":66,"column":null}},"27":{"start":{"line":67,"column":4},"end":{"line":69,"column":null}},"28":{"start":{"line":68,"column":6},"end":{"line":68,"column":null}},"29":{"start":{"line":72,"column":22},"end":{"line":72,"column":null}},"30":{"start":{"line":73,"column":27},"end":{"line":73,"column":null}},"31":{"start":{"line":73,"column":56},"end":{"line":73,"column":null}},"32":{"start":{"line":74,"column":4},"end":{"line":76,"column":null}},"33":{"start":{"line":75,"column":6},"end":{"line":75,"column":null}},"34":{"start":{"line":78,"column":4},"end":{"line":78,"column":null}},"35":{"start":{"line":86,"column":2},"end":{"line":86,"column":null}},"36":{"start":{"line":86,"column":43},"end":{"line":86,"column":null}},"37":{"start":{"line":100,"column":2},"end":{"line":159,"column":null}},"38":{"start":{"line":102,"column":23},"end":{"line":102,"column":null}},"39":{"start":{"line":104,"column":20},"end":{"line":109,"column":null}},"40":{"start":{"line":112,"column":4},"end":{"line":148,"column":null}},"41":{"start":{"line":113,"column":6},"end":{"line":113,"column":null}},"42":{"start":{"line":113,"column":64},"end":{"line":113,"column":null}},"43":{"start":{"line":115,"column":23},"end":{"line":115,"column":null}},"44":{"start":{"line":116,"column":40},"end":{"line":116,"column":42}},"45":{"start":{"line":119,"column":6},"end":{"line":126,"column":null}},"46":{"start":{"line":120,"column":8},"end":{"line":125,"column":null}},"47":{"start":{"line":121,"column":10},"end":{"line":124,"column":null}},"48":{"start":{"line":122,"column":12},"end":{"line":122,"column":null}},"49":{"start":{"line":123,"column":12},"end":{"line":123,"column":null}},"50":{"start":{"line":129,"column":6},"end":{"line":135,"column":null}},"51":{"start":{"line":130,"column":8},"end":{"line":134,"column":null}},"52":{"start":{"line":131,"column":10},"end":{"line":133,"column":null}},"53":{"start":{"line":131,"column":42},"end":{"line":131,"column":90}},"54":{"start":{"line":132,"column":12},"end":{"line":132,"column":null}},"55":{"start":{"line":138,"column":25},"end":{"line":138,"column":null}},"56":{"start":{"line":140,"column":6},"end":{"line":147,"column":null}},"57":{"start":{"line":141,"column":8},"end":{"line":146,"column":null}},"58":{"start":{"line":150,"column":4},"end":{"line":150,"column":null}},"59":{"start":{"line":152,"column":4},"end":{"line":152,"column":null}},"60":{"start":{"line":153,"column":4},"end":{"line":158,"column":null}},"61":{"start":{"line":163,"column":2},"end":{"line":321,"column":null}},"62":{"start":{"line":164,"column":21},"end":{"line":164,"column":null}},"63":{"start":{"line":165,"column":17},"end":{"line":165,"column":null}},"64":{"start":{"line":167,"column":4},"end":{"line":169,"column":null}},"65":{"start":{"line":168,"column":6},"end":{"line":168,"column":null}},"66":{"start":{"line":172,"column":20},"end":{"line":172,"column":null}},"67":{"start":{"line":173,"column":19},"end":{"line":306,"column":null}},"68":{"start":{"line":175,"column":8},"end":{"line":304,"column":null}},"69":{"start":{"line":177,"column":10},"end":{"line":183,"column":null}},"70":{"start":{"line":185,"column":23},"end":{"line":185,"column":null}},"71":{"start":{"line":186,"column":24},"end":{"line":186,"column":null}},"72":{"start":{"line":186,"column":56},"end":{"line":186,"column":null}},"73":{"start":{"line":188,"column":10},"end":{"line":194,"column":null}},"74":{"start":{"line":197,"column":10},"end":{"line":282,"column":null}},"75":{"start":{"line":197,"column":23},"end":{"line":197,"column":26}},"76":{"start":{"line":198,"column":25},"end":{"line":198,"column":null}},"77":{"start":{"line":199,"column":12},"end":{"line":199,"column":null}},"78":{"start":{"line":199,"column":23},"end":{"line":199,"column":null}},"79":{"start":{"line":201,"column":29},"end":{"line":201,"column":null}},"80":{"start":{"line":204,"column":12},"end":{"line":210,"column":null}},"81":{"start":{"line":212,"column":32},"end":{"line":212,"column":null}},"82":{"start":{"line":215,"column":12},"end":{"line":221,"column":null}},"83":{"start":{"line":223,"column":27},"end":{"line":223,"column":null}},"84":{"start":{"line":226,"column":12},"end":{"line":232,"column":null}},"85":{"start":{"line":234,"column":26},"end":{"line":234,"column":null}},"86":{"start":{"line":235,"column":31},"end":{"line":235,"column":null}},"87":{"start":{"line":238,"column":12},"end":{"line":244,"column":null}},"88":{"start":{"line":246,"column":30},"end":{"line":246,"column":null}},"89":{"start":{"line":249,"column":12},"end":{"line":255,"column":null}},"90":{"start":{"line":257,"column":31},"end":{"line":257,"column":null}},"91":{"start":{"line":260,"column":12},"end":{"line":278,"column":null}},"92":{"start":{"line":281,"column":12},"end":{"line":281,"column":null}},"93":{"start":{"line":281,"column":41},"end":{"line":281,"column":null}},"94":{"start":{"line":285,"column":24},"end":{"line":285,"column":null}},"95":{"start":{"line":286,"column":10},"end":{"line":294,"column":null}},"96":{"start":{"line":287,"column":12},"end":{"line":293,"column":null}},"97":{"start":{"line":296,"column":10},"end":{"line":296,"column":null}},"98":{"start":{"line":298,"column":10},"end":{"line":298,"column":null}},"99":{"start":{"line":299,"column":10},"end":{"line":302,"column":null}},"100":{"start":{"line":303,"column":10},"end":{"line":303,"column":null}},"101":{"start":{"line":308,"column":4},"end":{"line":313,"column":null}},"102":{"start":{"line":316,"column":4},"end":{"line":316,"column":null}},"103":{"start":{"line":317,"column":4},"end":{"line":319,"column":null}}},"fnMap":{"0":{"name":"(anonymous_2)","decl":{"start":{"line":6,"column":2},"end":{"line":6,"column":9}},"loc":{"start":{"line":6,"column":37},"end":{"line":12,"column":null}}},"1":{"name":"(anonymous_3)","decl":{"start":{"line":14,"column":2},"end":{"line":14,"column":9}},"loc":{"start":{"line":14,"column":42},"end":{"line":22,"column":null}}},"2":{"name":"(anonymous_4)","decl":{"start":{"line":18,"column":14},"end":{"line":18,"column":23}},"loc":{"start":{"line":18,"column":23},"end":{"line":18,"column":null}}},"3":{"name":"(anonymous_5)","decl":{"start":{"line":19,"column":14},"end":{"line":19,"column":23}},"loc":{"start":{"line":19,"column":23},"end":{"line":19,"column":42}}},"4":{"name":"(anonymous_6)","decl":{"start":{"line":24,"column":2},"end":{"line":24,"column":9}},"loc":{"start":{"line":24,"column":46},"end":{"line":45,"column":null}}},"5":{"name":"(anonymous_7)","decl":{"start":{"line":37,"column":25},"end":{"line":37,"column":null}},"loc":{"start":{"line":37,"column":25},"end":{"line":42,"column":null}}},"6":{"name":"(anonymous_8)","decl":{"start":{"line":47,"column":2},"end":{"line":47,"column":9}},"loc":{"start":{"line":47,"column":62},"end":{"line":79,"column":null}}},"7":{"name":"(anonymous_9)","decl":{"start":{"line":52,"column":38},"end":{"line":52,"column":47}},"loc":{"start":{"line":52,"column":47},"end":{"line":52,"column":null}}},"8":{"name":"(anonymous_10)","decl":{"start":{"line":59,"column":36},"end":{"line":59,"column":44}},"loc":{"start":{"line":59,"column":44},"end":{"line":59,"column":null}}},"9":{"name":"(anonymous_11)","decl":{"start":{"line":66,"column":38},"end":{"line":66,"column":47}},"loc":{"start":{"line":66,"column":47},"end":{"line":66,"column":null}}},"10":{"name":"(anonymous_12)","decl":{"start":{"line":73,"column":44},"end":{"line":73,"column":56}},"loc":{"start":{"line":73,"column":56},"end":{"line":73,"column":null}}},"11":{"name":"generateEmbedding","decl":{"start":{"line":83,"column":15},"end":{"line":83,"column":33}},"loc":{"start":{"line":83,"column":45},"end":{"line":87,"column":null}}},"12":{"name":"(anonymous_14)","decl":{"start":{"line":86,"column":37},"end":{"line":86,"column":43}},"loc":{"start":{"line":86,"column":43},"end":{"line":86,"column":null}}},"13":{"name":"suggestCategory","decl":{"start":{"line":90,"column":15},"end":{"line":90,"column":null}},"loc":{"start":{"line":93,"column":21},"end":{"line":160,"column":null}}},"14":{"name":"(anonymous_16)","decl":{"start":{"line":131,"column":37},"end":{"line":131,"column":42}},"loc":{"start":{"line":131,"column":42},"end":{"line":131,"column":90}}},"15":{"name":"POST","decl":{"start":{"line":162,"column":22},"end":{"line":162,"column":27}},"loc":{"start":{"line":162,"column":47},"end":{"line":322,"column":null}}},"16":{"name":"(anonymous_18)","decl":{"start":{"line":174,"column":6},"end":{"line":174,"column":12}},"loc":{"start":{"line":174,"column":28},"end":{"line":305,"column":null}}},"17":{"name":"(anonymous_19)","decl":{"start":{"line":186,"column":48},"end":{"line":186,"column":56}},"loc":{"start":{"line":186,"column":56},"end":{"line":186,"column":null}}},"18":{"name":"(anonymous_20)","decl":{"start":{"line":281,"column":30},"end":{"line":281,"column":41}},"loc":{"start":{"line":281,"column":41},"end":{"line":281,"column":null}}}},"branchMap":{"0":{"loc":{"start":{"line":39,"column":6},"end":{"line":41,"column":null}},"type":"if","locations":[{"start":{"line":39,"column":6},"end":{"line":41,"column":null}}]},"1":{"loc":{"start":{"line":53,"column":4},"end":{"line":55,"column":null}},"type":"if","locations":[{"start":{"line":53,"column":4},"end":{"line":55,"column":null}}]},"2":{"loc":{"start":{"line":60,"column":4},"end":{"line":62,"column":null}},"type":"if","locations":[{"start":{"line":60,"column":4},"end":{"line":62,"column":null}}]},"3":{"loc":{"start":{"line":67,"column":4},"end":{"line":69,"column":null}},"type":"if","locations":[{"start":{"line":67,"column":4},"end":{"line":69,"column":null}}]},"4":{"loc":{"start":{"line":74,"column":4},"end":{"line":76,"column":null}},"type":"if","locations":[{"start":{"line":74,"column":4},"end":{"line":76,"column":null}}]},"5":{"loc":{"start":{"line":113,"column":6},"end":{"line":113,"column":null}},"type":"if","locations":[{"start":{"line":113,"column":6},"end":{"line":113,"column":null}}]},"6":{"loc":{"start":{"line":113,"column":10},"end":{"line":113,"column":64}},"type":"binary-expr","locations":[{"start":{"line":113,"column":10},"end":{"line":113,"column":28}},{"start":{"line":113,"column":32},"end":{"line":113,"column":64}}]},"7":{"loc":{"start":{"line":121,"column":10},"end":{"line":124,"column":null}},"type":"if","locations":[{"start":{"line":121,"column":10},"end":{"line":124,"column":null}}]},"8":{"loc":{"start":{"line":121,"column":14},"end":{"line":121,"column":94}},"type":"binary-expr","locations":[{"start":{"line":121,"column":14},"end":{"line":121,"column":55}},{"start":{"line":121,"column":55},"end":{"line":121,"column":94}}]},"9":{"loc":{"start":{"line":129,"column":6},"end":{"line":135,"column":null}},"type":"if","locations":[{"start":{"line":129,"column":6},"end":{"line":135,"column":null}}]},"10":{"loc":{"start":{"line":131,"column":10},"end":{"line":133,"column":null}},"type":"if","locations":[{"start":{"line":131,"column":10},"end":{"line":133,"column":null}}]},"11":{"loc":{"start":{"line":140,"column":6},"end":{"line":147,"column":null}},"type":"if","locations":[{"start":{"line":140,"column":6},"end":{"line":147,"column":null}}]},"12":{"loc":{"start":{"line":167,"column":4},"end":{"line":169,"column":null}},"type":"if","locations":[{"start":{"line":167,"column":4},"end":{"line":169,"column":null}}]},"13":{"loc":{"start":{"line":199,"column":12},"end":{"line":199,"column":null}},"type":"if","locations":[{"start":{"line":199,"column":12},"end":{"line":199,"column":null}}]}},"s":{"0":0,"1":0,"2":0,"3":0,"4":0,"5":0,"6":0,"7":0,"8":0,"9":0,"10":0,"11":0,"12":0,"13":0,"14":0,"15":0,"16":0,"17":0,"18":0,"19":0,"20":0,"21":0,"22":0,"23":0,"24":0,"25":0,"26":0,"27":0,"28":0,"29":0,"30":0,"31":0,"32":0,"33":0,"34":0,"35":0,"36":0,"37":0,"38":0,"39":0,"40":0,"41":0,"42":0,"43":0,"44":0,"45":0,"46":0,"47":0,"48":0,"49":0,"50":0,"51":0,"52":0,"53":0,"54":0,"55":0,"56":0,"57":0,"58":0,"59":0,"60":0,"61":0,"62":0,"63":0,"64":0,"65":0,"66":0,"67":0,"68":0,"69":0,"70":0,"71":0,"72":0,"73":0,"74":0,"75":0,"76":0,"77":0,"78":0,"79":0,"80":0,"81":0,"82":0,"83":0,"84":0,"85":0,"86":0,"87":0,"88":0,"89":0,"90":0,"91":0,"92":0,"93":0,"94":0,"95":0,"96":0,"97":0,"98":0,"99":0,"100":0,"101":0,"102":0,"103":0},"f":{"0":0,"1":0,"2":0,"3":0,"4":0,"5":0,"6":0,"7":0,"8":0,"9":0,"10":0,"11":0,"12":0,"13":0,"14":0,"15":0,"16":0,"17":0,"18":0},"b":{"0":[0],"1":[0],"2":[0],"3":[0],"4":[0],"5":[0],"6":[0,0],"7":[0],"8":[0,0],"9":[0],"10":[0],"11":[0],"12":[0],"13":[0]}}
,"D:\\product_checker\\check-products\\taxonomy-app\\app\\api\\products\\route.ts": {"path":"D:\\product_checker\\check-products\\taxonomy-app\\app\\api\\products\\route.ts","statementMap":{"0":{"start":{"line":4,"column":22},"end":{"line":4,"column":25}},"1":{"start":{"line":21,"column":22},"end":{"line":21,"column":26}},"2":{"start":{"line":2,"column":32},"end":{"line":2,"column":null}},"3":{"start":{"line":5,"column":2},"end":{"line":18,"column":null}},"4":{"start":{"line":6,"column":29},"end":{"line":6,"column":null}},"5":{"start":{"line":7,"column":19},"end":{"line":7,"column":null}},"6":{"start":{"line":8,"column":18},"end":{"line":8,"column":null}},"7":{"start":{"line":10,"column":21},"end":{"line":10,"column":null}},"8":{"start":{"line":11,"column":4},"end":{"line":11,"column":null}},"9":{"start":{"line":13,"column":4},"end":{"line":13,"column":null}},"10":{"start":{"line":14,"column":4},"end":{"line":16,"column":null}},"11":{"start":{"line":22,"column":2},"end":{"line":73,"column":null}},"12":{"start":{"line":23,"column":17},"end":{"line":23,"column":null}},"13":{"start":{"line":34,"column":8},"end":{"line":34,"column":null}},"14":{"start":{"line":36,"column":4},"end":{"line":41,"column":null}},"15":{"start":{"line":37,"column":6},"end":{"line":39,"column":null}},"16":{"start":{"line":44,"column":20},"end":{"line":54,"column":null}},"17":{"start":{"line":57,"column":4},"end":{"line":64,"column":null}},"18":{"start":{"line":58,"column":6},"end":{"line":63,"column":null}},"19":{"start":{"line":59,"column":8},"end":{"line":62,"column":null}},"20":{"start":{"line":66,"column":4},"end":{"line":66,"column":null}},"21":{"start":{"line":68,"column":4},"end":{"line":68,"column":null}},"22":{"start":{"line":69,"column":4},"end":{"line":71,"column":null}}},"fnMap":{"0":{"name":"GET","decl":{"start":{"line":4,"column":22},"end":{"line":4,"column":25}},"loc":{"start":{"line":4,"column":46},"end":{"line":19,"column":null}}},"1":{"name":"POST","decl":{"start":{"line":21,"column":22},"end":{"line":21,"column":26}},"loc":{"start":{"line":21,"column":47},"end":{"line":74,"column":null}}}},"branchMap":{"0":{"loc":{"start":{"line":8,"column":27},"end":{"line":8,"column":null}},"type":"binary-expr","locations":[{"start":{"line":8,"column":27},"end":{"line":8,"column":56}},{"start":{"line":8,"column":56},"end":{"line":8,"column":null}}]},"1":{"loc":{"start":{"line":36,"column":4},"end":{"line":41,"column":null}},"type":"if","locations":[{"start":{"line":36,"column":4},"end":{"line":41,"column":null}}]},"2":{"loc":{"start":{"line":57,"column":4},"end":{"line":64,"column":null}},"type":"if","locations":[{"start":{"line":57,"column":4},"end":{"line":64,"column":null}}]},"3":{"loc":{"start":{"line":57,"column":8},"end":{"line":57,"column":45}},"type":"binary-expr","locations":[{"start":{"line":57,"column":8},"end":{"line":57,"column":22}},{"start":{"line":57,"column":22},"end":{"line":57,"column":45}}]}},"s":{"0":0,"1":0,"2":0,"3":0,"4":0,"5":0,"6":0,"7":0,"8":0,"9":0,"10":0,"11":0,"12":0,"13":0,"14":0,"15":0,"16":0,"17":0,"18":0,"19":0,"20":0,"21":0,"22":0},"f":{"0":0,"1":0},"b":{"0":[0,0],"1":[0],"2":[0],"3":[0,0]}}
,"D:\\product_checker\\check-products\\taxonomy-app\\app\\api\\products\\[id]\\review\\route.ts": {"path":"D:\\product_checker\\check-products\\taxonomy-app\\app\\api\\products\\[id]\\review\\route.ts","statementMap":{"0":{"start":{"line":4,"column":22},"end":{"line":4,"column":null}},"1":{"start":{"line":2,"column":32},"end":{"line":2,"column":null}},"2":{"start":{"line":8,"column":2},"end":{"line":38,"column":null}},"3":{"start":{"line":9,"column":17},"end":{"line":9,"column":null}},"4":{"start":{"line":10,"column":19},"end":{"line":10,"column":null}},"5":{"start":{"line":11,"column":46},"end":{"line":11,"column":null}},"6":{"start":{"line":13,"column":4},"end":{"line":18,"column":null}},"7":{"start":{"line":14,"column":6},"end":{"line":16,"column":null}},"8":{"start":{"line":21,"column":20},"end":{"line":21,"column":null}},"9":{"start":{"line":24,"column":4},"end":{"line":29,"column":null}},"10":{"start":{"line":31,"column":4},"end":{"line":31,"column":null}},"11":{"start":{"line":33,"column":4},"end":{"line":33,"column":null}},"12":{"start":{"line":34,"column":4},"end":{"line":36,"column":null}}},"fnMap":{"0":{"name":"POST","decl":{"start":{"line":4,"column":22},"end":{"line":4,"column":null}},"loc":{"start":{"line":6,"column":40},"end":{"line":39,"column":null}}}},"branchMap":{"0":{"loc":{"start":{"line":13,"column":4},"end":{"line":18,"column":null}},"type":"if","locations":[{"start":{"line":13,"column":4},"end":{"line":18,"column":null}}]},"1":{"loc":{"start":{"line":13,"column":8},"end":{"line":13,"column":63}},"type":"binary-expr","locations":[{"start":{"line":13,"column":8},"end":{"line":13,"column":19}},{"start":{"line":13,"column":19},"end":{"line":13,"column":63}}]}},"s":{"0":0,"1":0,"2":0,"3":0,"4":0,"5":0,"6":0,"7":0,"8":0,"9":0,"10":0,"11":0,"12":0},"f":{"0":0},"b":{"0":[0],"1":[0,0]}}
,"D:\\product_checker\\check-products\\taxonomy-app\\app\\api\\similarity\\[id]\\route.ts": {"path":"D:\\product_checker\\check-products\\taxonomy-app\\app\\api\\similarity\\[id]\\route.ts","statementMap":{"0":{"start":{"line":4,"column":22},"end":{"line":4,"column":25}},"1":{"start":{"line":21,"column":22},"end":{"line":21,"column":26}},"2":{"start":{"line":2,"column":32},"end":{"line":2,"column":null}},"3":{"start":{"line":8,"column":2},"end":{"line":18,"column":null}},"4":{"start":{"line":9,"column":19},"end":{"line":9,"column":null}},"5":{"start":{"line":10,"column":20},"end":{"line":10,"column":null}},"6":{"start":{"line":11,"column":4},"end":{"line":11,"column":null}},"7":{"start":{"line":13,"column":4},"end":{"line":13,"column":null}},"8":{"start":{"line":14,"column":4},"end":{"line":16,"column":null}},"9":{"start":{"line":25,"column":2},"end":{"line":51,"column":null}},"10":{"start":{"line":26,"column":17},"end":{"line":26,"column":null}},"11":{"start":{"line":27,"column":19},"end":{"line":27,"column":null}},"12":{"start":{"line":28,"column":64},"end":{"line":28,"column":null}},"13":{"start":{"line":30,"column":4},"end":{"line":35,"column":null}},"14":{"start":{"line":31,"column":6},"end":{"line":33,"column":null}},"15":{"start":{"line":37,"column":18},"end":{"line":42,"column":null}},"16":{"start":{"line":44,"column":4},"end":{"line":44,"column":null}},"17":{"start":{"line":46,"column":4},"end":{"line":46,"column":null}},"18":{"start":{"line":47,"column":4},"end":{"line":49,"column":null}}},"fnMap":{"0":{"name":"GET","decl":{"start":{"line":4,"column":22},"end":{"line":4,"column":25}},"loc":{"start":{"line":6,"column":40},"end":{"line":19,"column":null}}},"1":{"name":"POST","decl":{"start":{"line":21,"column":22},"end":{"line":21,"column":26}},"loc":{"start":{"line":23,"column":40},"end":{"line":52,"column":null}}}},"branchMap":{"0":{"loc":{"start":{"line":30,"column":4},"end":{"line":35,"column":null}},"type":"if","locations":[{"start":{"line":30,"column":4},"end":{"line":35,"column":null}}]},"1":{"loc":{"start":{"line":30,"column":8},"end":{"line":30,"column":49}},"type":"binary-expr","locations":[{"start":{"line":30,"column":8},"end":{"line":30,"column":30}},{"start":{"line":30,"column":30},"end":{"line":30,"column":49}}]},"2":{"loc":{"start":{"line":41,"column":18},"end":{"line":41,"column":null}},"type":"binary-expr","locations":[{"start":{"line":41,"column":18},"end":{"line":41,"column":32}},{"start":{"line":41,"column":32},"end":{"line":41,"column":null}}]}},"s":{"0":0,"1":0,"2":0,"3":0,"4":0,"5":0,"6":0,"7":0,"8":0,"9":0,"10":0,"11":0,"12":0,"13":0,"14":0,"15":0,"16":0,"17":0,"18":0},"f":{"0":0,"1":0},"b":{"0":[0],"1":[0,0],"2":[0,0]}}
,"D:\\product_checker\\check-products\\taxonomy-app\\app\\api\\synonyms\\route.ts": {"path":"D:\\product_checker\\check-products\\taxonomy-app\\app\\api\\synonyms\\route.ts","statementMap":{"0":{"start":{"line":4,"column":22},"end":{"line":4,"column":25}},"1":{"start":{"line":20,"column":22},"end":{"line":20,"column":26}},"2":{"start":{"line":2,"column":32},"end":{"line":2,"column":null}},"3":{"start":{"line":5,"column":2},"end":{"line":17,"column":null}},"4":{"start":{"line":6,"column":29},"end":{"line":6,"column":null}},"5":{"start":{"line":7,"column":23},"end":{"line":7,"column":null}},"6":{"start":{"line":9,"column":21},"end":{"line":9,"column":null}},"7":{"start":{"line":10,"column":4},"end":{"line":10,"column":null}},"8":{"start":{"line":12,"column":4},"end":{"line":12,"column":null}},"9":{"start":{"line":13,"column":4},"end":{"line":15,"column":null}},"10":{"start":{"line":21,"column":2},"end":{"line":46,"column":null}},"11":{"start":{"line":22,"column":17},"end":{"line":22,"column":null}},"12":{"start":{"line":23,"column":54},"end":{"line":23,"column":null}},"13":{"start":{"line":25,"column":4},"end":{"line":30,"column":null}},"14":{"start":{"line":26,"column":6},"end":{"line":28,"column":null}},"15":{"start":{"line":32,"column":20},"end":{"line":37,"column":null}},"16":{"start":{"line":39,"column":4},"end":{"line":39,"column":null}},"17":{"start":{"line":41,"column":4},"end":{"line":41,"column":null}},"18":{"start":{"line":42,"column":4},"end":{"line":44,"column":null}}},"fnMap":{"0":{"name":"GET","decl":{"start":{"line":4,"column":22},"end":{"line":4,"column":25}},"loc":{"start":{"line":4,"column":46},"end":{"line":18,"column":null}}},"1":{"name":"POST","decl":{"start":{"line":20,"column":22},"end":{"line":20,"column":26}},"loc":{"start":{"line":20,"column":47},"end":{"line":47,"column":null}}}},"branchMap":{"0":{"loc":{"start":{"line":9,"column":55},"end":{"line":9,"column":null}},"type":"binary-expr","locations":[{"start":{"line":9,"column":55},"end":{"line":9,"column":69}},{"start":{"line":9,"column":69},"end":{"line":9,"column":null}}]},"1":{"loc":{"start":{"line":25,"column":4},"end":{"line":30,"column":null}},"type":"if","locations":[{"start":{"line":25,"column":4},"end":{"line":30,"column":null}}]},"2":{"loc":{"start":{"line":25,"column":8},"end":{"line":25,"column":72}},"type":"binary-expr","locations":[{"start":{"line":25,"column":8},"end":{"line":25,"column":17}},{"start":{"line":25,"column":17},"end":{"line":25,"column":27}},{"start":{"line":25,"column":27},"end":{"line":25,"column":52}},{"start":{"line":25,"column":52},"end":{"line":25,"column":72}}]}},"s":{"0":0,"1":0,"2":0,"3":0,"4":0,"5":0,"6":0,"7":0,"8":0,"9":0,"10":0,"11":0,"12":0,"13":0,"14":0,"15":0,"16":0,"17":0,"18":0},"f":{"0":0,"1":0},"b":{"0":[0,0],"1":[0],"2":[0,0,0,0]}}
,"D:\\product_checker\\check-products\\taxonomy-app\\app\\api\\synonyms\\[id]\\route.ts": {"path":"D:\\product_checker\\check-products\\taxonomy-app\\app\\api\\synonyms\\[id]\\route.ts","statementMap":{"0":{"start":{"line":23,"column":22},"end":{"line":23,"column":28}},"1":{"start":{"line":4,"column":22},"end":{"line":4,"column":25}},"2":{"start":{"line":2,"column":32},"end":{"line":2,"column":null}},"3":{"start":{"line":8,"column":2},"end":{"line":20,"column":null}},"4":{"start":{"line":9,"column":17},"end":{"line":9,"column":null}},"5":{"start":{"line":10,"column":19},"end":{"line":10,"column":null}},"6":{"start":{"line":12,"column":20},"end":{"line":12,"column":null}},"7":{"start":{"line":13,"column":4},"end":{"line":13,"column":null}},"8":{"start":{"line":15,"column":4},"end":{"line":15,"column":null}},"9":{"start":{"line":16,"column":4},"end":{"line":18,"column":null}},"10":{"start":{"line":27,"column":2},"end":{"line":37,"column":null}},"11":{"start":{"line":28,"column":19},"end":{"line":28,"column":null}},"12":{"start":{"line":29,"column":4},"end":{"line":29,"column":null}},"13":{"start":{"line":30,"column":4},"end":{"line":30,"column":null}},"14":{"start":{"line":32,"column":4},"end":{"line":32,"column":null}},"15":{"start":{"line":33,"column":4},"end":{"line":35,"column":null}}},"fnMap":{"0":{"name":"PUT","decl":{"start":{"line":4,"column":22},"end":{"line":4,"column":25}},"loc":{"start":{"line":6,"column":40},"end":{"line":21,"column":null}}},"1":{"name":"DELETE","decl":{"start":{"line":23,"column":22},"end":{"line":23,"column":28}},"loc":{"start":{"line":25,"column":40},"end":{"line":38,"column":null}}}},"branchMap":{},"s":{"0":0,"1":0,"2":0,"3":0,"4":0,"5":0,"6":0,"7":0,"8":0,"9":0,"10":0,"11":0,"12":0,"13":0,"14":0,"15":0},"f":{"0":0,"1":0},"b":{}}
,"D:\\product_checker\\check-products\\taxonomy-app\\app\\api\\taxonomy\\route.ts": {"path":"D:\\product_checker\\check-products\\taxonomy-app\\app\\api\\taxonomy\\route.ts","statementMap":{"0":{"start":{"line":73,"column":22},"end":{"line":73,"column":25}},"1":{"start":{"line":149,"column":22},"end":{"line":149,"column":26}},"2":{"start":{"line":2,"column":18},"end":{"line":2,"column":null}},"3":{"start":{"line":3,"column":32},"end":{"line":3,"column":null}},"4":{"start":{"line":4,"column":26},"end":{"line":4,"column":null}},"5":{"start":{"line":5,"column":34},"end":{"line":5,"column":null}},"6":{"start":{"line":6,"column":32},"end":{"line":6,"column":null}},"7":{"start":{"line":34,"column":29},"end":{"line":53,"column":null}},"8":{"start":{"line":55,"column":26},"end":{"line":61,"column":null}},"9":{"start":{"line":64,"column":16},"end":{"line":67,"column":null}},"10":{"start":{"line":74,"column":2},"end":{"line":142,"column":null}},"11":{"start":{"line":76,"column":4},"end":{"line":83,"column":null}},"12":{"start":{"line":79,"column":6},"end":{"line":81,"column":null}},"13":{"start":{"line":86,"column":29},"end":{"line":86,"column":null}},"14":{"start":{"line":87,"column":24},"end":{"line":87,"column":null}},"15":{"start":{"line":89,"column":23},"end":{"line":89,"column":null}},"16":{"start":{"line":90,"column":4},"end":{"line":103,"column":null}},"17":{"start":{"line":91,"column":6},"end":{"line":94,"column":null}},"18":{"start":{"line":95,"column":6},"end":{"line":101,"column":null}},"19":{"start":{"line":105,"column":66},"end":{"line":105,"column":81}},"20":{"start":{"line":107,"column":4},"end":{"line":107,"column":null}},"21":{"start":{"line":112,"column":4},"end":{"line":128,"column":null}},"22":{"start":{"line":114,"column":6},"end":{"line":120,"column":null}},"23":{"start":{"line":123,"column":6},"end":{"line":127,"column":null}},"24":{"start":{"line":130,"column":4},"end":{"line":130,"column":null}},"25":{"start":{"line":132,"column":4},"end":{"line":140,"column":null}},"26":{"start":{"line":150,"column":2},"end":{"line":216,"column":null}},"27":{"start":{"line":152,"column":4},"end":{"line":159,"column":null}},"28":{"start":{"line":155,"column":6},"end":{"line":157,"column":null}},"29":{"start":{"line":162,"column":17},"end":{"line":162,"column":null}},"30":{"start":{"line":163,"column":4},"end":{"line":165,"column":null}},"31":{"start":{"line":164,"column":6},"end":{"line":164,"column":null}},"32":{"start":{"line":167,"column":77},"end":{"line":167,"column":null}},"33":{"start":{"line":169,"column":4},"end":{"line":169,"column":null}},"34":{"start":{"line":172,"column":16},"end":{"line":172,"column":null}},"35":{"start":{"line":173,"column":15},"end":{"line":173,"column":null}},"36":{"start":{"line":175,"column":4},"end":{"line":186,"column":null}},"37":{"start":{"line":176,"column":21},"end":{"line":176,"column":null}},"38":{"start":{"line":177,"column":6},"end":{"line":183,"column":null}},"39":{"start":{"line":178,"column":8},"end":{"line":178,"column":null}},"40":{"start":{"line":179,"column":8},"end":{"line":181,"column":null}},"41":{"start":{"line":184,"column":6},"end":{"line":184,"column":null}},"42":{"start":{"line":185,"column":6},"end":{"line":185,"column":null}},"43":{"start":{"line":189,"column":23},"end":{"line":189,"column":null}},"44":{"start":{"line":192,"column":21},"end":{"line":203,"column":null}},"45":{"start":{"line":205,"column":4},"end":{"line":208,"column":null}},"46":{"start":{"line":210,"column":4},"end":{"line":214,"column":null}}},"fnMap":{"0":{"name":"GET","decl":{"start":{"line":73,"column":22},"end":{"line":73,"column":25}},"loc":{"start":{"line":73,"column":46},"end":{"line":143,"column":null}}},"1":{"name":"(anonymous_5)","decl":{"start":{"line":74,"column":27},"end":{"line":74,"column":null}},"loc":{"start":{"line":74,"column":27},"end":{"line":142,"column":5}}},"2":{"name":"POST","decl":{"start":{"line":149,"column":22},"end":{"line":149,"column":26}},"loc":{"start":{"line":149,"column":47},"end":{"line":217,"column":null}}},"3":{"name":"(anonymous_7)","decl":{"start":{"line":150,"column":27},"end":{"line":150,"column":null}},"loc":{"start":{"line":150,"column":27},"end":{"line":216,"column":5}}}},"branchMap":{"0":{"loc":{"start":{"line":90,"column":4},"end":{"line":103,"column":null}},"type":"if","locations":[{"start":{"line":90,"column":4},"end":{"line":103,"column":null}}]},"1":{"loc":{"start":{"line":112,"column":4},"end":{"line":128,"column":null}},"type":"if","locations":[{"start":{"line":112,"column":4},"end":{"line":128,"column":null}},{"start":{"line":121,"column":11},"end":{"line":128,"column":null}}]},"2":{"loc":{"start":{"line":112,"column":8},"end":{"line":112,"column":42}},"type":"binary-expr","locations":[{"start":{"line":112,"column":8},"end":{"line":112,"column":21}},{"start":{"line":112,"column":21},"end":{"line":112,"column":42}}]},"3":{"loc":{"start":{"line":163,"column":4},"end":{"line":165,"column":null}},"type":"if","locations":[{"start":{"line":163,"column":4},"end":{"line":165,"column":null}}]},"4":{"loc":{"start":{"line":175,"column":4},"end":{"line":186,"column":null}},"type":"if","locations":[{"start":{"line":175,"column":4},"end":{"line":186,"column":null}}]},"5":{"loc":{"start":{"line":177,"column":6},"end":{"line":183,"column":null}},"type":"if","locations":[{"start":{"line":177,"column":6},"end":{"line":183,"column":null}}]},"6":{"loc":{"start":{"line":200,"column":16},"end":{"line":200,"column":30}},"type":"binary-expr","locations":[{"start":{"line":200,"column":16},"end":{"line":200,"column":28}},{"start":{"line":200,"column":28},"end":{"line":200,"column":30}}]},"7":{"loc":{"start":{"line":201,"column":16},"end":{"line":201,"column":null}},"type":"binary-expr","locations":[{"start":{"line":201,"column":16},"end":{"line":201,"column":28}},{"start":{"line":201,"column":28},"end":{"line":201,"column":null}}]}},"s":{"0":0,"1":0,"2":0,"3":0,"4":0,"5":0,"6":0,"7":0,"8":0,"9":0,"10":0,"11":0,"12":0,"13":0,"14":0,"15":0,"16":0,"17":0,"18":0,"19":0,"20":0,"21":0,"22":0,"23":0,"24":0,"25":0,"26":0,"27":0,"28":0,"29":0,"30":0,"31":0,"32":0,"33":0,"34":0,"35":0,"36":0,"37":0,"38":0,"39":0,"40":0,"41":0,"42":0,"43":0,"44":0,"45":0,"46":0},"f":{"0":0,"1":0,"2":0,"3":0},"b":{"0":[0],"1":[0,0],"2":[0,0],"3":[0],"4":[0],"5":[0],"6":[0,0],"7":[0,0]}}
,"D:\\product_checker\\check-products\\taxonomy-app\\app\\api\\taxonomy\\[id]\\route.ts": {"path":"D:\\product_checker\\check-products\\taxonomy-app\\app\\api\\taxonomy\\[id]\\route.ts","statementMap":{"0":{"start":{"line":23,"column":22},"end":{"line":23,"column":28}},"1":{"start":{"line":4,"column":22},"end":{"line":4,"column":25}},"2":{"start":{"line":2,"column":32},"end":{"line":2,"column":null}},"3":{"start":{"line":8,"column":2},"end":{"line":20,"column":null}},"4":{"start":{"line":9,"column":17},"end":{"line":9,"column":null}},"5":{"start":{"line":10,"column":19},"end":{"line":10,"column":null}},"6":{"start":{"line":12,"column":21},"end":{"line":12,"column":null}},"7":{"start":{"line":13,"column":4},"end":{"line":13,"column":null}},"8":{"start":{"line":15,"column":4},"end":{"line":15,"column":null}},"9":{"start":{"line":16,"column":4},"end":{"line":18,"column":null}},"10":{"start":{"line":27,"column":2},"end":{"line":37,"column":null}},"11":{"start":{"line":28,"column":19},"end":{"line":28,"column":null}},"12":{"start":{"line":29,"column":4},"end":{"line":29,"column":null}},"13":{"start":{"line":30,"column":4},"end":{"line":30,"column":null}},"14":{"start":{"line":32,"column":4},"end":{"line":32,"column":null}},"15":{"start":{"line":33,"column":4},"end":{"line":35,"column":null}}},"fnMap":{"0":{"name":"PUT","decl":{"start":{"line":4,"column":22},"end":{"line":4,"column":25}},"loc":{"start":{"line":6,"column":40},"end":{"line":21,"column":null}}},"1":{"name":"DELETE","decl":{"start":{"line":23,"column":22},"end":{"line":23,"column":28}},"loc":{"start":{"line":25,"column":40},"end":{"line":38,"column":null}}}},"branchMap":{},"s":{"0":0,"1":0,"2":0,"3":0,"4":0,"5":0,"6":0,"7":0,"8":0,"9":0,"10":0,"11":0,"12":0,"13":0,"14":0,"15":0},"f":{"0":0,"1":0},"b":{}}
,"D:\\product_checker\\check-products\\taxonomy-app\\app\\deduplication\\page.tsx": {"path":"D:\\product_checker\\check-products\\taxonomy-app\\app\\deduplication\\page.tsx","statementMap":{"0":{"start":{"line":36,"column":24},"end":{"line":36,"column":null}},"1":{"start":{"line":3,"column":38},"end":{"line":3,"column":null}},"2":{"start":{"line":4,"column":95},"end":{"line":4,"column":null}},"3":{"start":{"line":5,"column":25},"end":{"line":5,"column":null}},"4":{"start":{"line":37,"column":32},"end":{"line":37,"column":null}},"5":{"start":{"line":38,"column":32},"end":{"line":38,"column":null}},"6":{"start":{"line":39,"column":32},"end":{"line":39,"column":null}},"7":{"start":{"line":40,"column":46},"end":{"line":40,"column":null}},"8":{"start":{"line":41,"column":32},"end":{"line":41,"column":null}},"9":{"start":{"line":42,"column":28},"end":{"line":42,"column":null}},"10":{"start":{"line":43,"column":42},"end":{"line":43,"column":null}},"11":{"start":{"line":44,"column":40},"end":{"line":44,"column":null}},"12":{"start":{"line":46,"column":40},"end":{"line":52,"column":null}},"13":{"start":{"line":54,"column":27},"end":{"line":60,"column":null}},"14":{"start":{"line":55,"column":4},"end":{"line":59,"column":null}},"15":{"start":{"line":56,"column":6},"end":{"line":56,"column":null}},"16":{"start":{"line":58,"column":6},"end":{"line":58,"column":null}},"17":{"start":{"line":62,"column":26},"end":{"line":113,"column":null}},"18":{"start":{"line":63,"column":4},"end":{"line":63,"column":null}},"19":{"start":{"line":63,"column":30},"end":{"line":63,"column":null}},"20":{"start":{"line":65,"column":4},"end":{"line":65,"column":null}},"21":{"start":{"line":66,"column":4},"end":{"line":66,"column":null}},"22":{"start":{"line":67,"column":4},"end":{"line":67,"column":null}},"23":{"start":{"line":68,"column":4},"end":{"line":112,"column":null}},"24":{"start":{"line":70,"column":34},"end":{"line":72,"column":null}},"25":{"start":{"line":74,"column":34},"end":{"line":76,"column":null}},"26":{"start":{"line":79,"column":23},"end":{"line":87,"column":null}},"27":{"start":{"line":89,"column":19},"end":{"line":89,"column":null}},"28":{"start":{"line":90,"column":6},"end":{"line":90,"column":null}},"29":{"start":{"line":93,"column":6},"end":{"line":100,"column":null}},"30":{"start":{"line":94,"column":47},"end":{"line":98,"column":null}},"31":{"start":{"line":94,"column":108},"end":{"line":98,"column":null}},"32":{"start":{"line":99,"column":8},"end":{"line":99,"column":null}},"33":{"start":{"line":102,"column":6},"end":{"line":106,"column":null}},"34":{"start":{"line":108,"column":6},"end":{"line":108,"column":null}},"35":{"start":{"line":109,"column":6},"end":{"line":109,"column":null}},"36":{"start":{"line":111,"column":6},"end":{"line":111,"column":null}},"37":{"start":{"line":115,"column":29},"end":{"line":169,"column":null}},"38":{"start":{"line":116,"column":4},"end":{"line":116,"column":null}},"39":{"start":{"line":117,"column":4},"end":{"line":117,"column":null}},"40":{"start":{"line":119,"column":4},"end":{"line":168,"column":null}},"41":{"start":{"line":121,"column":33},"end":{"line":123,"column":null}},"42":{"start":{"line":122,"column":21},"end":{"line":122,"column":null}},"43":{"start":{"line":123,"column":19},"end":{"line":123,"column":null}},"44":{"start":{"line":125,"column":32},"end":{"line":125,"column":null}},"45":{"start":{"line":128,"column":54},"end":{"line":128,"column":56}},"46":{"start":{"line":130,"column":6},"end":{"line":160,"column":null}},"47":{"start":{"line":131,"column":8},"end":{"line":159,"column":null}},"48":{"start":{"line":132,"column":27},"end":{"line":139,"column":null}},"49":{"start":{"line":141,"column":23},"end":{"line":141,"column":null}},"50":{"start":{"line":142,"column":29},"end":{"line":142,"column":50}},"51":{"start":{"line":144,"column":10},"end":{"line":150,"column":null}},"52":{"start":{"line":152,"column":10},"end":{"line":152,"column":null}},"53":{"start":{"line":153,"column":10},"end":{"line":158,"column":null}},"54":{"start":{"line":162,"column":6},"end":{"line":162,"column":null}},"55":{"start":{"line":165,"column":6},"end":{"line":165,"column":null}},"56":{"start":{"line":167,"column":6},"end":{"line":167,"column":null}},"57":{"start":{"line":171,"column":22},"end":{"line":207,"column":null}},"58":{"start":{"line":172,"column":26},"end":{"line":172,"column":null}},"59":{"start":{"line":172,"column":53},"end":{"line":172,"column":null}},"60":{"start":{"line":174,"column":4},"end":{"line":177,"column":null}},"61":{"start":{"line":175,"column":6},"end":{"line":175,"column":null}},"62":{"start":{"line":176,"column":6},"end":{"line":176,"column":null}},"63":{"start":{"line":180,"column":20},"end":{"line":180,"column":null}},"64":{"start":{"line":181,"column":23},"end":{"line":190,"column":null}},"65":{"start":{"line":183,"column":38},"end":{"line":189,"column":null}},"66":{"start":{"line":193,"column":17},"end":{"line":193,"column":null}},"67":{"start":{"line":194,"column":17},"end":{"line":194,"column":null}},"68":{"start":{"line":195,"column":16},"end":{"line":195,"column":null}},"69":{"start":{"line":196,"column":4},"end":{"line":196,"column":null}},"70":{"start":{"line":197,"column":4},"end":{"line":197,"column":null}},"71":{"start":{"line":198,"column":4},"end":{"line":198,"column":null}},"72":{"start":{"line":199,"column":4},"end":{"line":199,"column":null}},"73":{"start":{"line":200,"column":4},"end":{"line":200,"column":null}},"74":{"start":{"line":201,"column":4},"end":{"line":201,"column":null}},"75":{"start":{"line":204,"column":4},"end":{"line":205,"column":null}},"76":{"start":{"line":204,"column":30},"end":{"line":205,"column":null}},"77":{"start":{"line":205,"column":6},"end":{"line":205,"column":null}},"78":{"start":{"line":209,"column":23},"end":{"line":237,"column":null}},"79":{"start":{"line":210,"column":26},"end":{"line":210,"column":47}},"80":{"start":{"line":211,"column":4},"end":{"line":211,"column":null}},"81":{"start":{"line":211,"column":24},"end":{"line":211,"column":null}},"82":{"start":{"line":213,"column":4},"end":{"line":236,"column":null}},"83":{"start":{"line":215,"column":6},"end":{"line":223,"column":null}},"84":{"start":{"line":226,"column":29},"end":{"line":226,"column":null}},"85":{"start":{"line":227,"column":6},"end":{"line":227,"column":null}},"86":{"start":{"line":228,"column":6},"end":{"line":228,"column":null}},"87":{"start":{"line":231,"column":6},"end":{"line":233,"column":null}},"88":{"start":{"line":232,"column":8},"end":{"line":232,"column":null}},"89":{"start":{"line":235,"column":6},"end":{"line":235,"column":null}},"90":{"start":{"line":239,"column":24},"end":{"line":239,"column":45}},"91":{"start":{"line":240,"column":19},"end":{"line":240,"column":null}},"92":{"start":{"line":257,"column":16},"end":{"line":257,"column":35}},"93":{"start":{"line":290,"column":31},"end":{"line":290,"column":null}},"94":{"start":{"line":309,"column":35},"end":{"line":309,"column":null}},"95":{"start":{"line":337,"column":35},"end":{"line":337,"column":null}},"96":{"start":{"line":382,"column":53},"end":{"line":382,"column":81}},"97":{"start":{"line":398,"column":48},"end":{"line":398,"column":71}},"98":{"start":{"line":404,"column":48},"end":{"line":404,"column":76}},"99":{"start":{"line":410,"column":48},"end":{"line":410,"column":70}},"100":{"start":{"line":416,"column":41},"end":{"line":416,"column":65}},"101":{"start":{"line":425,"column":38},"end":{"line":425,"column":90}},"102":{"start":{"line":428,"column":74},"end":{"line":428,"column":126}},"103":{"start":{"line":450,"column":35},"end":{"line":450,"column":null}},"104":{"start":{"line":452,"column":24},"end":{"line":452,"column":45}},"105":{"start":{"line":543,"column":37},"end":{"line":543,"column":null}},"106":{"start":{"line":550,"column":37},"end":{"line":550,"column":null}},"107":{"start":{"line":557,"column":37},"end":{"line":557,"column":null}}},"fnMap":{"0":{"name":"ProductDeduplication","decl":{"start":{"line":36,"column":24},"end":{"line":36,"column":null}},"loc":{"start":{"line":36,"column":24},"end":{"line":572,"column":null}}},"1":{"name":"(anonymous_2)","decl":{"start":{"line":54,"column":39},"end":{"line":54,"column":46}},"loc":{"start":{"line":54,"column":58},"end":{"line":60,"column":5}}},"2":{"name":"(anonymous_3)","decl":{"start":{"line":62,"column":38},"end":{"line":62,"column":null}},"loc":{"start":{"line":62,"column":38},"end":{"line":113,"column":5}}},"3":{"name":"(anonymous_4)","decl":{"start":{"line":94,"column":71},"end":{"line":94,"column":72}},"loc":{"start":{"line":94,"column":108},"end":{"line":98,"column":null}}},"4":{"name":"(anonymous_5)","decl":{"start":{"line":115,"column":41},"end":{"line":115,"column":null}},"loc":{"start":{"line":115,"column":41},"end":{"line":169,"column":5}}},"5":{"name":"(anonymous_6)","decl":{"start":{"line":122,"column":16},"end":{"line":122,"column":21}},"loc":{"start":{"line":122,"column":21},"end":{"line":122,"column":null}}},"6":{"name":"(anonymous_7)","decl":{"start":{"line":123,"column":13},"end":{"line":123,"column":19}},"loc":{"start":{"line":123,"column":19},"end":{"line":123,"column":null}}},"7":{"name":"(anonymous_8)","decl":{"start":{"line":171,"column":34},"end":{"line":171,"column":null}},"loc":{"start":{"line":171,"column":34},"end":{"line":207,"column":5}}},"8":{"name":"(anonymous_9)","decl":{"start":{"line":172,"column":48},"end":{"line":172,"column":53}},"loc":{"start":{"line":172,"column":53},"end":{"line":172,"column":null}}},"9":{"name":"(anonymous_10)","decl":{"start":{"line":183,"column":27},"end":{"line":183,"column":38}},"loc":{"start":{"line":183,"column":38},"end":{"line":189,"column":null}}},"10":{"name":"(anonymous_11)","decl":{"start":{"line":204,"column":22},"end":{"line":204,"column":30}},"loc":{"start":{"line":204,"column":30},"end":{"line":205,"column":null}}},"11":{"name":"(anonymous_12)","decl":{"start":{"line":204,"column":39},"end":{"line":204,"column":null}},"loc":{"start":{"line":205,"column":6},"end":{"line":205,"column":null}}},"12":{"name":"(anonymous_13)","decl":{"start":{"line":209,"column":35},"end":{"line":209,"column":42}},"loc":{"start":{"line":209,"column":42},"end":{"line":237,"column":5}}},"13":{"name":"(anonymous_14)","decl":{"start":{"line":256,"column":33},"end":{"line":256,"column":34}},"loc":{"start":{"line":257,"column":16},"end":{"line":257,"column":35}}},"14":{"name":"(anonymous_15)","decl":{"start":{"line":290,"column":25},"end":{"line":290,"column":31}},"loc":{"start":{"line":290,"column":31},"end":{"line":290,"column":null}}},"15":{"name":"(anonymous_16)","decl":{"start":{"line":309,"column":28},"end":{"line":309,"column":29}},"loc":{"start":{"line":309,"column":35},"end":{"line":309,"column":null}}},"16":{"name":"(anonymous_17)","decl":{"start":{"line":337,"column":28},"end":{"line":337,"column":29}},"loc":{"start":{"line":337,"column":35},"end":{"line":337,"column":null}}},"17":{"name":"(anonymous_18)","decl":{"start":{"line":382,"column":48},"end":{"line":382,"column":53}},"loc":{"start":{"line":382,"column":53},"end":{"line":382,"column":81}}},"18":{"name":"(anonymous_19)","decl":{"start":{"line":398,"column":43},"end":{"line":398,"column":48}},"loc":{"start":{"line":398,"column":48},"end":{"line":398,"column":71}}},"19":{"name":"(anonymous_20)","decl":{"start":{"line":404,"column":43},"end":{"line":404,"column":48}},"loc":{"start":{"line":404,"column":48},"end":{"line":404,"column":76}}},"20":{"name":"(anonymous_21)","decl":{"start":{"line":410,"column":43},"end":{"line":410,"column":48}},"loc":{"start":{"line":410,"column":48},"end":{"line":410,"column":70}}},"21":{"name":"(anonymous_22)","decl":{"start":{"line":416,"column":36},"end":{"line":416,"column":41}},"loc":{"start":{"line":416,"column":41},"end":{"line":416,"column":65}}},"22":{"name":"(anonymous_23)","decl":{"start":{"line":425,"column":33},"end":{"line":425,"column":38}},"loc":{"start":{"line":425,"column":38},"end":{"line":425,"column":90}}},"23":{"name":"(anonymous_24)","decl":{"start":{"line":428,"column":69},"end":{"line":428,"column":74}},"loc":{"start":{"line":428,"column":74},"end":{"line":428,"column":126}}},"24":{"name":"(anonymous_25)","decl":{"start":{"line":450,"column":30},"end":{"line":450,"column":35}},"loc":{"start":{"line":450,"column":35},"end":{"line":450,"column":null}}},"25":{"name":"(anonymous_26)","decl":{"start":{"line":451,"column":27},"end":{"line":451,"column":28}},"loc":{"start":{"line":452,"column":24},"end":{"line":452,"column":45}}},"26":{"name":"(anonymous_27)","decl":{"start":{"line":543,"column":31},"end":{"line":543,"column":37}},"loc":{"start":{"line":543,"column":37},"end":{"line":543,"column":null}}},"27":{"name":"(anonymous_28)","decl":{"start":{"line":550,"column":31},"end":{"line":550,"column":37}},"loc":{"start":{"line":550,"column":37},"end":{"line":550,"column":null}}},"28":{"name":"(anonymous_29)","decl":{"start":{"line":557,"column":31},"end":{"line":557,"column":37}},"loc":{"start":{"line":557,"column":37},"end":{"line":557,"column":null}}}},"branchMap":{"0":{"loc":{"start":{"line":55,"column":4},"end":{"line":59,"column":null}},"type":"if","locations":[{"start":{"line":55,"column":4},"end":{"line":59,"column":null}},{"start":{"line":57,"column":11},"end":{"line":59,"column":null}}]},"1":{"loc":{"start":{"line":63,"column":4},"end":{"line":63,"column":null}},"type":"if","locations":[{"start":{"line":63,"column":4},"end":{"line":63,"column":null}}]},"2":{"loc":{"start":{"line":63,"column":8},"end":{"line":63,"column":30}},"type":"binary-expr","locations":[{"start":{"line":63,"column":8},"end":{"line":63,"column":20}},{"start":{"line":63,"column":20},"end":{"line":63,"column":30}}]},"3":{"loc":{"start":{"line":90,"column":17},"end":{"line":90,"column":35}},"type":"binary-expr","locations":[{"start":{"line":90,"column":17},"end":{"line":90,"column":29}},{"start":{"line":90,"column":33},"end":{"line":90,"column":35}}]},"4":{"loc":{"start":{"line":93,"column":6},"end":{"line":100,"column":null}},"type":"if","locations":[{"start":{"line":93,"column":6},"end":{"line":100,"column":null}}]},"5":{"loc":{"start":{"line":93,"column":10},"end":{"line":93,"column":65}},"type":"binary-expr","locations":[{"start":{"line":93,"column":10},"end":{"line":93,"column":29}},{"start":{"line":93,"column":33},"end":{"line":93,"column":65}}]},"6":{"loc":{"start":{"line":102,"column":6},"end":{"line":106,"column":null}},"type":"if","locations":[{"start":{"line":102,"column":6},"end":{"line":106,"column":null}},{"start":{"line":104,"column":13},"end":{"line":106,"column":null}}]},"7":{"loc":{"start":{"line":109,"column":15},"end":{"line":109,"column":null}},"type":"cond-expr","locations":[{"start":{"line":109,"column":40},"end":{"line":109,"column":53}},{"start":{"line":109,"column":56},"end":{"line":109,"column":null}}]},"8":{"loc":{"start":{"line":146,"column":22},"end":{"line":146,"column":null}},"type":"binary-expr","locations":[{"start":{"line":146,"column":22},"end":{"line":146,"column":50}},{"start":{"line":146,"column":50},"end":{"line":146,"column":null}}]},"9":{"loc":{"start":{"line":148,"column":24},"end":{"line":148,"column":null}},"type":"binary-expr","locations":[{"start":{"line":148,"column":24},"end":{"line":148,"column":50}},{"start":{"line":148,"column":50},"end":{"line":148,"column":null}}]},"10":{"loc":{"start":{"line":174,"column":4},"end":{"line":177,"column":null}},"type":"if","locations":[{"start":{"line":174,"column":4},"end":{"line":177,"column":null}}]},"11":{"loc":{"start":{"line":186,"column":12},"end":{"line":186,"column":35}},"type":"binary-expr","locations":[{"start":{"line":186,"column":12},"end":{"line":186,"column":28}},{"start":{"line":186,"column":32},"end":{"line":186,"column":35}}]},"12":{"loc":{"start":{"line":187,"column":8},"end":{"line":187,"column":null}},"type":"binary-expr","locations":[{"start":{"line":187,"column":8},"end":{"line":187,"column":26}},{"start":{"line":187,"column":30},"end":{"line":187,"column":null}}]},"13":{"loc":{"start":{"line":205,"column":6},"end":{"line":205,"column":null}},"type":"cond-expr","locations":[{"start":{"line":205,"column":35},"end":{"line":205,"column":63}},{"start":{"line":205,"column":63},"end":{"line":205,"column":null}}]},"14":{"loc":{"start":{"line":211,"column":4},"end":{"line":211,"column":null}},"type":"if","locations":[{"start":{"line":211,"column":4},"end":{"line":211,"column":null}}]},"15":{"loc":{"start":{"line":227,"column":44},"end":{"line":227,"column":null}},"type":"cond-expr","locations":[{"start":{"line":227,"column":71},"end":{"line":227,"column":84}},{"start":{"line":227,"column":84},"end":{"line":227,"column":null}}]},"16":{"loc":{"start":{"line":231,"column":6},"end":{"line":233,"column":null}},"type":"if","locations":[{"start":{"line":231,"column":6},"end":{"line":233,"column":null}}]},"17":{"loc":{"start":{"line":240,"column":19},"end":{"line":240,"column":null}},"type":"cond-expr","locations":[{"start":{"line":240,"column":40},"end":{"line":240,"column":86}},{"start":{"line":240,"column":86},"end":{"line":240,"column":null}}]},"18":{"loc":{"start":{"line":259,"column":20},"end":{"line":261,"column":null}},"type":"cond-expr","locations":[{"start":{"line":259,"column":44},"end":{"line":259,"column":null}},{"start":{"line":260,"column":20},"end":{"line":261,"column":null}}]},"19":{"loc":{"start":{"line":260,"column":20},"end":{"line":261,"column":null}},"type":"cond-expr","locations":[{"start":{"line":260,"column":46},"end":{"line":260,"column":null}},{"start":{"line":261,"column":20},"end":{"line":261,"column":null}}]},"20":{"loc":{"start":{"line":263,"column":21},"end":{"line":263,"column":90}},"type":"cond-expr","locations":[{"start":{"line":263,"column":45},"end":{"line":263,"column":88}},{"start":{"line":263,"column":83},"end":{"line":263,"column":90}}]},"21":{"loc":{"start":{"line":267,"column":22},"end":{"line":267,"column":null}},"type":"cond-expr","locations":[{"start":{"line":267,"column":47},"end":{"line":267,"column":65}},{"start":{"line":267,"column":65},"end":{"line":267,"column":null}}]},"22":{"loc":{"start":{"line":273,"column":19},"end":{"line":273,"column":null}},"type":"binary-expr","locations":[{"start":{"line":273,"column":19},"end":{"line":273,"column":null}}]},"23":{"loc":{"start":{"line":282,"column":11},"end":{"line":282,"column":null}},"type":"binary-expr","locations":[{"start":{"line":282,"column":11},"end":{"line":282,"column":null}}]},"24":{"loc":{"start":{"line":309,"column":35},"end":{"line":309,"column":null}},"type":"binary-expr","locations":[{"start":{"line":309,"column":35},"end":{"line":309,"column":54}},{"start":{"line":309,"column":58},"end":{"line":309,"column":null}}]},"25":{"loc":{"start":{"line":319,"column":17},"end":{"line":319,"column":null}},"type":"binary-expr","locations":[{"start":{"line":319,"column":17},"end":{"line":319,"column":null}}]},"26":{"loc":{"start":{"line":337,"column":35},"end":{"line":337,"column":null}},"type":"binary-expr","locations":[{"start":{"line":337,"column":35},"end":{"line":337,"column":54}},{"start":{"line":337,"column":58},"end":{"line":337,"column":null}}]},"27":{"loc":{"start":{"line":347,"column":17},"end":{"line":347,"column":null}},"type":"binary-expr","locations":[{"start":{"line":347,"column":17},"end":{"line":347,"column":null}}]},"28":{"loc":{"start":{"line":359,"column":13},"end":{"line":359,"column":null}},"type":"binary-expr","locations":[{"start":{"line":359,"column":13},"end":{"line":359,"column":null}}]},"29":{"loc":{"start":{"line":362,"column":26},"end":{"line":362,"column":null}},"type":"binary-expr","locations":[{"start":{"line":362,"column":26},"end":{"line":362,"column":38}},{"start":{"line":362,"column":38},"end":{"line":362,"column":50}},{"start":{"line":362,"column":50},"end":{"line":362,"column":null}}]},"30":{"loc":{"start":{"line":365,"column":17},"end":{"line":365,"column":null}},"type":"cond-expr","locations":[{"start":{"line":365,"column":27},"end":{"line":365,"column":49}},{"start":{"line":365,"column":49},"end":{"line":365,"column":null}}]},"31":{"loc":{"start":{"line":369,"column":13},"end":{"line":369,"column":null}},"type":"binary-expr","locations":[{"start":{"line":369,"column":13},"end":{"line":369,"column":null}}]},"32":{"loc":{"start":{"line":375,"column":17},"end":{"line":375,"column":null}},"type":"cond-expr","locations":[{"start":{"line":375,"column":27},"end":{"line":375,"column":51}},{"start":{"line":375,"column":51},"end":{"line":375,"column":null}}]},"33":{"loc":{"start":{"line":379,"column":13},"end":{"line":379,"column":null}},"type":"binary-expr","locations":[{"start":{"line":379,"column":13},"end":{"line":379,"column":null}}]},"34":{"loc":{"start":{"line":392,"column":11},"end":{"line":392,"column":null}},"type":"binary-expr","locations":[{"start":{"line":392,"column":11},"end":{"line":392,"column":null}}]},"35":{"loc":{"start":{"line":425,"column":11},"end":{"line":425,"column":null}},"type":"binary-expr","locations":[{"start":{"line":425,"column":11},"end":{"line":425,"column":null}}]},"36":{"loc":{"start":{"line":425,"column":38},"end":{"line":425,"column":90}},"type":"binary-expr","locations":[{"start":{"line":425,"column":38},"end":{"line":425,"column":68}},{"start":{"line":425,"column":68},"end":{"line":425,"column":90}}]},"37":{"loc":{"start":{"line":428,"column":74},"end":{"line":428,"column":126}},"type":"binary-expr","locations":[{"start":{"line":428,"column":74},"end":{"line":428,"column":104}},{"start":{"line":428,"column":104},"end":{"line":428,"column":126}}]},"38":{"loc":{"start":{"line":450,"column":35},"end":{"line":450,"column":null}},"type":"binary-expr","locations":[{"start":{"line":450,"column":35},"end":{"line":450,"column":65}},{"start":{"line":450,"column":65},"end":{"line":450,"column":null}}]},"39":{"loc":{"start":{"line":452,"column":56},"end":{"line":452,"column":null}},"type":"cond-expr","locations":[{"start":{"line":452,"column":74},"end":{"line":452,"column":87}},{"start":{"line":452,"column":87},"end":{"line":452,"column":null}}]},"40":{"loc":{"start":{"line":462,"column":30},"end":{"line":464,"column":null}},"type":"cond-expr","locations":[{"start":{"line":462,"column":64},"end":{"line":462,"column":null}},{"start":{"line":463,"column":30},"end":{"line":464,"column":null}}]},"41":{"loc":{"start":{"line":462,"column":31},"end":{"line":462,"column":58}},"type":"binary-expr","locations":[{"start":{"line":462,"column":31},"end":{"line":462,"column":49}},{"start":{"line":462,"column":53},"end":{"line":462,"column":58}}]},"42":{"loc":{"start":{"line":463,"column":30},"end":{"line":464,"column":null}},"type":"cond-expr","locations":[{"start":{"line":463,"column":64},"end":{"line":463,"column":null}},{"start":{"line":464,"column":30},"end":{"line":464,"column":null}}]},"43":{"loc":{"start":{"line":463,"column":31},"end":{"line":463,"column":58}},"type":"binary-expr","locations":[{"start":{"line":463,"column":31},"end":{"line":463,"column":49}},{"start":{"line":463,"column":53},"end":{"line":463,"column":58}}]},"44":{"loc":{"start":{"line":466,"column":33},"end":{"line":466,"column":60}},"type":"binary-expr","locations":[{"start":{"line":466,"column":33},"end":{"line":466,"column":51}},{"start":{"line":466,"column":55},"end":{"line":466,"column":60}}]},"45":{"loc":{"start":{"line":471,"column":30},"end":{"line":472,"column":null}},"type":"cond-expr","locations":[{"start":{"line":471,"column":59},"end":{"line":471,"column":null}},{"start":{"line":472,"column":30},"end":{"line":472,"column":null}}]},"46":{"loc":{"start":{"line":474,"column":31},"end":{"line":474,"column":null}},"type":"cond-expr","locations":[{"start":{"line":474,"column":60},"end":{"line":474,"column":75}},{"start":{"line":474,"column":75},"end":{"line":474,"column":null}}]},"47":{"loc":{"start":{"line":486,"column":11},"end":{"line":486,"column":null}},"type":"binary-expr","locations":[{"start":{"line":486,"column":11},"end":{"line":486,"column":null}}]},"48":{"loc":{"start":{"line":503,"column":15},"end":{"line":503,"column":null}},"type":"binary-expr","locations":[{"start":{"line":503,"column":15},"end":{"line":503,"column":null}}]},"49":{"loc":{"start":{"line":532,"column":26},"end":{"line":532,"column":null}},"type":"cond-expr","locations":[{"start":{"line":532,"column":69},"end":{"line":532,"column":86}},{"start":{"line":532,"column":86},"end":{"line":532,"column":null}}]},"50":{"loc":{"start":{"line":534,"column":27},"end":{"line":534,"column":null}},"type":"cond-expr","locations":[{"start":{"line":534,"column":70},"end":{"line":534,"column":83}},{"start":{"line":534,"column":83},"end":{"line":534,"column":null}}]}},"s":{"0":0,"1":0,"2":0,"3":0,"4":0,"5":0,"6":0,"7":0,"8":0,"9":0,"10":0,"11":0,"12":0,"13":0,"14":0,"15":0,"16":0,"17":0,"18":0,"19":0,"20":0,"21":0,"22":0,"23":0,"24":0,"25":0,"26":0,"27":0,"28":0,"29":0,"30":0,"31":0,"32":0,"33":0,"34":0,"35":0,"36":0,"37":0,"38":0,"39":0,"40":0,"41":0,"42":0,"43":0,"44":0,"45":0,"46":0,"47":0,"48":0,"49":0,"50":0,"51":0,"52":0,"53":0,"54":0,"55":0,"56":0,"57":0,"58":0,"59":0,"60":0,"61":0,"62":0,"63":0,"64":0,"65":0,"66":0,"67":0,"68":0,"69":0,"70":0,"71":0,"72":0,"73":0,"74":0,"75":0,"76":0,"77":0,"78":0,"79":0,"80":0,"81":0,"82":0,"83":0,"84":0,"85":0,"86":0,"87":0,"88":0,"89":0,"90":0,"91":0,"92":0,"93":0,"94":0,"95":0,"96":0,"97":0,"98":0,"99":0,"100":0,"101":0,"102":0,"103":0,"104":0,"105":0,"106":0,"107":0},"f":{"0":0,"1":0,"2":0,"3":0,"4":0,"5":0,"6":0,"7":0,"8":0,"9":0,"10":0,"11":0,"12":0,"13":0,"14":0,"15":0,"16":0,"17":0,"18":0,"19":0,"20":0,"21":0,"22":0,"23":0,"24":0,"25":0,"26":0,"27":0,"28":0},"b":{"0":[0,0],"1":[0],"2":[0,0],"3":[0,0],"4":[0],"5":[0,0],"6":[0,0],"7":[0,0],"8":[0,0],"9":[0,0],"10":[0],"11":[0,0],"12":[0,0],"13":[0,0],"14":[0],"15":[0,0],"16":[0],"17":[0,0],"18":[0,0],"19":[0,0],"20":[0,0],"21":[0,0],"22":[0],"23":[0],"24":[0,0],"25":[0],"26":[0,0],"27":[0],"28":[0],"29":[0,0,0],"30":[0,0],"31":[0],"32":[0,0],"33":[0],"34":[0],"35":[0],"36":[0,0],"37":[0,0],"38":[0,0],"39":[0,0],"40":[0,0],"41":[0,0],"42":[0,0],"43":[0,0],"44":[0,0],"45":[0,0],"46":[0,0],"47":[0],"48":[0],"49":[0,0],"50":[0,0]}}
,"D:\\product_checker\\check-products\\taxonomy-app\\app\\import\\page.tsx": {"path":"D:\\product_checker\\check-products\\taxonomy-app\\app\\import\\page.tsx","statementMap":{"0":{"start":{"line":44,"column":24},"end":{"line":44,"column":null}},"1":{"start":{"line":3,"column":25},"end":{"line":3,"column":null}},"2":{"start":{"line":4,"column":23},"end":{"line":4,"column":null}},"3":{"start":{"line":5,"column":22},"end":{"line":5,"column":null}},"4":{"start":{"line":6,"column":25},"end":{"line":6,"column":null}},"5":{"start":{"line":7,"column":20},"end":{"line":7,"column":null}},"6":{"start":{"line":8,"column":19},"end":{"line":8,"column":null}},"7":{"start":{"line":17,"column":7},"end":{"line":17,"column":null}},"8":{"start":{"line":45,"column":26},"end":{"line":45,"column":null}},"9":{"start":{"line":46,"column":42},"end":{"line":46,"column":null}},"10":{"start":{"line":47,"column":54},"end":{"line":47,"column":null}},"11":{"start":{"line":48,"column":42},"end":{"line":54,"column":null}},"12":{"start":{"line":55,"column":40},"end":{"line":55,"column":null}},"13":{"start":{"line":56,"column":56},"end":{"line":56,"column":null}},"14":{"start":{"line":58,"column":27},"end":{"line":63,"column":null}},"15":{"start":{"line":59,"column":25},"end":{"line":59,"column":48}},"16":{"start":{"line":60,"column":4},"end":{"line":62,"column":null}},"17":{"start":{"line":61,"column":6},"end":{"line":61,"column":null}},"18":{"start":{"line":65,"column":22},"end":{"line":157,"column":null}},"19":{"start":{"line":66,"column":4},"end":{"line":66,"column":null}},"20":{"start":{"line":66,"column":15},"end":{"line":66,"column":null}},"21":{"start":{"line":68,"column":4},"end":{"line":68,"column":null}},"22":{"start":{"line":69,"column":4},"end":{"line":71,"column":null}},"23":{"start":{"line":69,"column":28},"end":{"line":71,"column":null}},"24":{"start":{"line":70,"column":6},"end":{"line":71,"column":null}},"25":{"start":{"line":74,"column":4},"end":{"line":156,"column":null}},"26":{"start":{"line":76,"column":55},"end":{"line":81,"column":null}},"27":{"start":{"line":83,"column":6},"end":{"line":83,"column":null}},"28":{"start":{"line":83,"column":23},"end":{"line":83,"column":null}},"29":{"start":{"line":85,"column":6},"end":{"line":87,"column":null}},"30":{"start":{"line":85,"column":30},"end":{"line":87,"column":null}},"31":{"start":{"line":86,"column":8},"end":{"line":87,"column":null}},"32":{"start":{"line":91,"column":23},"end":{"line":102,"column":null}},"33":{"start":{"line":104,"column":6},"end":{"line":104,"column":null}},"34":{"start":{"line":104,"column":24},"end":{"line":104,"column":null}},"35":{"start":{"line":105,"column":28},"end":{"line":105,"column":null}},"36":{"start":{"line":107,"column":6},"end":{"line":109,"column":null}},"37":{"start":{"line":107,"column":30},"end":{"line":109,"column":null}},"38":{"start":{"line":108,"column":8},"end":{"line":109,"column":null}},"39":{"start":{"line":113,"column":31},"end":{"line":120,"column":null}},"40":{"start":{"line":122,"column":6},"end":{"line":122,"column":null}},"41":{"start":{"line":122,"column":32},"end":{"line":122,"column":null}},"42":{"start":{"line":123,"column":29},"end":{"line":123,"column":null}},"43":{"start":{"line":125,"column":6},"end":{"line":127,"column":null}},"44":{"start":{"line":125,"column":30},"end":{"line":127,"column":null}},"45":{"start":{"line":126,"column":8},"end":{"line":127,"column":null}},"46":{"start":{"line":131,"column":27},"end":{"line":138,"column":null}},"47":{"start":{"line":140,"column":6},"end":{"line":140,"column":null}},"48":{"start":{"line":140,"column":28},"end":{"line":140,"column":null}},"49":{"start":{"line":142,"column":6},"end":{"line":143,"column":null}},"50":{"start":{"line":142,"column":30},"end":{"line":143,"column":null}},"51":{"start":{"line":143,"column":8},"end":{"line":143,"column":null}},"52":{"start":{"line":146,"column":6},"end":{"line":146,"column":null}},"53":{"start":{"line":147,"column":6},"end":{"line":147,"column":null}},"54":{"start":{"line":149,"column":6},"end":{"line":149,"column":null}},"55":{"start":{"line":150,"column":6},"end":{"line":150,"column":null}},"56":{"start":{"line":151,"column":6},"end":{"line":152,"column":null}},"57":{"start":{"line":151,"column":30},"end":{"line":152,"column":null}},"58":{"start":{"line":152,"column":8},"end":{"line":152,"column":null}},"59":{"start":{"line":155,"column":6},"end":{"line":155,"column":null}},"60":{"start":{"line":158,"column":28},"end":{"line":164,"column":null}},"61":{"start":{"line":159,"column":4},"end":{"line":162,"column":null}},"62":{"start":{"line":159,"column":28},"end":{"line":162,"column":null}},"63":{"start":{"line":160,"column":6},"end":{"line":162,"column":null}},"64":{"start":{"line":166,"column":27},"end":{"line":176,"column":null}},"65":{"start":{"line":167,"column":4},"end":{"line":175,"column":null}},"66":{"start":{"line":168,"column":21},"end":{"line":168,"column":null}},"67":{"start":{"line":169,"column":6},"end":{"line":173,"column":null}},"68":{"start":{"line":170,"column":8},"end":{"line":170,"column":null}},"69":{"start":{"line":172,"column":8},"end":{"line":172,"column":null}},"70":{"start":{"line":174,"column":6},"end":{"line":174,"column":null}},"71":{"start":{"line":178,"column":29},"end":{"line":196,"column":null}},"72":{"start":{"line":179,"column":26},"end":{"line":179,"column":null}},"73":{"start":{"line":179,"column":50},"end":{"line":179,"column":null}},"74":{"start":{"line":181,"column":4},"end":{"line":195,"column":null}},"75":{"start":{"line":182,"column":23},"end":{"line":186,"column":null}},"76":{"start":{"line":188,"column":6},"end":{"line":188,"column":null}},"77":{"start":{"line":188,"column":24},"end":{"line":188,"column":null}},"78":{"start":{"line":190,"column":6},"end":{
[...]
"end":{"line":250,"column":null}}]},"8":{"loc":{"start":{"line":252,"column":4},"end":{"line":254,"column":null}},"type":"if","locations":[{"start":{"line":252,"column":4},"end":{"line":254,"column":null}}]},"9":{"loc":{"start":{"line":256,"column":4},"end":{"line":258,"column":null}},"type":"if","locations":[{"start":{"line":256,"column":4},"end":{"line":258,"column":null}}]},"10":{"loc":{"start":{"line":260,"column":4},"end":{"line":262,"column":null}},"type":"if","locations":[{"start":{"line":260,"column":4},"end":{"line":262,"column":null}}]},"11":{"loc":{"start":{"line":261,"column":60},"end":{"line":261,"column":79}},"type":"binary-expr","locations":[{"start":{"line":261,"column":60},"end":{"line":261,"column":73}},{"start":{"line":261,"column":77},"end":{"line":261,"column":79}}]},"12":{"loc":{"start":{"line":265,"column":4},"end":{"line":265,"column":null}},"type":"if","locations":[{"start":{"line":265,"column":4},"end":{"line":265,"column":null}}]},"13":{"loc":{"start":{"line":266,"column":11},"end":{"line":266,"column":21}},"type":"binary-expr","locations":[{"start":{"line":266,"column":11},"end":{"line":266,"column":19}},{"start":{"line":266,"column":19},"end":{"line":266,"column":21}}]},"14":{"loc":{"start":{"line":276,"column":4},"end":{"line":279,"column":null}},"type":"if","locations":[{"start":{"line":276,"column":4},"end":{"line":279,"column":null}}]},"15":{"loc":{"start":{"line":290,"column":4},"end":{"line":294,"column":null}},"type":"if","locations":[{"start":{"line":290,"column":4},"end":{"line":294,"column":null}},{"start":{"line":292,"column":11},"end":{"line":294,"column":null}}]},"16":{"loc":{"start":{"line":297,"column":4},"end":{"line":297,"column":null}},"type":"if","locations":[{"start":{"line":297,"column":4},"end":{"line":297,"column":null}}]},"17":{"loc":{"start":{"line":299,"column":11},"end":{"line":299,"column":null}},"type":"cond-expr","locations":[{"start":{"line":299,"column":37},"end":{"line":299,"column":62}},{"start":{"line":299,"column":62},"end":{"line":299,"column":null}}]},"18":{"loc":{"start":{"line":299,"column":11},"end":{"line":299,"column":37}},"type":"binary-expr","locations":[{"start":{"line":299,"column":11},"end":{"line":299,"column":19}},{"start":{"line":299,"column":19},"end":{"line":299,"column":37}}]},"19":{"loc":{"start":{"line":315,"column":4},"end":{"line":315,"column":null}},"type":"if","locations":[{"start":{"line":315,"column":4},"end":{"line":315,"column":null}}]},"20":{"loc":{"start":{"line":327,"column":4},"end":{"line":327,"column":null}},"type":"if","locations":[{"start":{"line":327,"column":4},"end":{"line":327,"column":null}}]},"21":{"loc":{"start":{"line":337,"column":4},"end":{"line":337,"column":null}},"type":"if","locations":[{"start":{"line":337,"column":4},"end":{"line":337,"column":null}}]},"22":{"loc":{"start":{"line":350,"column":4},"end":{"line":352,"column":null}},"type":"if","locations":[{"start":{"line":350,"column":4},"end":{"line":352,"column":null}}]},"23":{"loc":{"start":{"line":355,"column":4},"end":{"line":355,"column":null}},"type":"if","locations":[{"start":{"line":355,"column":4},"end":{"line":355,"column":null}}]},"24":{"loc":{"start":{"line":356,"column":11},"end":{"line":356,"column":21}},"type":"binary-expr","locations":[{"start":{"line":356,"column":11},"end":{"line":356,"column":19}},{"start":{"line":356,"column":19},"end":{"line":356,"column":21}}]},"25":{"loc":{"start":{"line":369,"column":4},"end":{"line":369,"column":null}},"type":"if","locations":[{"start":{"line":369,"column":4},"end":{"line":369,"column":null}}]},"26":{"loc":{"start":{"line":384,"column":4},"end":{"line":384,"column":null}},"type":"if","locations":[{"start":{"line":384,"column":4},"end":{"line":384,"column":null}}]},"27":{"loc":{"start":{"line":394,"column":4},"end":{"line":394,"column":null}},"type":"if","locations":[{"start":{"line":394,"column":4},"end":{"line":394,"column":null}}]},"28":{"loc":{"start":{"line":408,"column":4},"end":{"line":408,"column":null}},"type":"if","locations":[{"start":{"line":408,"column":4},"end":{"line":408,"column":null}}]},"29":{"loc":{"start":{"line":420,"column":4},"end":{"line":420,"column":null}},"type":"if","locations":[{"start":{"line":420,"column":4},"end":{"line":420,"column":null}}]},"30":{"loc":{"start":{"line":421,"column":11},"end":{"line":421,"column":21}},"type":"binary-expr","locations":[{"start":{"line":421,"column":11},"end":{"line":421,"column":19}},{"start":{"line":421,"column":19},"end":{"line":421,"column":21}}]},"31":{"loc":{"start":{"line":425,"column":55},"end":{"line":425,"column":65}},"type":"default-arg","locations":[{"start":{"line":425,"column":63},"end":{"line":425,"column":65}}]},"32":{"loc":{"start":{"line":436,"column":4},"end":{"line":438,"column":null}},"type":"if","locations":[{"start":{"line":436,"column":4},"end":{"line":438,"column":null}}]},"33":{"loc":{"start":{"line":441,"column":4},"end":{"line":441,"column":null}},"type":"if","locations":[{"start":{"line":441,"column":4},"end":{"line":441,"column":null}}]},"34":{"loc":{"start":{"line":442,"column":11},"end":{"line":442,"column":21}},"type":"binary-expr","locations":[{"start":{"line":442,"column":11},"end":{"line":442,"column":19}},{"start":{"line":442,"column":19},"end":{"line":442,"column":21}}]},"35":{"loc":{"start":{"line":451,"column":4},"end":{"line":453,"column":null}},"type":"if","locations":[{"start":{"line":451,"column":4},"end":{"line":453,"column":null}}]},"36":{"loc":{"start":{"line":466,"column":4},"end":{"line":466,"column":null}},"type":"if","locations":[{"start":{"line":466,"column":4},"end":{"line":466,"column":null}}]},"37":{"loc":{"start":{"line":481,"column":4},"end":{"line":483,"column":null}},"type":"if","locations":[{"start":{"line":481,"column":4},"end":{"line":483,"column":null}}]},"38":{"loc":{"start":{"line":486,"column":4},"end":{"line":486,"column":null}},"type":"if","locations":[{"start":{"line":486,"column":4},"end":{"line":486,"column":null}}]},"39":{"loc":{"start":{"line":487,"column":11},"end":{"line":487,"column":21}},"type":"binary-expr","locations":[{"start":{"line":487,"column":11},"end":{"line":487,"column":19}},{"start":{"line":487,"column":19},"end":{"line":487,"column":21}}]},"40":{"loc":{"start":{"line":500,"column":4},"end":{"line":500,"column":null}},"type":"if","locations":[{"start":{"line":500,"column":4},"end":{"line":500,"column":null}}]},"41":{"loc":{"start":{"line":512,"column":4},"end":{"line":512,"column":null}},"type":"if","locations":[{"start":{"line":512,"column":4},"end":{"line":512,"column":null}}]},"42":{"loc":{"start":{"line":524,"column":4},"end":{"line":524,"column":null}},"type":"if","locations":[{"start":{"line":524,"column":4},"end":{"line":524,"column":null}}]},"43":{"loc":{"start":{"line":535,"column":4},"end":{"line":535,"column":null}},"type":"if","locations":[{"start":{"line":535,"column":4},"end":{"line":535,"column":null}}]},"44":{"loc":{"start":{"line":546,"column":4},"end":{"line":546,"column":null}},"type":"if","locations":[{"start":{"line":546,"column":4},"end":{"line":546,"column":null}}]},"45":{"loc":{"start":{"line":557,"column":4},"end":{"line":557,"column":null}},"type":"if","locations":[{"start":{"line":557,"column":4},"end":{"line":557,"column":null}}]},"46":{"loc":{"start":{"line":568,"column":4},"end":{"line":568,"column":null}},"type":"if","locations":[{"start":{"line":568,"column":4},"end":{"line":568,"column":null}}]},"47":{"loc":{"start":{"line":569,"column":11},"end":{"line":569,"column":21}},"type":"binary-expr","locations":[{"start":{"line":569,"column":11},"end":{"line":569,"column":19}},{"start":{"line":569,"column":19},"end":{"line":569,"column":21}}]},"48":{"loc":{"start":{"line":581,"column":4},"end":{"line":581,"column":null}},"type":"if","locations":[{"start":{"line":581,"column":4},"end":{"line":581,"column":null}}]},"49":{"loc":{"start":{"line":582,"column":11},"end":{"line":582,"column":21}},"type":"binary-expr","locations":[{"start":{"line":582,"column":11},"end":{"line":582,"column":19}},{"start":{"line":582,"column":19},"end":{"line":582,"column":21}}]},"50":{"loc":{"start":{"line":591,"column":4},"end":{"line":591,"column":null}},"type":"if","locations":[{"start":{"line":591,"column":4},"end":{"line":591,"column":null}}]},"51":{"loc":{"start":{"line":591,"column":8},"end":{"line":591,"column":44}},"type":"binary-expr","locations":[{"start":{"line":591,"column":8},"end":{"line":591,"column":17}},{"start":{"line":591,"column":17},"end":{"line":591,"column":44}}]},"52":{"loc":{"start":{"line":602,"column":4},"end":{"line":602,"column":null}},"type":"if","locations":[{"start":{"line":602,"column":4},"end":{"line":602,"column":null}}]},"53":{"loc":{"start":{"line":613,"column":4},"end":{"line":613,"column":null}},"type":"if","locations":[{"start":{"line":613,"column":4},"end":{"line":613,"column":null}}]},"54":{"loc":{"start":{"line":625,"column":4},"end":{"line":625,"column":null}},"type":"if","locations":[{"start":{"line":625,"column":4},"end":{"line":625,"column":null}}]},"55":{"loc":{"start":{"line":635,"column":4},"end":{"line":635,"column":null}},"type":"if","locations":[{"start":{"line":635,"column":4},"end":{"line":635,"column":null}}]},"56":{"loc":{"start":{"line":645,"column":4},"end":{"line":645,"column":null}},"type":"if","locations":[{"start":{"line":645,"column":4},"end":{"line":645,"column":null}}]},"57":{"loc":{"start":{"line":657,"column":4},"end":{"line":657,"column":null}},"type":"if","locations":[{"start":{"line":657,"column":4},"end":{"line":657,"column":null}}]},"58":{"loc":{"start":{"line":667,"column":4},"end":{"line":667,"column":null}},"type":"if","locations":[{"start":{"line":667,"column":4},"end":{"line":667,"column":null}}]},"59":{"loc":{"start":{"line":681,"column":4},"end":{"line":681,"column":null}},"type":"if","locations":[{"start":{"line":681,"column":4},"end":{"line":681,"column":null}}]},"60":{"loc":{"start":{"line":699,"column":6},"end":{"line":706,"column":null}},"type":"if","locations":[{"start":{"line":699,"column":6},"end":{"line":706,"column":null}},{"start":{"line":704,"column":13},"end":{"line":706,"column":null}}]},"61":{"loc":{"start":{"line":701,"column":8},"end":{"line":703,"column":null}},"type":"if","locations":[{"start":{"line":701,"column":8},"end":{"line":703,"column":null}}]}},"s":{"0":0,"1":0,"2":0,"3":0,"4":0,"5":0,"6":0,"7":0,"8":0,"9":0,"10":0,"11":0,"12":0,"13":0,"14":0,"15":0,"16":0,"17":0,"18":0,"19":0,"20":0,"21":0,"22":0,"23":0,"24":0,"25":0,"26":0,"27":0,"28":0,"29":0,"30":0,"31":0,"32":0,"33":0,"34":0,"35":0,"36":0,"37":0,"38":0,"39":0,"40":0,"41":0,"42":0,"43":0,"44":0,"45":0,"46":0,"47":0,"48":0,"49":0,"50":0,"51":0,"52":0,"53":0,"54":0,"55":0,"56":0,"57":0,"58":0,"59":0,"60":0,"61":0,"62":0,"63":0,"64":0,"65":0,"66":0,"67":0,"68":0,"69":0,"70":0,"71":0,"72":0,"73":0,"74":0,"75":0,"76":0,"77":0,"78":0,"79":0,"80":0,"81":0,"82":0,"83":0,"84":0,"85":0,"86":0,"87":0,"88":0,"89":0,"90":0,"91":0,"92":0,"93":0,"94":0,"95":0,"96":0,"97":0,"98":0,"99":0,"100":0,"101":0,"102":0,"103":0,"104":0,"105":0,"106":0,"107":0,"108":0,"109":0,"110":0,"111":0,"112":0,"113":0,"114":0,"115":0,"116":0,"117":0,"118":0,"119":0,"120":0,"121":0,"122":0,"123":0,"124":0,"125":0,"126":0,"127":0,"128":0,"129":0,"130":0,"131":0,"132":0,"133":0,"134":0,"135":0,"136":0,"137":0,"138":0,"139":0,"140":0,"141":0,"142":0,"143":0,"144":0,"145":0,"146":0,"147":0,"148":0,"149":0,"150":0,"151":0,"152":0,"153":0,"154":0,"155":0,"156":0,"157":0,"158":0,"159":0,"160":0,"161":0,"162":0,"163":0,"164":0,"165":0,"166":0,"167":0,"168":0,"169":0,"170":0,"171":0,"172":0,"173":0,"174":0,"175":0,"176":0,"177":0,"178":0,"179":0,"180":0},"f":{"0":0,"1":0,"2":0,"3":0,"4":0,"5":0,"6":0,"7":0,"8":0,"9":0,"10":0,"11":0,"12":0,"13":0,"14":0,"15":0,"16":0,"17":0,"18":0,"19":0,"20":0,"21":0,"22":0,"23":0,"24":0,"25":0,"26":0,"27":0,"28":0,"29":0,"30":0,"31":0,"32":0,"33":0,"34":0,"35":0},"b":{"0":[0],"1":[0],"2":[0],"3":[0,0],"4":[0],"5":[0,0],"6":[0],"7":[0],"8":[0],"9":[0],"10":[0],"11":[0,0],"12":[0],"13":[0,0],"14":[0],"15":[0,0],"16":[0],"17":[0,0],"18":[0,0],"19":[0],"20":[0],"21":[0],"22":[0],"23":[0],"24":[0,0],"25":[0],"26":[0],"27":[0],"28":[0],"29":[0],"30":[0,0],"31":[0],"32":[0],"33":[0],"34":[0,0],"35":[0],"36":[0],"37":[0],"38":[0],"39":[0,0],"40":[0],"41":[0],"42":[0],"43":[0],"44":[0],"45":[0],"46":[0],"47":[0,0],"48":[0],"49":[0,0],"50":[0],"51":[0,0],"52":[0],"53":[0],"54":[0],"55":[0],"56":[0],"57":[0],"58":[0],"59":[0],"60":[0,0],"61":[0]}}
,"D:\\product_checker\\check-products\\taxonomy-app\\utils\\validation.ts": {"path":"D:\\product_checker\\check-products\\taxonomy-app\\utils\\validation.ts","statementMap":{"0":{"start":{"line":102,"column":13},"end":{"line":102,"column":26}},"1":{"start":{"line":174,"column":13},"end":{"line":174,"column":27}},"2":{"start":{"line":196,"column":13},"end":{"line":196,"column":30}},"3":{"start":{"line":148,"column":16},"end":{"line":148,"column":29}},"4":{"start":{"line":62,"column":16},"end":{"line":62,"column":29}},"5":{"start":{"line":14,"column":22},"end":{"line":14,"column":37}},"6":{"start":{"line":7,"column":29},"end":{"line":7,"column":null}},"7":{"start":{"line":18,"column":2},"end":{"line":56,"column":null}},"8":{"start":{"line":20,"column":17},"end":{"line":20,"column":null}},"9":{"start":{"line":23,"column":19},"end":{"line":23,"column":null}},"10":{"start":{"line":25,"column":4},"end":{"line":39,"column":null}},"11":{"start":{"line":26,"column":6},"end":{"line":29,"column":null}},"12":{"start":{"line":31,"column":6},"end":{"line":38,"column":null}},"13":{"start":{"line":33,"column":56},"end":{"line":37,"column":null}},"14":{"start":{"line":41,"column":4},"end":{"line":41,"column":null}},"15":{"start":{"line":43,"column":4},"end":{"line":43,"column":null}},"16":{"start":{"line":45,"column":4},"end":{"line":50,"column":null}},"17":{"start":{"line":46,"column":6},"end":{"line":49,"column":null}},"18":{"start":{"line":52,"column":4},"end":{"line":55,"column":null}},"19":{"start":{"line":66,"column":2},"end":{"line":96,"column":null}},"20":{"start":{"line":67,"column":29},"end":{"line":67,"column":null}},"21":{"start":{"line":68,"column":24},"end":{"line":68,"column":null}},"22":{"start":{"line":70,"column":19},"end":{"line":70,"column":null}},"23":{"start":{"line":72,"column":4},"end":{"line":86,"column":null}},"24":{"start":{"line":73,"column":6},"end":{"line":76,"column":null}},"25":{"start":{"line":78,"column":6},"end":{"line":85,"column":null}},"26":{"start":{"line":80,"column":56},"end":{"line":84,"column":null}},"27":{"start":{"line":88,"column":4},"end":{"line":88,"column":null}},"28":{"start":{"line":90,"column":4},"end":{"line":90,"column":null}},"29":{"start":{"line":92,"column":4},"end":{"line":95,"column":null}},"30":{"start":{"line":102,"column":29},"end":{"line":143,"column":null}},"31":{"start":{"line":140,"column":15},"end":{"line":140,"column":null}},"32":{"start":{"line":149,"column":2},"end":{"line":154,"column":null}},"33":{"start":{"line":156,"column":2},"end":{"line":158,"column":null}},"34":{"start":{"line":157,"column":4},"end":{"line":157,"column":null}},"35":{"start":{"line":160,"column":2},"end":{"line":166,"column":null}},"36":{"start":{"line":161,"column":27},"end":{"line":161,"column":null}},"37":{"start":{"line":162,"column":4},"end":{"line":164,"column":null}},"38":{"start":{"line":163,"column":6},"end":{"line":163,"column":null}},"39":{"start":{"line":165,"column":4},"end":{"line":165,"column":null}},"40":{"start":{"line":168,"column":2},"end":{"line":168,"column":null}},"41":{"start":{"line":174,"column":30},"end":{"line":191,"column":null}},"42":{"start":{"line":196,"column":33},"end":{"line":220,"column":null}},"43":{"start":{"line":198,"column":37},"end":{"line":198,"column":null}},"44":{"start":{"line":201,"column":37},"end":{"line":201,"column":null}},"45":{"start":{"line":205,"column":4},"end":{"line":210,"column":null}},"46":{"start":{"line":206,"column":6},"end":{"line":206,"column":null}},"47":{"start":{"line":207,"column":6},"end":{"line":207,"column":null}},"48":{"start":{"line":209,"column":6},"end":{"line":209,"column":null}},"49":{"start":{"line":214,"column":41},"end":{"line":214,"column":null}},"50":{"start":{"line":218,"column":4},"end":{"line":218,"column":null}}},"fnMap":{"0":{"name":"validateRequest","decl":{"start":{"line":14,"column":22},"end":{"line":14,"column":37}},"loc":{"start":{"line":16,"column":22},"end":{"line":57,"column":null}}},"1":{"name":"(anonymous_8)","decl":{"start":{"line":33,"column":41},"end":{"line":33,"column":42}},"loc":{"start":{"line":33,"column":56},"end":{"line":37,"column":null}}},"2":{"name":"validateQuery","decl":{"start":{"line":62,"column":16},"end":{"line":62,"column":29}},"loc":{"start":{"line":64,"column":22},"end":{"line":97,"column":null}}},"3":{"name":"(anonymous_10)","decl":{"start":{"line":80,"column":41},"end":{"line":80,"column":42}},"loc":{"start":{"line":80,"column":56},"end":{"line":84,"column":null}}},"4":{"name":"(anonymous_11)","decl":{"start":{"line":140,"column":6},"end":{"line":140,"column":7}},"loc":{"start":{"line":140,"column":15},"end":{"line":140,"column":null}}},"5":{"name":"sanitizeInput","decl":{"start":{"line":148,"column":16},"end":{"line":148,"column":29}},"loc":{"start":{"line":148,"column":40},"end":{"line":169,"column":null}}},"6":{"name":"(anonymous_13)","decl":{"start":{"line":198,"column":11},"end":{"line":198,"column":12}},"loc":{"start":{"line":198,"column":37},"end":{"line":198,"column":null}}},"7":{"name":"(anonymous_14)","decl":{"start":{"line":201,"column":11},"end":{"line":201,"column":12}},"loc":{"start":{"line":201,"column":37},"end":{"line":201,"column":null}}},"8":{"name":"(anonymous_15)","decl":{"start":{"line":204,"column":9},"end":{"line":204,"column":10}},"loc":{"start":{"line":204,"column":10},"end":{"line":211,"column":null}}},"9":{"name":"(anonymous_16)","decl":{"start":{"line":214,"column":15},"end":{"line":214,"column":16}},"loc":{"start":{"line":214,"column":41},"end":{"line":214,"column":null}}},"10":{"name":"(anonymous_17)","decl":{"start":{"line":217,"column":19},"end":{"line":217,"column":23}},"loc":{"start":{"line":217,"column":23},"end":{"line":219,"column":null}}}},"branchMap":{"0":{"loc":{"start":{"line":25,"column":4},"end":{"line":39,"column":null}},"type":"if","locations":[{"start":{"line":25,"column":4},"end":{"line":39,"column":null}}]},"1":{"loc":{"start":{"line":45,"column":4},"end":{"line":50,"column":null}},"type":"if","locations":[{"start":{"line":45,"column":4},"end":{"line":50,"column":null}}]},"2":{"loc":{"start":{"line":72,"column":4},"end":{"line":86,"column":null}},"type":"if","locations":[{"start":{"line":72,"column":4},"end":{"line":86,"column":null}}]},"3":{"loc":{"start":{"line":149,"column":2},"end":{"line":154,"column":null}},"type":"if","locations":[{"start":{"line":149,"column":2},"end":{"line":154,"column":null}}]},"4":{"loc":{"start":{"line":156,"column":2},"end":{"line":158,"column":null}},"type":"if","locations":[{"start":{"line":156,"column":2},"end":{"line":158,"column":null}}]},"5":{"loc":{"start":{"line":160,"column":2},"end":{"line":166,"column":null}},"type":"if","locations":[{"start":{"line":160,"column":2},"end":{"line":166,"column":null}}]},"6":{"loc":{"start":{"line":160,"column":6},"end":{"line":160,"column":42}},"type":"binary-expr","locations":[{"start":{"line":160,"column":6},"end":{"line":160,"column":15}},{"start":{"line":160,"column":15},"end":{"line":160,"column":42}}]}},"s":{"0":0,"1":0,"2":0,"3":0,"4":0,"5":0,"6":0,"7":0,"8":0,"9":0,"10":0,"11":0,"12":0,"13":0,"14":0,"15":0,"16":0,"17":0,"18":0,"19":0,"20":0,"21":0,"22":0,"23":0,"24":0,"25":0,"26":0,"27":0,"28":0,"29":0,"30":0,"31":0,"32":0,"33":0,"34":0,"35":0,"36":0,"37":0,"38":0,"39":0,"40":0,"41":0,"42":0,"43":0,"44":0,"45":0,"46":0,"47":0,"48":0,"49":0,"50":0},"f":{"0":0,"1":0,"2":0,"3":0,"4":0,"5":0,"6":0,"7":0,"8":0,"9":0,"10":0},"b":{"0":[0],"1":[0],"2":[0],"3":[0],"4":[0],"5":[0],"6":[0,0]}}
}
