TN:
SF:app\layout.tsx
FN:26,RootLayout
FNF:1
FNH:0
FNDA:0,RootLayout
DA:2,0
DA:3,0
DA:4,0
DA:6,0
DA:12,0
DA:18,0
DA:26,0
LF:7
LH:0
BRF:0
BRH:0
end_of_record
TN:
SF:app\page.tsx
FN:69,StatCard
FN:100,Dashboard
FN:112,(anonymous_4)
FN:116,(anonymous_5)
FN:130,(anonymous_6)
FN:131,(anonymous_7)
FN:132,(anonymous_8)
FN:133,(anonymous_9)
FN:154,(anonymous_10)
FN:232,(anonymous_11)
FN:235,(anonymous_12)
FNF:11
FNH:0
FNDA:0,StatCard
FNDA:0,Dashboard
FNDA:0,(anonymous_4)
FNDA:0,(anonymous_5)
FNDA:0,(anonymous_6)
FNDA:0,(anonymous_7)
FNDA:0,(anonymous_8)
FNDA:0,(anonymous_9)
FNDA:0,(anonymous_10)
FNDA:0,(anonymous_11)
FNDA:0,(anonymous_12)
DA:3,0
DA:4,0
DA:5,0
DA:6,0
DA:17,0
DA:18,0
DA:19,0
DA:31,0
DA:100,0
DA:101,0
DA:102,0
DA:110,0
DA:112,0
DA:113,0
DA:116,0
DA:117,0
DA:118,0
DA:121,0
DA:127,0
DA:130,0
DA:131,0
DA:132,0
DA:134,0
DA:135,0
DA:139,0
DA:141,0
DA:150,0
DA:154,0
DA:155,0
DA:158,0
DA:233,0
DA:235,0
LF:32
LH:0
BRDA:88,0,0,0
BRDA:128,1,0,0
BRDA:128,1,1,0
BRDA:129,2,0,0
BRDA:129,2,1,0
BRDA:130,3,0,0
BRDA:130,3,1,0
BRDA:131,4,0,0
BRDA:131,4,1,0
BRDA:132,5,0,0
BRDA:132,5,1,0
BRDA:133,6,0,0
BRDA:133,6,1,0
BRDA:158,7,0,0
BRDA:184,8,0,0
BRDA:184,8,1,0
BRDA:191,9,0,0
BRDA:191,9,1,0
BRDA:204,10,0,0
BRDA:204,10,1,0
BRF:20
BRH:0
end_of_record
TN:
SF:app\api\import\approve\route.ts
FN:4,POST
FNF:1
FNH:0
FNDA:0,POST
DA:2,0
DA:4,0
DA:5,0
DA:6,0
DA:8,0
DA:9,0
DA:15,0
DA:22,0
DA:32,0
DA:33,0
DA:35,0
DA:53,0
DA:54,0
DA:69,0
DA:70,0
DA:71,0
DA:72,0
DA:73,0
DA:81,0
DA:91,0
DA:93,0
DA:94,0
DA:95,0
DA:100,0
DA:109,0
DA:121,0
DA:122,0
LF:27
LH:0
BRDA:8,0,0,0
BRDA:8,1,0,0
BRDA:8,1,1,0
BRDA:38,2,0,0
BRDA:38,2,1,0
BRDA:53,3,0,0
BRDA:69,4,0,0
BRDA:71,5,0,0
BRDA:71,5,1,0
BRDA:85,6,0,0
BRDA:85,6,1,0
BRDA:95,7,0,0
BRDA:95,7,1,0
BRDA:104,8,0,0
BRDA:104,8,1,0
BRDA:105,9,0,0
BRDA:105,9,1,0
BRF:17
BRH:0
end_of_record
TN:
SF:app\api\import\process\route.ts
FN:6,(anonymous_2)
FN:14,(anonymous_3)
FN:18,(anonymous_4)
FN:19,(anonymous_5)
FN:24,(anonymous_6)
FN:37,(anonymous_7)
FN:47,(anonymous_8)
FN:52,(anonymous_9)
FN:59,(anonymous_10)
FN:66,(anonymous_11)
FN:73,(anonymous_12)
FN:83,generateEmbedding
FN:86,(anonymous_14)
FN:90,suggestCategory
FN:131,(anonymous_16)
FN:162,POST
FN:174,(anonymous_18)
FN:186,(anonymous_19)
FN:281,(anonymous_20)
FNF:19
FNH:0
FNDA:0,(anonymous_2)
FNDA:0,(anonymous_3)
FNDA:0,(anonymous_4)
FNDA:0,(anonymous_5)
FNDA:0,(anonymous_6)
FNDA:0,(anonymous_7)
FNDA:0,(anonymous_8)
FNDA:0,(anonymous_9)
FNDA:0,(anonymous_10)
FNDA:0,(anonymous_11)
FNDA:0,(anonymous_12)
FNDA:0,generateEmbedding
FNDA:0,(anonymous_14)
FNDA:0,suggestCategory
FNDA:0,(anonymous_16)
FNDA:0,POST
FNDA:0,(anonymous_18)
FNDA:0,(anonymous_19)
FNDA:0,(anonymous_20)
DA:2,0
DA:7,0
DA:16,0
DA:18,0
DA:19,0
DA:25,0
DA:36,0
DA:37,0
DA:38,0
DA:39,0
DA:40,0
DA:44,0
DA:48,0
DA:51,0
DA:52,0
DA:53,0
DA:54,0
DA:58,0
DA:59,0
DA:60,0
DA:61,0
DA:65,0
DA:66,0
DA:67,0
DA:68,0
DA:72,0
DA:73,0
DA:74,0
DA:75,0
DA:78,0
DA:86,0
DA:100,0
DA:102,0
DA:104,0
DA:112,0
DA:113,0
DA:115,0
DA:116,0
DA:119,0
DA:120,0
DA:121,0
DA:122,0
DA:123,0
DA:129,0
DA:130,0
DA:131,0
DA:132,0
DA:138,0
DA:140,0
DA:141,0
DA:150,0
DA:152,0
DA:153,0
DA:162,0
DA:163,0
DA:164,0
DA:165,0
DA:167,0
DA:168,0
DA:172,0
DA:173,0
DA:175,0
DA:177,0
DA:185,0
DA:186,0
DA:188,0
DA:197,0
DA:198,0
DA:199,0
DA:201,0
DA:204,0
DA:212,0
DA:215,0
DA:223,0
DA:226,0
DA:234,0
DA:235,0
DA:238,0
DA:246,0
DA:249,0
DA:257,0
DA:260,0
DA:281,0
DA:285,0
DA:286,0
DA:287,0
DA:296,0
DA:298,0
DA:299,0
DA:303,0
DA:308,0
DA:316,0
DA:317,0
LF:93
LH:0
BRDA:39,0,0,0
BRDA:53,1,0,0
BRDA:60,2,0,0
BRDA:67,3,0,0
BRDA:74,4,0,0
BRDA:113,5,0,0
BRDA:113,6,0,0
BRDA:113,6,1,0
BRDA:121,7,0,0
BRDA:121,8,0,0
BRDA:121,8,1,0
BRDA:129,9,0,0
BRDA:131,10,0,0
BRDA:140,11,0,0
BRDA:167,12,0,0
BRDA:199,13,0,0
BRF:16
BRH:0
end_of_record
TN:
SF:app\api\products\route.ts
FN:4,GET
FN:21,POST
FNF:2
FNH:0
FNDA:0,GET
FNDA:0,POST
DA:2,0
DA:4,0
DA:5,0
DA:6,0
DA:7,0
DA:8,0
DA:10,0
DA:11,0
DA:13,0
DA:14,0
DA:21,0
DA:22,0
DA:23,0
DA:34,0
DA:36,0
DA:37,0
DA:44,0
DA:57,0
DA:58,0
DA:59,0
DA:66,0
DA:68,0
DA:69,0
LF:23
LH:0
BRDA:8,0,0,0
BRDA:8,0,1,0
BRDA:36,1,0,0
BRDA:57,2,0,0
BRDA:57,3,0,0
BRDA:57,3,1,0
BRF:6
BRH:0
end_of_record
TN:
SF:app\api\products\[id]\review\route.ts
FN:4,POST
FNF:1
FNH:0
FNDA:0,POST
DA:2,0
DA:4,0
DA:8,0
DA:9,0
DA:10,0
DA:11,0
DA:13,0
DA:14,0
DA:21,0
DA:24,0
DA:31,0
DA:33,0
DA:34,0
LF:13
LH:0
BRDA:13,0,0,0
BRDA:13,1,0,0
BRDA:13,1,1,0
BRF:3
BRH:0
end_of_record
TN:
SF:app\api\similarity\[id]\route.ts
FN:4,GET
FN:21,POST
FNF:2
FNH:0
FNDA:0,GET
FNDA:0,POST
DA:2,0
DA:4,0
DA:8,0
DA:9,0
DA:10,0
DA:11,0
DA:13,0
DA:14,0
DA:21,0
DA:25,0
DA:26,0
DA:27,0
DA:28,0
DA:30,0
DA:31,0
DA:37,0
DA:44,0
DA:46,0
DA:47,0
LF:19
LH:0
BRDA:30,0,0,0
BRDA:30,1,0,0
BRDA:30,1,1,0
BRDA:41,2,0,0
BRDA:41,2,1,0
BRF:5
BRH:0
end_of_record
TN:
SF:app\api\synonyms\route.ts
FN:4,GET
FN:20,POST
FNF:2
FNH:0
FNDA:0,GET
FNDA:0,POST
DA:2,0
DA:4,0
DA:5,0
DA:6,0
DA:7,0
DA:9,0
DA:10,0
DA:12,0
DA:13,0
DA:20,0
DA:21,0
DA:22,0
DA:23,0
DA:25,0
DA:26,0
DA:32,0
DA:39,0
DA:41,0
DA:42,0
LF:19
LH:0
BRDA:9,0,0,0
BRDA:9,0,1,0
BRDA:25,1,0,0
BRDA:25,2,0,0
BRDA:25,2,1,0
BRDA:25,2,2,0
BRDA:25,2,3,0
BRF:7
BRH:0
end_of_record
TN:
SF:app\api\synonyms\[id]\route.ts
FN:4,PUT
FN:23,DELETE
FNF:2
FNH:0
FNDA:0,PUT
FNDA:0,DELETE
DA:2,0
DA:4,0
DA:8,0
DA:9,0
DA:10,0
DA:12,0
DA:13,0
DA:15,0
DA:16,0
DA:23,0
DA:27,0
DA:28,0
DA:29,0
DA:30,0
DA:32,0
DA:33,0
LF:16
LH:0
BRF:0
BRH:0
end_of_record
TN:
SF:app\api\taxonomy\route.ts
FN:73,GET
FN:74,(anonymous_5)
FN:149,POST
FN:150,(anonymous_7)
FNF:4
FNH:0
FNDA:0,GET
FNDA:0,(anonymous_5)
FNDA:0,POST
FNDA:0,(anonymous_7)
DA:2,0
DA:3,0
DA:4,0
DA:5,0
DA:6,0
DA:34,0
DA:55,0
DA:64,0
DA:73,0
DA:74,0
DA:76,0
DA:79,0
DA:86,0
DA:87,0
DA:89,0
DA:90,0
DA:91,0
DA:95,0
DA:105,0
DA:107,0
DA:112,0
DA:114,0
DA:123,0
DA:130,0
DA:132,0
DA:149,0
DA:150,0
DA:152,0
DA:155,0
DA:162,0
DA:163,0
DA:164,0
DA:167,0
DA:169,0
DA:172,0
DA:173,0
DA:175,0
DA:176,0
DA:177,0
DA:178,0
DA:179,0
DA:184,0
DA:185,0
DA:189,0
DA:192,0
DA:205,0
DA:210,0
LF:47
LH:0
BRDA:90,0,0,0
BRDA:112,1,0,0
BRDA:112,1,1,0
BRDA:112,2,0,0
BRDA:112,2,1,0
BRDA:163,3,0,0
BRDA:175,4,0,0
BRDA:177,5,0,0
BRDA:200,6,0,0
BRDA:200,6,1,0
BRDA:201,7,0,0
BRDA:201,7,1,0
BRF:12
BRH:0
end_of_record
TN:
SF:app\api\taxonomy\[id]\route.ts
FN:4,PUT
FN:23,DELETE
FNF:2
FNH:0
FNDA:0,PUT
FNDA:0,DELETE
DA:2,0
DA:4,0
DA:8,0
DA:9,0
DA:10,0
DA:12,0
DA:13,0
DA:15,0
DA:16,0
DA:23,0
DA:27,0
DA:28,0
DA:29,0
DA:30,0
DA:32,0
DA:33,0
LF:16
LH:0
BRF:0
BRH:0
end_of_record
TN:
SF:app\deduplication\page.tsx
FN:36,ProductDeduplication
FN:54,(anonymous_2)
FN:62,(anonymous_3)
FN:94,(anonymous_4)
FN:115,(anonymous_5)
FN:122,(anonymous_6)
FN:123,(anonymous_7)
FN:171,(anonymous_8)
FN:172,(anonymous_9)
FN:183,(anonymous_10)
FN:204,(anonymous_11)
FN:204,(anonymous_12)
FN:209,(anonymous_13)
FN:256,(anonymous_14)
FN:290,(anonymous_15)
FN:309,(anonymous_16)
FN:337,(anonymous_17)
FN:382,(anonymous_18)
FN:398,(anonymous_19)
FN:404,(anonymous_20)
FN:410,(anonymous_21)
FN:416,(anonymous_22)
FN:425,(anonymous_23)
FN:428,(anonymous_24)
FN:450,(anonymous_25)
FN:451,(anonymous_26)
FN:543,(anonymous_27)
FN:550,(anonymous_28)
FN:557,(anonymous_29)
FNF:29
FNH:0
FNDA:0,ProductDeduplication
FNDA:0,(anonymous_2)
FNDA:0,(anonymous_3)
FNDA:0,(anonymous_4)
FNDA:0,(anonymous_5)
FNDA:0,(anonymous_6)
FNDA:0,(anonymous_7)
FNDA:0,(anonymous_8)
FNDA:0,(anonymous_9)
FNDA:0,(anonymous_10)
FNDA:0,(anonymous_11)
FNDA:0,(anonymous_12)
FNDA:0,(anonymous_13)
FNDA:0,(anonymous_14)
FNDA:0,(anonymous_15)
FNDA:0,(anonymous_16)
FNDA:0,(anonymous_17)
FNDA:0,(anonymous_18)
FNDA:0,(anonymous_19)
FNDA:0,(anonymous_20)
FNDA:0,(anonymous_21)
FNDA:0,(anonymous_22)
FNDA:0,(anonymous_23)
FNDA:0,(anonymous_24)
FNDA:0,(anonymous_25)
FNDA:0,(anonymous_26)
FNDA:0,(anonymous_27)
FNDA:0,(anonymous_28)
FNDA:0,(anonymous_29)
DA:3,0
DA:4,0
DA:5,0
DA:36,0
DA:37,0
DA:38,0
DA:39,0
DA:40,0
DA:41,0
DA:42,0
DA:43,0
DA:44,0
DA:46,0
DA:54,0
DA:55,0
DA:56,0
DA:58,0
DA:62,0
DA:63,0
DA:65,0
DA:66,0
DA:67,0
DA:68,0
DA:70,0
DA:74,0
DA:79,0
DA:89,0
DA:90,0
DA:93,0
DA:94,0
DA:99,0
DA:102,0
DA:108,0
DA:109,0
DA:111,0
DA:115,0
DA:116,0
DA:117,0
DA:119,0
DA:121,0
DA:122,0
DA:123,0
DA:125,0
DA:128,0
DA:130,0
DA:131,0
DA:132,0
DA:141,0
DA:142,0
DA:144,0
DA:152,0
DA:153,0
DA:162,0
DA:165,0
DA:167,0
DA:171,0
DA:172,0
DA:174,0
DA:175,0
DA:176,0
DA:180,0
DA:181,0
DA:183,0
DA:193,0
DA:194,0
DA:195,0
DA:196,0
DA:197,0
DA:198,0
DA:199,0
DA:200,0
DA:201,0
DA:204,0
DA:205,0
DA:209,0
DA:210,0
DA:211,0
DA:213,0
DA:215,0
DA:226,0
DA:227,0
DA:228,0
DA:231,0
DA:232,0
DA:235,0
DA:239,0
DA:240,0
DA:257,0
DA:290,0
DA:309,0
DA:337,0
DA:382,0
DA:398,0
DA:404,0
DA:410,0
DA:416,0
DA:425,0
DA:428,0
DA:450,0
DA:452,0
DA:543,0
DA:550,0
DA:557,0
LF:103
LH:0
BRDA:55,0,0,0
BRDA:55,0,1,0
BRDA:63,1,0,0
BRDA:63,2,0,0
BRDA:63,2,1,0
BRDA:90,3,0,0
BRDA:90,3,1,0
BRDA:93,4,0,0
BRDA:93,5,0,0
BRDA:93,5,1,0
BRDA:102,6,0,0
BRDA:102,6,1,0
BRDA:109,7,0,0
BRDA:109,7,1,0
BRDA:146,8,0,0
BRDA:146,8,1,0
BRDA:148,9,0,0
BRDA:148,9,1,0
BRDA:174,10,0,0
BRDA:186,11,0,0
BRDA:186,11,1,0
BRDA:187,12,0,0
BRDA:187,12,1,0
BRDA:205,13,0,0
BRDA:205,13,1,0
BRDA:211,14,0,0
BRDA:227,15,0,0
BRDA:227,15,1,0
BRDA:231,16,0,0
BRDA:240,17,0,0
BRDA:240,17,1,0
BRDA:259,18,0,0
BRDA:259,18,1,0
BRDA:260,19,0,0
BRDA:260,19,1,0
BRDA:263,20,0,0
BRDA:263,20,1,0
BRDA:267,21,0,0
BRDA:267,21,1,0
BRDA:273,22,0,0
BRDA:282,23,0,0
BRDA:309,24,0,0
BRDA:309,24,1,0
BRDA:319,25,0,0
BRDA:337,26,0,0
BRDA:337,26,1,0
BRDA:347,27,0,0
BRDA:359,28,0,0
BRDA:362,29,0,0
BRDA:362,29,1,0
BRDA:362,29,2,0
BRDA:365,30,0,0
BRDA:365,30,1,0
BRDA:369,31,0,0
BRDA:375,32,0,0
BRDA:375,32,1,0
BRDA:379,33,0,0
BRDA:392,34,0,0
BRDA:425,35,0,0
BRDA:425,36,0,0
BRDA:425,36,1,0
BRDA:428,37,0,0
BRDA:428,37,1,0
BRDA:450,38,0,0
BRDA:450,38,1,0
BRDA:452,39,0,0
BRDA:452,39,1,0
BRDA:462,40,0,0
BRDA:462,40,1,0
BRDA:462,41,0,0
BRDA:462,41,1,0
BRDA:463,42,0,0
BRDA:463,42,1,0
BRDA:463,43,0,0
BRDA:463,43,1,0
BRDA:466,44,0,0
BRDA:466,44,1,0
BRDA:471,45,0,0
BRDA:471,45,1,0
BRDA:474,46,0,0
BRDA:474,46,1,0
BRDA:486,47,0,0
BRDA:503,48,0,0
BRDA:532,49,0,0
BRDA:532,49,1,0
BRDA:534,50,0,0
BRDA:534,50,1,0
BRF:87
BRH:0
end_of_record
TN:
SF:app\import\page.tsx
FN:44,ImportPage
FN:58,(anonymous_3)
FN:65,(anonymous_4)
FN:69,(anonymous_5)
FN:69,(anonymous_6)
FN:85,(anonymous_7)
FN:85,(anonymous_8)
FN:107,(anonymous_9)
FN:107,(anonymous_10)
FN:125,(anonymous_11)
FN:125,(anonymous_12)
FN:142,(anonymous_13)
FN:142,(anonymous_14)
FN:151,(anonymous_15)
FN:151,(anonymous_16)
FN:158,(anonymous_17)
FN:159,(anonymous_18)
FN:159,(anonymous_19)
FN:166,(anonymous_20)
FN:167,(anonymous_21)
FN:178,(anonymous_22)
FN:179,(anonymous_23)
FN:291,(anonymous_24)
FN:376,(anonymous_25)
FN:382,(anonymous_26)
FNF:25
FNH:0
FNDA:0,ImportPage
FNDA:0,(anonymous_3)
FNDA:0,(anonymous_4)
FNDA:0,(anonymous_5)
FNDA:0,(anonymous_6)
FNDA:0,(anonymous_7)
FNDA:0,(anonymous_8)
FNDA:0,(anonymous_9)
FNDA:0,(anonymous_10)
FNDA:0,(anonymous_11)
FNDA:0,(anonymous_12)
FNDA:0,(anonymous_13)
FNDA:0,(anonymous_14)
FNDA:0,(anonymous_15)
FNDA:0,(anonymous_16)
FNDA:0,(anonymous_17)
FNDA:0,(anonymous_18)
FNDA:0,(anonymous_19)
FNDA:0,(anonymous_20)
FNDA:0,(anonymous_21)
FNDA:0,(anonymous_22)
FNDA:0,(anonymous_23)
FNDA:0,(anonymous_24)
FNDA:0,(anonymous_25)
FNDA:0,(anonymous_26)
DA:3,0
DA:4,0
DA:5,0
DA:6,0
DA:7,0
DA:8,0
DA:17,0
DA:44,0
DA:45,0
DA:46,0
DA:47,0
DA:48,0
DA:55,0
DA:56,0
DA:58,0
DA:59,0
DA:60,0
DA:61,0
DA:65,0
DA:66,0
DA:68,0
DA:69,0
DA:70,0
DA:74,0
DA:76,0
DA:83,0
DA:85,0
DA:86,0
DA:91,0
DA:104,0
DA:105,0
DA:107,0
DA:108,0
DA:113,0
DA:122,0
DA:123,0
DA:125,0
DA:126,0
DA:131,0
DA:140,0
DA:142,0
DA:143,0
DA:146,0
DA:147,0
DA:149,0
DA:150,0
DA:151,0
DA:152,0
DA:155,0
DA:158,0
DA:159,0
DA:160,0
DA:166,0
DA:167,0
DA:168,0
DA:169,0
DA:170,0
DA:172,0
DA:174,0
DA:178,0
DA:179,0
DA:181,0
DA:182,0
DA:188,0
DA:190,0
DA:191,0
DA:194,0
DA:292,0
DA:377,0
DA:382,0
LF:70
LH:0
BRDA:60,0,0,0
BRDA:66,1,0,0
BRDA:70,2,0,0
BRDA:70,2,1,0
BRDA:71,3,0,0
BRDA:71,3,1,0
BRDA:83,4,0,0
BRDA:86,5,0,0
BRDA:86,5,1,0
BRDA:87,6,0,0
BRDA:87,6,1,0
BRDA:104,7,0,0
BRDA:108,8,0,0
BRDA:108,8,1,0
BRDA:109,9,0,0
BRDA:109,9,1,0
BRDA:122,10,0,0
BRDA:126,11,0,0
BRDA:126,11,1,0
BRDA:127,12,0,0
BRDA:127,12,1,0
BRDA:140,13,0,0
BRDA:143,14,0,0
BRDA:143,14,1,0
BRDA:150,15,0,0
BRDA:150,15,1,0
BRDA:152,16,0,0
BRDA:152,16,1,0
BRDA:160,17,0,0
BRDA:160,17,1,0
BRDA:169,18,0,0
BRDA:169,18,1,0
BRDA:188,19,0,0
BRDA:231,20,0,0
BRDA:256,21,0,0
BRDA:264,22,0,0
BRDA:280,23,0,0
BRDA:294,24,0,0
BRDA:297,25,0,0
BRDA:300,26,0,0
BRDA:303,27,0,0
BRDA:323,28,0,0
BRDA:334,29,0,0
BRDA:421,30,0,0
BRDA:421,30,1,0
BRDA:423,31,0,0
BRDA:423,31,1,0
BRDA:427,32,0,0
BRDA:427,32,1,0
BRDA:428,33,0,0
BRDA:428,33,1,0
BRF:51
BRH:0
end_of_record
TN:
SF:app\products\page.tsx
FN:36,ProductsPage
FN:53,(anonymous_3)
FN:58,(anonymous_4)
FN:62,(anonymous_5)
FN:66,(anonymous_6)
FN:70,(anonymous_7)
FN:81,(anonymous_8)
FN:216,(anonymous_9)
FN:230,(anonymous_10)
FN:239,(anonymous_11)
FN:245,(anonymous_12)
FN:257,(anonymous_13)
FN:270,(anonymous_14)
FN:317,(anonymous_15)
FN:331,(anonymous_16)
FN:345,(anonymous_17)
FN:376,(anonymous_18)
FN:392,(anonymous_19)
FN:396,(anonymous_20)
FN:414,(anonymous_21)
FN:449,(anonymous_22)
FN:456,(anonymous_23)
FN:523,(anonymous_24)
FN:575,(anonymous_25)
FN:660,(anonymous_26)
FN:681,(anonymous_27)
FN:711,(anonymous_28)
FN:718,(anonymous_29)
FNF:28
FNH:0
FNDA:0,ProductsPage
FNDA:0,(anonymous_3)
FNDA:0,(anonymous_4)
FNDA:0,(anonymous_5)
FNDA:0,(anonymous_6)
FNDA:0,(anonymous_7)
FNDA:0,(anonymous_8)
FNDA:0,(anonymous_9)
FNDA:0,(anonymous_10)
FNDA:0,(anonymous_11)
FNDA:0,(anonymous_12)
FNDA:0,(anonymous_13)
FNDA:0,(anonymous_14)
FNDA:0,(anonymous_15)
FNDA:0,(anonymous_16)
FNDA:0,(anonymous_17)
FNDA:0,(anonymous_18)
FNDA:0,(anonymous_19)
FNDA:0,(anonymous_20)
FNDA:0,(anonymous_21)
FNDA:0,(anonymous_22)
FNDA:0,(anonymous_23)
FNDA:0,(anonymous_24)
FNDA:0,(anonymous_25)
FNDA:0,(anonymous_26)
FNDA:0,(anonymous_27)
FNDA:0,(anonymous_28)
FNDA:0,(anonymous_29)
DA:2,0
DA:3,0
DA:4,0
DA:5,0
DA:6,0
DA:12,0
DA:27,0
DA:36,0
DA:37,0
DA:38,0
DA:39,0
DA:40,0
DA:41,0
DA:42,0
DA:43,0
DA:45,0
DA:53,0
DA:54,0
DA:58,0
DA:59,0
DA:61,0
DA:62,0
DA:65,0
DA:66,0
DA:69,0
DA:70,0
DA:71,0
DA:78,0
DA:81,0
DA:82,0
DA:83,0
DA:86,0
DA:91,0
DA:92,0
DA:94,0
DA:95,0
DA:98,0
DA:99,0
DA:122,0
DA:206,0
DA:207,0
DA:209,0
DA:212,0
DA:216,0
DA:217,0
DA:219,0
DA:230,0
DA:233,0
DA:235,0
DA:239,0
DA:240,0
DA:241,0
DA:242,0
DA:245,0
DA:246,0
DA:247,0
DA:248,0
DA:249,0
DA:250,0
DA:252,0
DA:253,0
DA:257,0
DA:258,0
DA:270,0
DA:271,0
DA:283,0
DA:317,0
DA:331,0
DA:345,0
DA:376,0
DA:392,0
DA:397,0
DA:414,0
DA:450,0
DA:456,0
DA:524,0
DA:525,0
DA:575,0
DA:661,0
DA:682,0
DA:711,0
DA:718,0
LF:82
LH:0
BRDA:61,0,0,0
BRDA:65,1,0,0
BRDA:69,2,0,0
BRDA:71,3,0,0
BRDA:71,3,1,0
BRDA:71,3,2,0
BRDA:71,3,3,0
BRDA:71,3,4,0
BRDA:71,3,5,0
BRDA:71,3,6,0
BRDA:91,4,0,0
BRDA:91,4,1,0
BRDA:92,5,0,0
BRDA:92,5,1,0
BRDA:248,6,0,0
BRDA:248,6,1,0
BRDA:283,7,0,0
BRDA:425,8,0,0
BRDA:467,9,0,0
BRDA:480,10,0,0
BRDA:489,11,0,0
BRDA:511,12,0,0
BRDA:545,13,0,0
BRDA:545,13,1,0
BRDA:564,14,0,0
BRDA:593,15,0,0
BRDA:593,15,1,0
BRDA:600,16,0,0
BRDA:600,16,1,0
BRDA:607,17,0,0
BRDA:607,17,1,0
BRDA:617,18,0,0
BRDA:617,18,1,0
BRDA:626,19,0,0
BRDA:626,19,1,0
BRDA:642,20,0,0
BRDA:654,21,0,0
BRDA:654,21,1,0
BRDA:675,22,0,0
BRDA:707,23,0,0
BRF:40
BRH:0
end_of_record
TN:
SF:app\settings\page.tsx
FN:78,SettingsPage
FN:120,(anonymous_3)
FN:125,(anonymous_4)
FN:143,(anonymous_5)
FN:154,(anonymous_6)
FN:164,(anonymous_7)
FN:182,(anonymous_8)
FN:186,(anonymous_9)
FN:216,(anonymous_10)
FN:217,(anonymous_11)
FN:236,(anonymous_12)
FN:245,(anonymous_13)
FN:256,(anonymous_14)
FN:271,(anonymous_15)
FN:289,(anonymous_16)
FN:294,(anonymous_17)
FN:310,(anonymous_18)
FN:327,(anonymous_19)
FN:376,(anonymous_20)
FN:381,(anonymous_21)
FN:416,(anonymous_22)
FN:430,(anonymous_23)
FN:471,(anonymous_24)
FN:485,(anonymous_25)
FN:502,(anonymous_26)
FN:534,(anonymous_27)
FN:561,(anonymous_28)
FN:561,(anonymous_29)
FN:579,(anonymous_30)
FN:579,(anonymous_31)
FN:599,(anonymous_32)
FN:599,(anonymous_33)
FN:615,(anonymous_34)
FN:615,(anonymous_35)
FN:686,(anonymous_36)
FN:704,(anonymous_37)
FN:751,(anonymous_38)
FN:758,(anonymous_39)
FNF:38
FNH:0
FNDA:0,SettingsPage
FNDA:0,(anonymous_3)
FNDA:0,(anonymous_4)
FNDA:0,(anonymous_5)
FNDA:0,(anonymous_6)
FNDA:0,(anonymous_7)
FNDA:0,(anonymous_8)
FNDA:0,(anonymous_9)
FNDA:0,(anonymous_10)
FNDA:0,(anonymous_11)
FNDA:0,(anonymous_12)
FNDA:0,(anonymous_13)
FNDA:0,(anonymous_14)
FNDA:0,(anonymous_15)
FNDA:0,(anonymous_16)
FNDA:0,(anonymous_17)
FNDA:0,(anonymous_18)
FNDA:0,(anonymous_19)
FNDA:0,(anonymous_20)
FNDA:0,(anonymous_21)
FNDA:0,(anonymous_22)
FNDA:0,(anonymous_23)
FNDA:0,(anonymous_24)
FNDA:0,(anonymous_25)
FNDA:0,(anonymous_26)
FNDA:0,(anonymous_27)
FNDA:0,(anonymous_28)
FNDA:0,(anonymous_29)
FNDA:0,(anonymous_30)
FNDA:0,(anonymous_31)
FNDA:0,(anonymous_32)
FNDA:0,(anonymous_33)
FNDA:0,(anonymous_34)
FNDA:0,(anonymous_35)
FNDA:0,(anonymous_36)
FNDA:0,(anonymous_37)
FNDA:0,(anonymous_38)
FNDA:0,(anonymous_39)
DA:3,0
DA:4,0
DA:5,0
DA:6,0
DA:7,0
DA:22,0
DA:23,0
DA:78,0
DA:79,0
DA:80,0
DA:81,0
DA:82,0
DA:111,0
DA:112,0
DA:113,0
DA:114,0
DA:115,0
DA:116,0
DA:117,0
DA:120,0
DA:121,0
DA:122,0
DA:125,0
DA:126,0
DA:127,0
DA:129,0
DA:133,0
DA:134,0
DA:136,0
DA:137,0
DA:139,0
DA:143,0
DA:144,0
DA:145,0
DA:146,0
DA:147,0
DA:150,0
DA:154,0
DA:155,0
DA:156,0
DA:157,0
DA:159,0
DA:160,0
DA:164,0
DA:165,0
DA:166,0
DA:167,0
DA:168,0
DA:174,0
DA:182,0
DA:183,0
DA:184,0
DA:186,0
DA:187,0
DA:188,0
DA:190,0
DA:192,0
DA:193,0
DA:195,0
DA:196,0
DA:199,0
DA:200,0
DA:201,0
DA:204,0
DA:205,0
DA:209,0
DA:216,0
DA:217,0
DA:219,0
DA:220,0
DA:222,0
DA:223,0
DA:224,0
DA:225,0
DA:233,0
DA:236,0
DA:237,0
DA:238,0
DA:239,0
DA:242,0
DA:244,0
DA:245,0
DA:246,0
DA:247,0
DA:248,0
DA:255,0
DA:256,0
DA:257,0
DA:258,0
DA:259,0
DA:268,0
DA:271,0
DA:272,0
DA:279,0
DA:280,0
DA:281,0
DA:282,0
DA:283,0
DA:284,0
DA:285,0
DA:286,0
DA:289,0
DA:290,0
DA:291,0
DA:293,0
DA:294,0
DA:295,0
DA:296,0
DA:298,0
DA:299,0
DA:300,0
DA:302,0
DA:304,0
DA:307,0
DA:310,0
DA:311,0
DA:312,0
DA:314,0
DA:315,0
DA:317,0
DA:318,0
DA:320,0
DA:321,0
DA:323,0
DA:324,0
DA:327,0
DA:328,0
DA:329,0
DA:331,0
DA:332,0
DA:333,0
DA:334,0
DA:335,0
DA:336,0
DA:339,0
DA:340,0
DA:342,0
DA:346,0
DA:377,0
DA:378,0
DA:381,0
DA:416,0
DA:431,0
DA:471,0
DA:486,0
DA:503,0
DA:534,0
DA:561,0
DA:579,0
DA:599,0
DA:615,0
DA:686,0
DA:705,0
DA:751,0
DA:758,0
LF:155
LH:0
BRDA:133,0,0,0
BRDA:133,0,1,0
BRDA:134,1,0,0
BRDA:134,1,1,0
BRDA:146,2,0,0
BRDA:169,3,0,0
BRDA:169,3,1,0
BRDA:190,4,0,0
BRDA:190,4,1,0
BRDA:190,4,2,0
BRDA:204,5,0,0
BRDA:224,6,0,0
BRDA:224,6,1,0
BRDA:237,7,0,0
BRDA:244,8,0,0
BRDA:244,8,1,0
BRDA:246,9,0,0
BRDA:255,10,0,0
BRDA:257,11,0,0
BRDA:291,12,0,0
BRDA:298,13,0,0
BRDA:299,14,0,0
BRDA:300,15,0,0
BRDA:312,16,0,0
BRDA:312,16,1,0
BRDA:312,16,2,0
BRDA:331,17,0,0
BRDA:331,17,1,0
BRDA:333,18,0,0
BRDA:333,18,1,0
BRDA:335,19,0,0
BRDA:384,20,0,0
BRDA:384,20,1,0
BRDA:410,21,0,0
BRDA:437,22,0,0
BRDA:437,22,1,0
BRDA:439,23,0,0
BRDA:439,23,1,0
BRDA:465,24,0,0
BRDA:492,25,0,0
BRDA:492,25,1,0
BRDA:494,26,0,0
BRDA:494,26,1,0
BRDA:507,27,0,0
BRDA:528,28,0,0
BRDA:633,29,0,0
BRDA:701,30,0,0
BRDA:706,31,0,0
BRDA:706,31,1,0
BRDA:710,32,0,0
BRDA:716,33,0,0
BRDA:716,33,1,0
BRDA:721,34,0,0
BRDA:721,34,1,0
BRDA:726,35,0,0
BRDA:744,36,0,0
BRF:56
BRH:0
end_of_record
TN:
SF:app\synonyms\page.tsx
FN:41,SynonymsPage
FN:62,(anonymous_3)
FN:66,(anonymous_4)
FN:70,(anonymous_5)
FN:158,(anonymous_6)
FN:162,(anonymous_7)
FN:165,(anonymous_8)
FN:172,(anonymous_9)
FN:176,(anonymous_10)
FN:177,(anonymous_11)
FN:184,(anonymous_12)
FN:195,(anonymous_13)
FN:201,(anonymous_14)
FN:212,(anonymous_15)
FN:225,(anonymous_16)
FN:270,(anonymous_17)
FN:271,(anonymous_18)
FN:283,(anonymous_19)
FN:284,(anonymous_20)
FN:286,(anonymous_21)
FN:290,(anonymous_22)
FN:291,(anonymous_23)
FN:293,(anonymous_24)
FN:341,(anonymous_25)
FN:349,(anonymous_26)
FN:353,(anonymous_27)
FN:363,(anonymous_28)
FN:415,(anonymous_29)
FN:431,(anonymous_30)
FN:480,(anonymous_31)
FN:486,(anonymous_32)
FN:520,(anonymous_33)
FN:536,(anonymous_34)
FN:536,(anonymous_35)
FN:548,(anonymous_36)
FN:548,(anonymous_37)
FN:561,(anonymous_38)
FN:561,(anonymous_39)
FN:565,(anonymous_40)
FN:589,(anonymous_41)
FN:595,(anonymous_42)
FN:605,(anonymous_43)
FN:612,(anonymous_44)
FN:626,(anonymous_45)
FNF:44
FNH:0
FNDA:0,SynonymsPage
FNDA:0,(anonymous_3)
FNDA:0,(anonymous_4)
FNDA:0,(anonymous_5)
FNDA:0,(anonymous_6)
FNDA:0,(anonymous_7)
FNDA:0,(anonymous_8)
FNDA:0,(anonymous_9)
FNDA:0,(anonymous_10)
FNDA:0,(anonymous_11)
FNDA:0,(anonymous_12)
FNDA:0,(anonymous_13)
FNDA:0,(anonymous_14)
FNDA:0,(anonymous_15)
FNDA:0,(anonymous_16)
FNDA:0,(anonymous_17)
FNDA:0,(anonymous_18)
FNDA:0,(anonymous_19)
FNDA:0,(anonymous_20)
FNDA:0,(anonymous_21)
FNDA:0,(anonymous_22)
FNDA:0,(anonymous_23)
FNDA:0,(anonymous_24)
FNDA:0,(anonymous_25)
FNDA:0,(anonymous_26)
FNDA:0,(anonymous_27)
FNDA:0,(anonymous_28)
FNDA:0,(anonymous_29)
FNDA:0,(anonymous_30)
FNDA:0,(anonymous_31)
FNDA:0,(anonymous_32)
FNDA:0,(anonymous_33)
FNDA:0,(anonymous_34)
FNDA:0,(anonymous_35)
FNDA:0,(anonymous_36)
FNDA:0,(anonymous_37)
FNDA:0,(anonymous_38)
FNDA:0,(anonymous_39)
FNDA:0,(anonymous_40)
FNDA:0,(anonymous_41)
FNDA:0,(anonymous_42)
FNDA:0,(anonymous_43)
FNDA:0,(anonymous_44)
FNDA:0,(anonymous_45)
DA:3,0
DA:4,0
DA:5,0
DA:6,0
DA:7,0
DA:13,0
DA:26,0
DA:41,0
DA:42,0
DA:43,0
DA:44,0
DA:45,0
DA:46,0
DA:47,0
DA:50,0
DA:51,0
DA:52,0
DA:55,0
DA:62,0
DA:63,0
DA:66,0
DA:67,0
DA:70,0
DA:71,0
DA:72,0
DA:75,0
DA:80,0
DA:81,0
DA:83,0
DA:84,0
DA:87,0
DA:88,0
DA:111,0
DA:148,0
DA:149,0
DA:151,0
DA:154,0
DA:158,0
DA:159,0
DA:161,0
DA:162,0
DA:163,0
DA:166,0
DA:171,0
DA:172,0
DA:175,0
DA:176,0
DA:177,0
DA:181,0
DA:184,0
DA:185,0
DA:186,0
DA:192,0
DA:195,0
DA:196,0
DA:197,0
DA:201,0
DA:209,0
DA:212,0
DA:213,0
DA:215,0
DA:216,0
DA:217,0
DA:218,0
DA:220,0
DA:221,0
DA:225,0
DA:226,0
DA:228,0
DA:229,0
DA:231,0
DA:236,0
DA:239,0
DA:247,0
DA:248,0
DA:259,0
DA:262,0
DA:263,0
DA:265,0
DA:266,0
DA:270,0
DA:271,0
DA:283,0
DA:284,0
DA:286,0
DA:290,0
DA:291,0
DA:294,0
DA:299,0
DA:341,0
DA:349,0
DA:354,0
DA:363,0
DA:416,0
DA:432,0
DA:480,0
DA:486,0
DA:520,0
DA:536,0
DA:548,0
DA:561,0
DA:566,0
DA:590,0
DA:595,0
DA:605,0
DA:612,0
DA:626,0
LF:107
LH:0
BRDA:80,0,0,0
BRDA:80,0,1,0
BRDA:81,1,0,0
BRDA:81,1,1,0
BRDA:161,2,0,0
BRDA:163,3,0,0
BRDA:163,3,1,0
BRDA:163,3,2,0
BRDA:171,4,0,0
BRDA:175,5,0,0
BRDA:199,6,0,0
BRDA:199,6,1,0
BRDA:200,7,0,0
BRDA:200,7,1,0
BRDA:201,8,0,0
BRDA:201,8,1,0
BRDA:213,9,0,0
BRDA:229,10,0,0
BRDA:229,10,1,0
BRDA:294,11,0,0
BRDA:294,11,1,0
BRDA:299,12,0,0
BRDA:387,13,0,0
BRDA:422,14,0,0
BRDA:435,15,0,0
BRDA:435,15,1,0
BRDA:441,16,0,0
BRDA:446,17,0,0
BRDA:446,17,1,0
BRDA:455,18,0,0
BRDA:455,18,1,0
BRDA:460,19,0,0
BRDA:460,19,1,0
BRDA:465,20,0,0
BRDA:506,21,0,0
BRDA:517,22,0,0
BRDA:517,22,1,0
BRDA:636,23,0,0
BRDA:636,23,1,0
BRF:39
BRH:0
end_of_record
TN:
SF:app\taxonomy\page.tsx
FN:19,TaxonomyManager
FN:32,(anonymous_3)
FN:36,(anonymous_4)
FN:51,(anonymous_5)
FN:63,(anonymous_6)
FN:79,(anonymous_7)
FN:112,(anonymous_8)
FN:113,(anonymous_9)
FN:136,(anonymous_10)
FN:142,(anonymous_11)
FN:187,(anonymous_12)
FN:213,(anonymous_13)
FN:239,(anonymous_14)
FN:254,(anonymous_15)
FN:268,(anonymous_16)
FN:280,(anonymous_17)
FN:290,(anonymous_18)
FNF:17
FNH:0
FNDA:0,TaxonomyManager
FNDA:0,(anonymous_3)
FNDA:0,(anonymous_4)
FNDA:0,(anonymous_5)
FNDA:0,(anonymous_6)
FNDA:0,(anonymous_7)
FNDA:0,(anonymous_8)
FNDA:0,(anonymous_9)
FNDA:0,(anonymous_10)
FNDA:0,(anonymous_11)
FNDA:0,(anonymous_12)
FNDA:0,(anonymous_13)
FNDA:0,(anonymous_14)
FNDA:0,(anonymous_15)
FNDA:0,(anonymous_16)
FNDA:0,(anonymous_17)
FNDA:0,(anonymous_18)
DA:3,0
DA:4,0
DA:5,0
DA:6,0
DA:7,0
DA:8,0
DA:17,0
DA:19,0
DA:20,0
DA:21,0
DA:22,0
DA:23,0
DA:24,0
DA:32,0
DA:33,0
DA:36,0
DA:37,0
DA:38,0
DA:39,0
DA:40,0
DA:42,0
DA:43,0
DA:45,0
DA:47,0
DA:51,0
DA:52,0
DA:53,0
DA:60,0
DA:63,0
DA:64,0
DA:65,0
DA:68,0
DA:71,0
DA:72,0
DA:74,0
DA:75,0
DA:79,0
DA:80,0
DA:82,0
DA:83,0
DA:84,0
DA:87,0
DA:88,0
DA:90,0
DA:93,0
DA:96,0
DA:97,0
DA:98,0
DA:105,0
DA:107,0
DA:108,0
DA:112,0
DA:113,0
DA:114,0
DA:136,0
DA:142,0
DA:159,0
DA:188,0
DA:189,0
DA:196,0
DA:213,0
DA:239,0
DA:254,0
DA:268,0
DA:280,0
DA:290,0
LF:66
LH:0
BRDA:40,0,0,0
BRDA:40,0,1,0
BRDA:55,1,0,0
BRDA:55,1,1,0
BRDA:56,2,0,0
BRDA:56,2,1,0
BRDA:57,3,0,0
BRDA:57,3,1,0
BRDA:58,4,0,0
BRDA:58,4,1,0
BRDA:64,5,0,0
BRDA:82,6,0,0
BRDA:88,7,0,0
BRDA:88,7,1,0
BRDA:112,8,0,0
BRDA:118,9,0,0
BRDA:118,9,1,0
BRDA:126,10,0,0
BRDA:129,11,0,0
BRDA:150,12,0,0
BRDA:150,12,1,0
BRDA:159,13,0,0
BRDA:208,14,0,0
BRDA:227,15,0,0
BRDA:236,16,0,0
BRDA:236,16,1,0
BRF:26
BRH:0
end_of_record
TN:
SF:components\Layout\Header.tsx
FN:12,Header
FN:71,(anonymous_2)
FN:97,(anonymous_3)
FN:133,(anonymous_4)
FN:183,(anonymous_5)
FNF:5
FNH:0
FNDA:0,Header
FNDA:0,(anonymous_2)
FNDA:0,(anonymous_3)
FNDA:0,(anonymous_4)
FNDA:0,(anonymous_5)
DA:3,0
DA:4,0
DA:5,0
DA:12,0
DA:13,0
DA:14,0
DA:16,0
DA:71,0
DA:98,0
DA:133,0
DA:184,0
DA:185,0
LF:12
LH:0
BRDA:12,0,0,0
BRDA:49,1,0,0
BRDA:75,2,0,0
BRDA:84,3,0,0
BRDA:101,4,0,0
BRDA:101,4,1,0
BRDA:102,5,0,0
BRDA:102,5,1,0
BRDA:146,6,0,0
BRDA:180,7,0,0
BRDA:180,7,1,0
BRF:11
BRH:0
end_of_record
TN:
SF:components\Layout\Sidebar.tsx
FN:75,Sidebar
FN:102,(anonymous_3)
FN:115,(anonymous_4)
FN:151,(anonymous_5)
FN:160,(anonymous_6)
FN:168,(anonymous_7)
FNF:6
FNH:0
FNDA:0,Sidebar
FNDA:0,(anonymous_3)
FNDA:0,(anonymous_4)
FNDA:0,(anonymous_5)
FNDA:0,(anonymous_6)
FNDA:0,(anonymous_7)
DA:3,0
DA:4,0
DA:5,0
DA:17,0
DA:18,0
DA:20,0
DA:75,0
DA:76,0
DA:77,0
DA:79,0
DA:102,0
DA:115,0
DA:151,0
DA:161,0
DA:162,0
DA:164,0
DA:168,0
LF:17
LH:0
BRDA:75,0,0,0
BRDA:110,1,0,0
BRDA:125,2,0,0
BRDA:125,2,1,0
BRDA:171,3,0,0
BRDA:171,3,1,0
BRDA:180,4,0,0
BRDA:180,4,1,0
BRDA:192,5,0,0
BRF:9
BRH:0
end_of_record
TN:
SF:components\Product\EnhancedProductReview.tsx
FN:38,EnhancedProductReview
FN:62,(anonymous_2)
FN:82,(anonymous_3)
FN:115,(anonymous_4)
FN:117,(anonymous_5)
FN:121,(anonymous_6)
FN:126,(anonymous_7)
FN:127,(anonymous_8)
FN:131,(anonymous_9)
FN:137,(anonymous_10)
FN:144,(anonymous_11)
FN:151,(anonymous_12)
FN:158,(anonymous_13)
FN:174,(anonymous_14)
FN:182,(anonymous_15)
FN:198,(anonymous_16)
FN:198,(anonymous_17)
FN:205,(anonymous_18)
FN:205,(anonymous_19)
FN:216,(anonymous_20)
FN:216,(anonymous_21)
FN:220,(anonymous_22)
FN:227,(anonymous_23)
FN:227,(anonymous_24)
FN:259,(anonymous_25)
FN:268,(anonymous_26)
FN:280,(anonymous_27)
FN:327,(anonymous_28)
FN:337,(anonymous_29)
FN:368,(anonymous_30)
FN:378,(anonymous_31)
FN:428,(anonymous_32)
FN:444,(anonymous_33)
FN:515,(anonymous_34)
FNF:34
FNH:0
FNDA:0,EnhancedProductReview
FNDA:0,(anonymous_2)
FNDA:0,(anonymous_3)
FNDA:0,(anonymous_4)
FNDA:0,(anonymous_5)
FNDA:0,(anonymous_6)
FNDA:0,(anonymous_7)
FNDA:0,(anonymous_8)
FNDA:0,(anonymous_9)
FNDA:0,(anonymous_10)
FNDA:0,(anonymous_11)
FNDA:0,(anonymous_12)
FNDA:0,(anonymous_13)
FNDA:0,(anonymous_14)
FNDA:0,(anonymous_15)
FNDA:0,(anonymous_16)
FNDA:0,(anonymous_17)
FNDA:0,(anonymous_18)
FNDA:0,(anonymous_19)
FNDA:0,(anonymous_20)
FNDA:0,(anonymous_21)
FNDA:0,(anonymous_22)
FNDA:0,(anonymous_23)
FNDA:0,(anonymous_24)
FNDA:0,(anonymous_25)
FNDA:0,(anonymous_26)
FNDA:0,(anonymous_27)
FNDA:0,(anonymous_28)
FNDA:0,(anonymous_29)
FNDA:0,(anonymous_30)
FNDA:0,(anonymous_31)
FNDA:0,(anonymous_32)
FNDA:0,(anonymous_33)
FNDA:0,(anonymous_34)
DA:3,0
DA:4,0
DA:5,0
DA:18,0
DA:38,0
DA:47,0
DA:48,0
DA:49,0
DA:50,0
DA:51,0
DA:52,0
DA:54,0
DA:62,0
DA:63,0
DA:64,0
DA:65,0
DA:69,0
DA:70,0
DA:71,0
DA:72,0
DA:78,0
DA:82,0
DA:83,0
DA:85,0
DA:88,0
DA:89,0
DA:90,0
DA:91,0
DA:94,0
DA:95,0
DA:96,0
DA:97,0
DA:99,0
DA:100,0
DA:101,0
DA:103,0
DA:104,0
DA:105,0
DA:107,0
DA:108,0
DA:110,0
DA:111,0
DA:115,0
DA:116,0
DA:117,0
DA:121,0
DA:122,0
DA:123,0
DA:124,0
DA:126,0
DA:127,0
DA:131,0
DA:132,0
DA:133,0
DA:134,0
DA:137,0
DA:138,0
DA:139,0
DA:140,0
DA:141,0
DA:144,0
DA:145,0
DA:146,0
DA:147,0
DA:148,0
DA:151,0
DA:152,0
DA:153,0
DA:154,0
DA:155,0
DA:158,0
DA:159,0
DA:160,0
DA:161,0
DA:162,0
DA:174,0
DA:182,0
DA:198,0
DA:205,0
DA:216,0
DA:221,0
DA:227,0
DA:260,0
DA:269,0
DA:270,0
DA:281,0
DA:328,0
DA:329,0
DA:338,0
DA:339,0
DA:368,0
DA:378,0
DA:429,0
DA:445,0
DA:515,0
LF:95
LH:0
BRDA:45,0,0,0
BRDA:63,1,0,0
BRDA:63,1,1,0
BRDA:64,2,0,0
BRDA:64,2,1,0
BRDA:65,3,0,0
BRDA:65,3,1,0
BRDA:65,3,2,0
BRDA:70,4,0,0
BRDA:70,5,0,0
BRDA:70,5,1,0
BRDA:73,6,0,0
BRDA:73,6,1,0
BRDA:73,6,2,0
BRDA:73,6,3,0
BRDA:73,6,4,0
BRDA:73,6,5,0
BRDA:73,6,6,0
BRDA:78,7,0,0
BRDA:78,7,1,0
BRDA:78,7,2,0
BRDA:78,7,3,0
BRDA:83,8,0,0
BRDA:85,9,0,0
BRDA:85,9,1,0
BRDA:85,9,2,0
BRDA:85,9,3,0
BRDA:85,9,4,0
BRDA:85,9,5,0
BRDA:85,9,6,0
BRDA:85,9,7,0
BRDA:88,10,0,0
BRDA:88,11,0,0
BRDA:88,11,1,0
BRDA:94,12,0,0
BRDA:94,13,0,0
BRDA:94,13,1,0
BRDA:122,14,0,0
BRDA:122,15,0,0
BRDA:122,15,1,0
BRDA:138,16,0,0
BRDA:145,17,0,0
BRDA:152,18,0,0
BRDA:153,19,0,0
BRDA:154,20,0,0
BRDA:159,21,0,0
BRDA:160,22,0,0
BRDA:161,23,0,0
BRDA:185,24,0,0
BRDA:185,24,1,0
BRDA:246,25,0,0
BRDA:246,25,1,0
BRDA:266,26,0,0
BRDA:266,26,1,0
BRDA:278,27,0,0
BRDA:278,27,1,0
BRDA:291,28,0,0
BRDA:299,29,0,0
BRDA:299,29,1,0
BRDA:302,30,0,0
BRDA:302,30,1,0
BRDA:302,31,0,0
BRDA:302,31,1,0
BRDA:304,32,0,0
BRDA:304,32,1,0
BRDA:304,33,0,0
BRDA:304,33,1,0
BRDA:314,34,0,0
BRDA:314,34,1,0
BRDA:316,35,0,0
BRDA:316,35,1,0
BRDA:320,36,0,0
BRDA:320,36,1,0
BRDA:321,37,0,0
BRDA:321,37,1,0
BRDA:356,38,0,0
BRDA:356,38,1,0
BRDA:392,39,0,0
BRDA:401,40,0,0
BRDA:401,40,1,0
BRDA:406,41,0,0
BRDA:406,41,1,0
BRDA:409,42,0,0
BRDA:415,43,0,0
BRDA:424,44,0,0
BRDA:424,44,1,0
BRDA:441,45,0,0
BRDA:443,46,0,0
BRDA:481,47,0,0
BRF:89
BRH:0
end_of_record
TN:
SF:components\Search\HybridSearch.tsx
FN:42,(anonymous_1)
FN:49,(anonymous_2)
FN:62,(anonymous_3)
FN:63,(anonymous_4)
FN:81,(anonymous_5)
FN:117,(anonymous_6)
FN:139,(anonymous_7)
FN:143,HybridSearch
FN:173,(anonymous_9)
FN:187,(anonymous_10)
FN:188,(anonymous_11)
FN:189,(anonymous_12)
FN:195,(anonymous_13)
FN:205,(anonymous_14)
FN:212,(anonymous_15)
FN:225,(anonymous_16)
FN:254,(anonymous_17)
FN:256,(anonymous_18)
FN:257,(anonymous_19)
FN:257,(anonymous_20)
FN:274,(anonymous_21)
FN:277,(anonymous_22)
FN:294,(anonymous_23)
FN:297,(anonymous_24)
FN:336,(anonymous_25)
FN:384,(anonymous_26)
FN:385,(anonymous_27)
FN:386,(anonymous_28)
FN:390,(anonymous_29)
FN:403,(anonymous_30)
FN:403,(anonymous_31)
FN:421,(anonymous_32)
FN:421,(anonymous_33)
FN:430,(anonymous_34)
FN:430,(anonymous_35)
FN:460,(anonymous_36)
FN:506,(anonymous_37)
FNF:37
FNH:0
FNDA:0,(anonymous_1)
FNDA:0,(anonymous_2)
FNDA:0,(anonymous_3)
FNDA:0,(anonymous_4)
FNDA:0,(anonymous_5)
FNDA:0,(anonymous_6)
FNDA:0,(anonymous_7)
FNDA:0,HybridSearch
FNDA:0,(anonymous_9)
FNDA:0,(anonymous_10)
FNDA:0,(anonymous_11)
FNDA:0,(anonymous_12)
FNDA:0,(anonymous_13)
FNDA:0,(anonymous_14)
FNDA:0,(anonymous_15)
FNDA:0,(anonymous_16)
FNDA:0,(anonymous_17)
FNDA:0,(anonymous_18)
FNDA:0,(anonymous_19)
FNDA:0,(anonymous_20)
FNDA:0,(anonymous_21)
FNDA:0,(anonymous_22)
FNDA:0,(anonymous_23)
FNDA:0,(anonymous_24)
FNDA:0,(anonymous_25)
FNDA:0,(anonymous_26)
FNDA:0,(anonymous_27)
FNDA:0,(anonymous_28)
FNDA:0,(anonymous_29)
FNDA:0,(anonymous_30)
FNDA:0,(anonymous_31)
FNDA:0,(anonymous_32)
FNDA:0,(anonymous_33)
FNDA:0,(anonymous_34)
FNDA:0,(anonymous_35)
FNDA:0,(anonymous_36)
FNDA:0,(anonymous_37)
DA:3,0
DA:4,0
DA:15,0
DA:42,0
DA:45,0
DA:46,0
DA:49,0
DA:50,0
DA:52,0
DA:53,0
DA:62,0
DA:63,0
DA:64,0
DA:66,0
DA:67,0
DA:68,0
DA:69,0
DA:72,0
DA:78,0
DA:79,0
DA:81,0
DA:83,0
DA:84,0
DA:92,0
DA:101,0
DA:105,0
DA:106,0
DA:117,0
DA:118,0
DA:136,0
DA:138,0
DA:139,0
DA:143,0
DA:148,0
DA:149,0
DA:150,0
DA:151,0
DA:152,0
DA:153,0
DA:154,0
DA:156,0
DA:165,0
DA:173,0
DA:174,0
DA:176,0
DA:177,0
DA:179,0
DA:180,0
DA:181,0
DA:184,0
DA:185,0
DA:187,0
DA:188,0
DA:189,0
DA:194,0
DA:195,0
DA:199,0
DA:201,0
DA:205,0
DA:206,0
DA:207,0
DA:208,0
DA:212,0
DA:213,0
DA:225,0
DA:226,0
DA:228,0
DA:230,0
DA:232,0
DA:234,0
DA:238,0
DA:254,0
DA:256,0
DA:257,0
DA:275,0
DA:278,0
DA:279,0
DA:280,0
DA:295,0
DA:298,0
DA:299,0
DA:300,0
DA:336,0
DA:385,0
DA:386,0
DA:391,0
DA:403,0
DA:421,0
DA:430,0
DA:461,0
DA:507,0
LF:91
LH:0
BRDA:64,0,0,0
BRDA:67,1,0,0
BRDA:83,2,0,0
BRDA:105,3,0,0
BRDA:136,4,0,0
BRDA:146,5,0,0
BRDA:174,6,0,0
BRDA:174,7,0,0
BRDA:174,7,1,0
BRDA:194,8,0,0
BRDA:206,9,0,0
BRDA:226,10,0,0
BRDA:226,10,1,0
BRDA:226,10,2,0
BRDA:226,10,3,0
BRDA:264,11,0,0
BRDA:264,11,1,0
BRDA:264,11,2,0
BRDA:271,12,0,0
BRDA:271,12,1,0
BRDA:291,13,0,0
BRDA:318,14,0,0
BRDA:318,14,1,0
BRDA:322,15,0,0
BRDA:337,16,0,0
BRDA:337,16,1,0
BRDA:345,17,0,0
BRDA:368,18,0,0
BRDA:432,19,0,0
BRDA:432,19,1,0
BRDA:437,20,0,0
BRDA:452,21,0,0
BRDA:459,22,0,0
BRDA:487,23,0,0
BRDA:494,24,0,0
BRDA:497,25,0,0
BRDA:502,26,0,0
BRDA:515,27,0,0
BRDA:526,28,0,0
BRDA:525,29,0,0
BRDA:525,29,1,0
BRF:41
BRH:0
end_of_record
TN:
SF:components\Synonym\EnhancedSynonymManager.tsx
FN:52,(anonymous_1)
FN:66,(anonymous_2)
FN:67,(anonymous_3)
FN:81,(anonymous_4)
FN:82,(anonymous_5)
FN:86,(anonymous_6)
FN:98,(anonymous_7)
FN:100,(anonymous_8)
FN:101,(anonymous_9)
FN:117,EnhancedSynonymManager
FN:157,(anonymous_11)
FN:161,(anonymous_12)
FN:166,(anonymous_13)
FN:170,(anonymous_14)
FN:197,(anonymous_15)
FN:211,(anonymous_16)
FN:227,(anonymous_17)
FN:239,(anonymous_18)
FN:255,(anonymous_19)
FN:273,(anonymous_20)
FN:289,(anonymous_21)
FN:310,(anonymous_22)
FN:317,(anonymous_23)
FN:321,(anonymous_24)
FN:328,(anonymous_25)
FN:356,(anonymous_26)
FN:366,(anonymous_27)
FN:375,(anonymous_28)
FN:407,(anonymous_29)
FN:423,(anonymous_30)
FN:448,(anonymous_31)
FN:458,(anonymous_32)
FN:496,(anonymous_33)
FN:507,(anonymous_34)
FN:545,(anonymous_35)
FN:545,(anonymous_36)
FN:557,(anonymous_37)
FN:557,(anonymous_38)
FN:569,(anonymous_39)
FN:569,(anonymous_40)
FN:573,(anonymous_41)
FN:582,(anonymous_42)
FN:610,(anonymous_43)
FN:610,(anonymous_44)
FN:623,(anonymous_45)
FN:623,(anonymous_46)
FN:638,(anonymous_47)
FN:638,(anonymous_48)
FN:659,(anonymous_49)
FN:659,(anonymous_50)
FN:672,(anonymous_51)
FN:672,(anonymous_52)
FN:683,(anonymous_53)
FN:709,(anonymous_54)
FN:716,(anonymous_55)
FNF:55
FNH:0
FNDA:0,(anonymous_1)
FNDA:0,(anonymous_2)
FNDA:0,(anonymous_3)
FNDA:0,(anonymous_4)
FNDA:0,(anonymous_5)
FNDA:0,(anonymous_6)
FNDA:0,(anonymous_7)
FNDA:0,(anonymous_8)
FNDA:0,(anonymous_9)
FNDA:0,EnhancedSynonymManager
FNDA:0,(anonymous_11)
FNDA:0,(anonymous_12)
FNDA:0,(anonymous_13)
FNDA:0,(anonymous_14)
FNDA:0,(anonymous_15)
FNDA:0,(anonymous_16)
FNDA:0,(anonymous_17)
FNDA:0,(anonymous_18)
FNDA:0,(anonymous_19)
FNDA:0,(anonymous_20)
FNDA:0,(anonymous_21)
FNDA:0,(anonymous_22)
FNDA:0,(anonymous_23)
FNDA:0,(anonymous_24)
FNDA:0,(anonymous_25)
FNDA:0,(anonymous_26)
FNDA:0,(anonymous_27)
FNDA:0,(anonymous_28)
FNDA:0,(anonymous_29)
FNDA:0,(anonymous_30)
FNDA:0,(anonymous_31)
FNDA:0,(anonymous_32)
FNDA:0,(anonymous_33)
FNDA:0,(anonymous_34)
FNDA:0,(anonymous_35)
FNDA:0,(anonymous_36)
FNDA:0,(anonymous_37)
FNDA:0,(anonymous_38)
FNDA:0,(anonymous_39)
FNDA:0,(anonymous_40)
FNDA:0,(anonymous_41)
FNDA:0,(anonymous_42)
FNDA:0,(anonymous_43)
FNDA:0,(anonymous_44)
FNDA:0,(anonymous_45)
FNDA:0,(anonymous_46)
FNDA:0,(anonymous_47)
FNDA:0,(anonymous_48)
FNDA:0,(anonymous_49)
FNDA:0,(anonymous_50)
FNDA:0,(anonymous_51)
FNDA:0,(anonymous_52)
FNDA:0,(anonymous_53)
FNDA:0,(anonymous_54)
FNDA:0,(anonymous_55)
DA:3,0
DA:4,0
DA:5,0
DA:20,0
DA:52,0
DA:53,0
DA:66,0
DA:67,0
DA:81,0
DA:82,0
DA:86,0
DA:97,0
DA:98,0
DA:100,0
DA:101,0
DA:103,0
DA:117,0
DA:130,0
DA:131,0
DA:132,0
DA:133,0
DA:134,0
DA:135,0
DA:136,0
DA:137,0
DA:138,0
DA:139,0
DA:141,0
DA:147,0
DA:156,0
DA:158,0
DA:161,0
DA:163,0
DA:165,0
DA:166,0
DA:168,0
DA:173,0
DA:175,0
DA:176,0
DA:177,0
DA:179,0
DA:180,0
DA:181,0
DA:183,0
DA:184,0
DA:185,0
DA:187,0
DA:190,0
DA:191,0
DA:193,0
DA:197,0
DA:198,0
DA:200,0
DA:201,0
DA:203,0
DA:206,0
DA:207,0
DA:208,0
DA:211,0
DA:212,0
DA:214,0
DA:216,0
DA:217,0
DA:218,0
DA:227,0
DA:228,0
DA:229,0
DA:230,0
DA:231,0
DA:232,0
DA:233,0
DA:234,0
DA:235,0
DA:236,0
DA:239,0
DA:240,0
DA:241,0
DA:242,0
DA:245,0
DA:246,0
DA:247,0
DA:248,0
DA:249,0
DA:251,0
DA:255,0
DA:256,0
DA:257,0
DA:259,0
DA:260,0
DA:273,0
DA:290,0
DA:291,0
DA:292,0
DA:310,0
DA:317,0
DA:322,0
DA:328,0
DA:356,0
DA:367,0
DA:375,0
DA:408,0
DA:409,0
DA:410,0
DA:415,0
DA:424,0
DA:425,0
DA:448,0
DA:459,0
DA:496,0
DA:507,0
DA:545,0
DA:557,0
DA:569,0
DA:574,0
DA:582,0
DA:610,0
DA:623,0
DA:638,0
DA:659,0
DA:672,0
DA:683,0
DA:709,0
DA:716,0
LF:123
LH:0
BRDA:67,0,0,0
BRDA:67,0,1,0
BRDA:70,1,0,0
BRDA:70,1,1,0
BRDA:71,2,0,0
BRDA:71,2,1,0
BRDA:73,3,0,0
BRDA:73,3,1,0
BRDA:77,4,0,0
BRDA:77,4,1,0
BRDA:101,5,0,0
BRDA:101,5,1,0
BRDA:104,6,0,0
BRDA:104,6,1,0
BRDA:105,7,0,0
BRDA:105,7,1,0
BRDA:106,8,0,0
BRDA:106,8,1,0
BRDA:107,9,0,0
BRDA:107,9,1,0
BRDA:109,10,0,0
BRDA:109,10,1,0
BRDA:110,11,0,0
BRDA:110,11,1,0
BRDA:111,12,0,0
BRDA:111,12,1,0
BRDA:128,13,0,0
BRDA:158,14,0,0
BRDA:158,14,1,0
BRDA:158,14,2,0
BRDA:158,14,3,0
BRDA:163,15,0,0
BRDA:163,15,1,0
BRDA:165,16,0,0
BRDA:165,16,1,0
BRDA:168,17,0,0
BRDA:168,17,1,0
BRDA:168,17,2,0
BRDA:173,18,0,0
BRDA:173,18,1,0
BRDA:173,18,2,0
BRDA:173,18,3,0
BRDA:179,19,0,0
BRDA:179,19,1,0
BRDA:180,20,0,0
BRDA:180,20,1,0
BRDA:183,21,0,0
BRDA:183,21,1,0
BRDA:184,22,0,0
BRDA:184,22,1,0
BRDA:190,23,0,0
BRDA:190,23,1,0
BRDA:191,24,0,0
BRDA:191,24,1,0
BRDA:193,25,0,0
BRDA:193,25,1,0
BRDA:200,26,0,0
BRDA:200,26,1,0
BRDA:214,27,0,0
BRDA:240,28,0,0
BRDA:256,29,0,0
BRDA:256,29,1,0
BRDA:257,30,0,0
BRDA:257,30,1,0
BRDA:357,31,0,0
BRDA:357,31,1,0
BRDA:359,32,0,0
BRDA:373,33,0,0
BRDA:373,33,1,0
BRDA:386,34,0,0
BRDA:394,35,0,0
BRDA:394,35,1,0
BRDA:397,36,0,0
BRDA:412,37,0,0
BRDA:412,37,1,0
BRDA:413,38,0,0
BRDA:413,38,1,0
BRDA:441,39,0,0
BRDA:472,40,0,0
BRDA:479,41,0,0
BRDA:479,41,1,0
BRDA:483,42,0,0
BRDA:483,42,1,0
BRDA:498,43,0,0
BRDA:498,43,1,0
BRDA:503,44,0,0
BRDA:530,45,0,0
BRDA:534,46,0,0
BRDA:534,46,1,0
BRDA:588,47,0,0
BRDA:588,47,1,0
BRDA:597,48,0,0
BRDA:698,49,0,0
BRF:93
BRH:0
end_of_record
TN:
SF:components\Taxonomy\EnhancedTaxonomyTree.tsx
FN:57,(anonymous_1)
FN:60,(anonymous_2)
FN:68,(anonymous_3)
FN:69,(anonymous_4)
FN:70,(anonymous_5)
FN:78,(anonymous_6)
FN:95,(anonymous_7)
FN:115,(anonymous_8)
FN:118,(anonymous_9)
FN:122,(anonymous_10)
FN:152,(anonymous_12)
FN:153,(anonymous_13)
FN:154,(anonymous_14)
FN:165,(anonymous_15)
FN:210,(anonymous_16)
FN:237,(anonymous_17)
FN:248,(anonymous_18)
FN:259,(anonymous_19)
FN:270,(anonymous_20)
FN:297,(anonymous_22)
FN:327,EnhancedTaxonomyTree
FN:346,(anonymous_24)
FN:360,(anonymous_25)
FN:361,(anonymous_26)
FN:372,(anonymous_27)
FN:377,(anonymous_28)
FN:383,(anonymous_29)
FN:395,(anonymous_30)
FN:412,(anonymous_31)
FN:415,(anonymous_32)
FN:430,(anonymous_33)
FN:446,(anonymous_34)
FN:465,(anonymous_35)
FN:478,(anonymous_37)
FN:511,(anonymous_38)
FN:518,(anonymous_39)
FNF:36
FNH:0
FNDA:0,(anonymous_1)
FNDA:0,(anonymous_2)
FNDA:0,(anonymous_3)
FNDA:0,(anonymous_4)
FNDA:0,(anonymous_5)
FNDA:0,(anonymous_6)
FNDA:0,(anonymous_7)
FNDA:0,(anonymous_8)
FNDA:0,(anonymous_9)
FNDA:0,(anonymous_10)
FNDA:0,(anonymous_12)
FNDA:0,(anonymous_13)
FNDA:0,(anonymous_14)
FNDA:0,(anonymous_15)
FNDA:0,(anonymous_16)
FNDA:0,(anonymous_17)
FNDA:0,(anonymous_18)
FNDA:0,(anonymous_19)
FNDA:0,(anonymous_20)
FNDA:0,(anonymous_22)
FNDA:0,EnhancedTaxonomyTree
FNDA:0,(anonymous_24)
FNDA:0,(anonymous_25)
FNDA:0,(anonymous_26)
FNDA:0,(anonymous_27)
FNDA:0,(anonymous_28)
FNDA:0,(anonymous_29)
FNDA:0,(anonymous_30)
FNDA:0,(anonymous_31)
FNDA:0,(anonymous_32)
FNDA:0,(anonymous_33)
FNDA:0,(anonymous_34)
FNDA:0,(anonymous_35)
FNDA:0,(anonymous_37)
FNDA:0,(anonymous_38)
FNDA:0,(anonymous_39)
DA:3,0
DA:4,0
DA:5,0
DA:6,0
DA:23,0
DA:57,0
DA:58,0
DA:59,0
DA:60,0
DA:61,0
DA:62,0
DA:64,0
DA:68,0
DA:69,0
DA:70,0
DA:71,0
DA:72,0
DA:73,0
DA:74,0
DA:75,0
DA:76,0
DA:77,0
DA:78,0
DA:79,0
DA:82,0
DA:83,0
DA:84,0
DA:85,0
DA:86,0
DA:88,0
DA:92,0
DA:95,0
DA:110,0
DA:111,0
DA:112,0
DA:115,0
DA:118,0
DA:119,0
DA:120,0
DA:121,0
DA:122,0
DA:123,0
DA:152,0
DA:153,0
DA:154,0
DA:166,0
DA:167,0
DA:211,0
DA:238,0
DA:239,0
DA:249,0
DA:250,0
DA:260,0
DA:261,0
DA:271,0
DA:272,0
DA:298,0
DA:327,0
DA:340,0
DA:341,0
DA:342,0
DA:343,0
DA:344,0
DA:346,0
DA:347,0
DA:349,0
DA:352,0
DA:353,0
DA:356,0
DA:357,0
DA:360,0
DA:361,0
DA:362,0
DA:363,0
DA:364,0
DA:366,0
DA:368,0
DA:372,0
DA:373,0
DA:374,0
DA:377,0
DA:378,0
DA:379,0
DA:380,0
DA:383,0
DA:384,0
DA:385,0
DA:386,0
DA:387,0
DA:388,0
DA:389,0
DA:390,0
DA:391,0
DA:392,0
DA:395,0
DA:396,0
DA:397,0
DA:398,0
DA:401,0
DA:402,0
DA:403,0
DA:404,0
DA:405,0
DA:407,0
DA:411,0
DA:413,0
DA:415,0
DA:430,0
DA:446,0
DA:465,0
DA:479,0
DA:511,0
DA:518,0
LF:113
LH:0
BRDA:59,0,0,0
BRDA:59,0,1,0
BRDA:59,1,0,0
BRDA:59,1,1,0
BRDA:69,2,0,0
BRDA:74,3,0,0
BRDA:75,4,0,0
BRDA:76,5,0,0
BRDA:76,6,0,0
BRDA:76,6,1,0
BRDA:84,7,0,0
BRDA:84,8,0,0
BRDA:84,8,1,0
BRDA:111,9,0,0
BRDA:111,9,1,0
BRDA:112,10,0,0
BRDA:112,10,1,0
BRDA:112,10,2,0
BRDA:112,10,3,0
BRDA:119,11,0,0
BRDA:123,12,0,0
BRDA:123,12,1,0
BRDA:137,13,0,0
BRDA:137,13,1,0
BRDA:138,14,0,0
BRDA:138,14,1,0
BRDA:146,15,0,0
BRDA:146,15,1,0
BRDA:150,16,0,0
BRDA:150,16,1,0
BRDA:157,17,0,0
BRDA:172,18,0,0
BRDA:172,19,0,0
BRDA:172,19,1,0
BRDA:185,20,0,0
BRDA:185,21,0,0
BRDA:185,21,1,0
BRDA:201,22,0,0
BRDA:208,23,0,0
BRDA:208,23,1,0
BRDA:215,24,0,0
BRDA:229,25,0,0
BRDA:229,25,1,0
BRDA:229,25,2,0
BRDA:286,26,0,0
BRDA:286,26,1,0
BRDA:336,27,0,0
BRDA:337,28,0,0
BRDA:338,29,0,0
BRDA:347,30,0,0
BRDA:347,31,0,0
BRDA:347,31,1,0
BRDA:352,32,0,0
BRDA:352,33,0,0
BRDA:352,33,1,0
BRDA:357,34,0,0
BRDA:357,34,1,0
BRDA:363,35,0,0
BRDA:363,35,1,0
BRDA:396,36,0,0
BRDA:411,37,0,0
BRDA:411,37,1,0
BRDA:413,38,0,0
BRDA:413,38,1,0
BRDA:413,38,2,0
BRDA:427,39,0,0
BRDA:458,40,0,0
BRDA:504,41,0,0
BRF:68
BRH:0
end_of_record
TN:
SF:components\Taxonomy\TaxonomyTree.tsx
FN:37,(anonymous_4)
FN:51,(anonymous_5)
FN:57,(anonymous_6)
FN:74,(anonymous_7)
FN:120,(anonymous_8)
FN:130,(anonymous_9)
FN:140,(anonymous_10)
FN:161,(anonymous_11)
FN:180,(anonymous_12)
FN:190,(anonymous_13)
FN:195,(anonymous_14)
FN:200,(anonymous_15)
FN:212,(anonymous_16)
FN:213,(anonymous_17)
FN:214,(anonymous_18)
FN:232,(anonymous_19)
FN:245,(anonymous_20)
FN:262,(anonymous_21)
FNF:18
FNH:0
FNDA:0,(anonymous_4)
FNDA:0,(anonymous_5)
FNDA:0,(anonymous_6)
FNDA:0,(anonymous_7)
FNDA:0,(anonymous_8)
FNDA:0,(anonymous_9)
FNDA:0,(anonymous_10)
FNDA:0,(anonymous_11)
FNDA:0,(anonymous_12)
FNDA:0,(anonymous_13)
FNDA:0,(anonymous_14)
FNDA:0,(anonymous_15)
FNDA:0,(anonymous_16)
FNDA:0,(anonymous_17)
FNDA:0,(anonymous_18)
FNDA:0,(anonymous_19)
FNDA:0,(anonymous_20)
FNDA:0,(anonymous_21)
DA:3,0
DA:4,0
DA:13,0
DA:37,0
DA:47,0
DA:48,0
DA:49,0
DA:51,0
DA:52,0
DA:53,0
DA:57,0
DA:58,0
DA:75,0
DA:76,0
DA:121,0
DA:122,0
DA:131,0
DA:132,0
DA:141,0
DA:142,0
DA:162,0
DA:180,0
DA:190,0
DA:191,0
DA:192,0
DA:195,0
DA:196,0
DA:200,0
DA:201,0
DA:202,0
DA:203,0
DA:204,0
DA:205,0
DA:207,0
DA:212,0
DA:213,0
DA:214,0
DA:220,0
DA:223,0
DA:225,0
DA:232,0
DA:246,0
DA:262,0
DA:274,0
LF:44
LH:0
BRDA:45,0,0,0
BRDA:48,1,0,0
BRDA:48,1,1,0
BRDA:52,2,0,0
BRDA:65,3,0,0
BRDA:65,3,1,0
BRDA:81,4,0,0
BRDA:81,5,0,0
BRDA:81,5,1,0
BRDA:94,6,0,0
BRDA:94,7,0,0
BRDA:94,7,1,0
BRDA:109,8,0,0
BRDA:117,9,0,0
BRDA:154,10,0,0
BRDA:154,10,1,0
BRDA:187,11,0,0
BRDA:202,12,0,0
BRDA:202,12,1,0
BRDA:202,13,0,0
BRDA:202,13,1,0
BRDA:204,14,0,0
BRDA:213,15,0,0
BRDA:213,15,1,0
BRDA:213,16,0,0
BRDA:213,16,1,0
BRDA:216,17,0,0
BRDA:216,17,1,0
BRDA:225,18,0,0
BRDA:230,19,0,0
BRDA:259,20,0,0
BRF:31
BRH:0
end_of_record
TN:
SF:utils\api.ts
FN:78,(anonymous_6)
FN:93,(anonymous_7)
FN:108,(anonymous_8)
FN:123,(anonymous_9)
FN:138,(anonymous_10)
FN:153,(anonymous_11)
FN:171,(anonymous_12)
FN:206,(anonymous_13)
FN:215,(anonymous_14)
FN:233,(anonymous_15)
FN:257,(anonymous_16)
FN:274,(anonymous_17)
FN:296,(anonymous_18)
FN:304,(anonymous_19)
FN:305,(anonymous_20)
FN:314,(anonymous_21)
FN:332,(anonymous_22)
FN:341,(anonymous_23)
FN:362,(anonymous_24)
FN:376,(anonymous_25)
FN:380,(anonymous_26)
FN:383,(anonymous_27)
FN:386,(anonymous_28)
FNF:23
FNH:0
FNDA:0,(anonymous_6)
FNDA:0,(anonymous_7)
FNDA:0,(anonymous_8)
FNDA:0,(anonymous_9)
FNDA:0,(anonymous_10)
FNDA:0,(anonymous_11)
FNDA:0,(anonymous_12)
FNDA:0,(anonymous_13)
FNDA:0,(anonymous_14)
FNDA:0,(anonymous_15)
FNDA:0,(anonymous_16)
FNDA:0,(anonymous_17)
FNDA:0,(anonymous_18)
FNDA:0,(anonymous_19)
FNDA:0,(anonymous_20)
FNDA:0,(anonymous_21)
FNDA:0,(anonymous_22)
FNDA:0,(anonymous_23)
FNDA:0,(anonymous_24)
FNDA:0,(anonymous_25)
FNDA:0,(anonymous_26)
FNDA:0,(anonymous_27)
FNDA:0,(anonymous_28)
DA:2,0
DA:74,0
DA:75,0
DA:79,0
DA:80,0
DA:84,0
DA:85,0
DA:87,0
DA:88,0
DA:94,0
DA:95,0
DA:99,0
DA:100,0
DA:102,0
DA:103,0
DA:109,0
DA:110,0
DA:114,0
DA:115,0
DA:117,0
DA:118,0
DA:124,0
DA:125,0
DA:129,0
DA:130,0
DA:132,0
DA:133,0
DA:139,0
DA:140,0
DA:144,0
DA:145,0
DA:147,0
DA:148,0
DA:154,0
DA:155,0
DA:159,0
DA:160,0
DA:162,0
DA:163,0
DA:169,0
DA:172,0
DA:173,0
DA:175,0
DA:176,0
DA:178,0
DA:179,0
DA:183,0
DA:184,0
DA:191,0
DA:196,0
DA:198,0
DA:199,0
DA:204,0
DA:211,0
DA:212,0
DA:215,0
DA:216,0
DA:217,0
DA:225,0
DA:227,0
DA:238,0
DA:239,0
DA:241,0
DA:242,0
DA:244,0
DA:245,0
DA:249,0
DA:251,0
DA:252,0
DA:256,0
DA:257,0
DA:260,0
DA:262,0
DA:266,0
DA:271,0
DA:272,0
DA:279,0
DA:292,0
DA:293,0
DA:297,0
DA:298,0
DA:299,0
DA:300,0
DA:305,0
DA:306,0
DA:308,0
DA:313,0
DA:321,0
DA:322,0
DA:323,0
DA:325,0
DA:327,0
DA:328,0
DA:332,0
DA:333,0
DA:338,0
DA:342,0
DA:343,0
DA:346,0
DA:347,0
DA:350,0
DA:351,0
DA:354,0
DA:359,0
DA:360,0
DA:363,0
DA:364,0
DA:367,0
DA:368,0
DA:371,0
DA:372,0
DA:377,0
DA:378,0
DA:380,0
DA:384,0
DA:386,0
DA:387,0
DA:393,0
LF:118
LH:0
BRDA:84,0,0,0
BRDA:99,1,0,0
BRDA:114,2,0,0
BRDA:123,3,0,0
BRDA:129,4,0,0
BRDA:144,5,0,0
BRDA:153,6,0,0
BRDA:159,7,0,0
BRDA:171,8,0,0
BRDA:175,9,0,0
BRDA:178,10,0,0
BRDA:209,11,0,0
BRDA:211,12,0,0
BRDA:236,13,0,0
BRDA:251,14,0,0
BRDA:256,15,0,0
BRDA:298,16,0,0
BRDA:316,17,0,0
BRDA:317,18,0,0
BRDA:327,19,0,0
BRDA:342,20,0,0
BRDA:346,21,0,0
BRDA:350,22,0,0
BRDA:354,23,0,0
BRDA:354,23,1,0
BRDA:363,24,0,0
BRDA:371,25,0,0
BRDA:378,26,0,0
BRDA:378,27,0,0
BRDA:378,27,1,0
BRF:30
BRH:0
end_of_record
TN:
SF:utils\database-service.ts
FN:5,(anonymous_1)
FN:20,(anonymous_2)
FN:35,(anonymous_3)
FN:51,(anonymous_4)
FN:67,(anonymous_5)
FN:90,(anonymous_6)
FN:91,(anonymous_7)
FN:117,(anonymous_8)
FN:168,(anonymous_9)
FN:190,(anonymous_10)
FN:207,(anonymous_11)
FN:222,(anonymous_12)
FN:243,(anonymous_13)
FN:258,(anonymous_14)
FN:273,(anonymous_15)
FN:288,(anonymous_16)
FNF:16
FNH:0
FNDA:0,(anonymous_1)
FNDA:0,(anonymous_2)
FNDA:0,(anonymous_3)
FNDA:0,(anonymous_4)
FNDA:0,(anonymous_5)
FNDA:0,(anonymous_6)
FNDA:0,(anonymous_7)
FNDA:0,(anonymous_8)
FNDA:0,(anonymous_9)
FNDA:0,(anonymous_10)
FNDA:0,(anonymous_11)
FNDA:0,(anonymous_12)
FNDA:0,(anonymous_13)
FNDA:0,(anonymous_14)
FNDA:0,(anonymous_15)
FNDA:0,(anonymous_16)
DA:1,0
DA:3,0
DA:6,0
DA:7,0
DA:12,0
DA:13,0
DA:15,0
DA:16,0
DA:21,0
DA:22,0
DA:27,0
DA:28,0
DA:30,0
DA:31,0
DA:36,0
DA:37,0
DA:43,0
DA:44,0
DA:46,0
DA:47,0
DA:52,0
DA:53,0
DA:58,0
DA:59,0
DA:61,0
DA:62,0
DA:68,0
DA:69,0
DA:86,0
DA:89,0
DA:90,0
DA:91,0
DA:92,0
DA:110,0
DA:112,0
DA:113,0
DA:118,0
DA:120,0
DA:123,0
DA:129,0
DA:130,0
DA:133,0
DA:144,0
DA:145,0
DA:149,0
DA:160,0
DA:161,0
DA:163,0
DA:164,0
DA:169,0
DA:171,0
DA:182,0
DA:183,0
DA:185,0
DA:186,0
DA:191,0
DA:193,0
DA:198,0
DA:199,0
DA:201,0
DA:202,0
DA:208,0
DA:209,0
DA:214,0
DA:215,0
DA:217,0
DA:218,0
DA:223,0
DA:224,0
DA:234,0
DA:235,0
DA:237,0
DA:238,0
DA:244,0
DA:245,0
DA:250,0
DA:251,0
DA:253,0
DA:254,0
DA:259,0
DA:260,0
DA:265,0
DA:266,0
DA:268,0
DA:269,0
DA:274,0
DA:275,0
DA:280,0
DA:281,0
DA:283,0
DA:284,0
DA:289,0
DA:290,0
DA:295,0
DA:296,0
DA:298,0
DA:299,0
LF:97
LH:0
BRDA:12,0,0,0
BRDA:27,1,0,0
BRDA:43,2,0,0
BRDA:58,3,0,0
BRDA:86,4,0,0
BRDA:97,5,0,0
BRDA:97,5,1,0
BRDA:98,6,0,0
BRDA:98,6,1,0
BRDA:99,7,0,0
BRDA:99,7,1,0
BRDA:129,8,0,0
BRDA:129,8,1,0
BRDA:138,9,0,0
BRDA:138,9,1,0
BRDA:144,10,0,0
BRDA:154,11,0,0
BRDA:154,11,1,0
BRDA:155,12,0,0
BRDA:155,12,1,0
BRDA:156,13,0,0
BRDA:156,13,1,0
BRDA:160,14,0,0
BRDA:182,15,0,0
BRDA:198,16,0,0
BRDA:214,17,0,0
BRDA:234,18,0,0
BRDA:250,19,0,0
BRDA:250,20,0,0
BRDA:250,20,1,0
BRDA:265,21,0,0
BRDA:280,22,0,0
BRDA:295,23,0,0
BRF:33
BRH:0
end_of_record
TN:
SF:utils\error-handler.ts
FN:28,createApiError
FN:44,formatErrorResponse
FN:112,withErrorHandling
FN:116,(anonymous_11)
FN:144,handleAsyncError
FN:165,generateRequestId
FN:173,(anonymous_14)
FN:176,(anonymous_15)
FN:179,(anonymous_16)
FN:182,(anonymous_17)
FN:185,(anonymous_18)
FN:188,(anonymous_19)
FN:191,(anonymous_20)
FN:194,(anonymous_21)
FN:197,(anonymous_22)
FN:205,(anonymous_23)
FNF:16
FNH:0
FNDA:0,createApiError
FNDA:0,formatErrorResponse
FNDA:0,withErrorHandling
FNDA:0,(anonymous_11)
FNDA:0,handleAsyncError
FNDA:0,generateRequestId
FNDA:0,(anonymous_14)
FNDA:0,(anonymous_15)
FNDA:0,(anonymous_16)
FNDA:0,(anonymous_17)
FNDA:0,(anonymous_18)
FNDA:0,(anonymous_19)
FNDA:0,(anonymous_20)
FNDA:0,(anonymous_21)
FNDA:0,(anonymous_22)
FNDA:0,(anonymous_23)
DA:28,0
DA:34,0
DA:35,0
DA:36,0
DA:37,0
DA:38,0
DA:44,0
DA:48,0
DA:51,0
DA:52,0
DA:63,0
DA:64,0
DA:75,0
DA:76,0
DA:87,0
DA:88,0
DA:98,0
DA:112,0
DA:116,0
DA:117,0
DA:119,0
DA:120,0
DA:121,0
DA:122,0
DA:123,0
DA:125,0
DA:133,0
DA:134,0
DA:136,0
DA:144,0
DA:148,0
DA:149,0
DA:150,0
DA:152,0
DA:158,0
DA:166,0
DA:172,0
DA:174,0
DA:177,0
DA:180,0
DA:183,0
DA:186,0
DA:189,0
DA:192,0
DA:195,0
DA:198,0
DA:204,0
DA:206,0
DA:207,0
DA:209,0
DA:210,0
LF:51
LH:0
BRDA:30,0,0,0
BRDA:51,1,0,0
BRDA:54,2,0,0
BRDA:54,2,1,0
BRDA:63,3,0,0
BRDA:75,4,0,0
BRDA:75,5,0,0
BRDA:75,5,1,0
BRDA:80,6,0,0
BRDA:80,6,1,0
BRDA:87,7,0,0
BRDA:87,8,0,0
BRDA:87,8,1,0
BRDA:100,9,0,0
BRDA:100,9,1,0
BRDA:101,10,0,0
BRDA:101,10,1,0
BRDA:134,11,0,0
BRDA:134,11,1,0
BRDA:176,12,0,0
BRDA:179,13,0,0
BRDA:182,14,0,0
BRDA:191,15,0,0
BRDA:194,16,0,0
BRDA:197,17,0,0
BRF:25
BRH:0
end_of_record
TN:
SF:utils\logger.ts
FN:28,(anonymous_5)
FN:39,(anonymous_6)
FN:62,(anonymous_7)
FN:81,(anonymous_8)
FN:85,(anonymous_9)
FN:89,(anonymous_10)
FN:95,(anonymous_11)
FN:115,(anonymous_12)
FN:124,(anonymous_13)
FN:136,(anonymous_14)
FN:146,(anonymous_15)
FN:155,(anonymous_16)
FN:164,(anonymous_17)
FN:175,(anonymous_18)
FN:184,(anonymous_19)
FN:197,measurePerformance
FN:202,(anonymous_22)
FN:219,generateRequestId
FN:226,(anonymous_24)
FN:240,(anonymous_25)
FN:251,(anonymous_26)
FNF:21
FNH:0
FNDA:0,(anonymous_5)
FNDA:0,(anonymous_6)
FNDA:0,(anonymous_7)
FNDA:0,(anonymous_8)
FNDA:0,(anonymous_9)
FNDA:0,(anonymous_10)
FNDA:0,(anonymous_11)
FNDA:0,(anonymous_12)
FNDA:0,(anonymous_13)
FNDA:0,(anonymous_14)
FNDA:0,(anonymous_15)
FNDA:0,(anonymous_16)
FNDA:0,(anonymous_17)
FNDA:0,(anonymous_18)
FNDA:0,(anonymous_19)
FNDA:0,measurePerformance
FNDA:0,(anonymous_22)
FNDA:0,generateRequestId
FNDA:0,(anonymous_24)
FNDA:0,(anonymous_25)
FNDA:0,(anonymous_26)
DA:25,0
DA:26,0
DA:29,0
DA:36,0
DA:40,0
DA:41,0
DA:43,0
DA:45,0
DA:46,0
DA:47,0
DA:49,0
DA:52,0
DA:58,0
DA:63,0
DA:65,0
DA:67,0
DA:70,0
DA:71,0
DA:73,0
DA:74,0
DA:76,0
DA:77,0
DA:82,0
DA:86,0
DA:90,0
DA:96,0
DA:98,0
DA:99,0
DA:107,0
DA:108,0
DA:111,0
DA:116,0
DA:125,0
DA:126,0
DA:137,0
DA:147,0
DA:156,0
DA:165,0
DA:166,0
DA:176,0
DA:185,0
DA:194,0
DA:197,0
DA:202,0
DA:203,0
DA:205,0
DA:206,0
DA:207,0
DA:208,0
DA:209,0
DA:211,0
DA:212,0
DA:213,0
DA:219,0
DA:220,0
DA:224,0
DA:227,0
DA:236,0
DA:241,0
DA:252,0
LF:60
LH:0
BRDA:43,0,0,0
BRDA:43,0,1,0
BRDA:46,1,0,0
BRDA:46,2,0,0
BRDA:46,2,1,0
BRDA:63,3,0,0
BRDA:67,4,0,0
BRDA:67,4,1,0
BRDA:67,4,2,0
BRDA:67,4,3,0
BRDA:98,5,0,0
BRDA:98,5,1,0
BRDA:107,6,0,0
BRDA:125,7,0,0
BRDA:125,7,1,0
BRDA:149,8,0,0
BRDA:149,8,1,0
BRDA:150,9,0,0
BRDA:150,9,1,0
BRDA:165,10,0,0
BRDA:165,10,1,0
BRDA:26,11,0,0
BRDA:26,11,1,0
BRDA:232,12,0,0
BRDA:232,12,1,0
BRF:25
BRH:0
end_of_record
TN:
SF:utils\rate-limit.ts
FN:21,(anonymous_6)
FN:25,(anonymous_7)
FN:51,(anonymous_8)
FN:62,(anonymous_9)
FN:73,rateLimit
FN:89,getClientIP
FN:105,withRateLimit
FN:110,(anonymous_13)
FNF:8
FNH:0
FNDA:0,(anonymous_6)
FNDA:0,(anonymous_7)
FNDA:0,(anonymous_8)
FNDA:0,(anonymous_9)
FNDA:0,rateLimit
FNDA:0,getClientIP
FNDA:0,withRateLimit
FNDA:0,(anonymous_13)
DA:18,0
DA:22,0
DA:26,0
DA:27,0
DA:30,0
DA:32,0
DA:34,0
DA:35,0
DA:36,0
DA:37,0
DA:41,0
DA:42,0
DA:44,0
DA:53,0
DA:54,0
DA:55,0
DA:60,0
DA:61,0
DA:62,0
DA:64,0
DA:65,0
DA:66,0
DA:73,0
DA:74,0
DA:78,0
DA:83,0
DA:89,0
DA:90,0
DA:91,0
DA:93,0
DA:94,0
DA:97,0
DA:98,0
DA:101,0
DA:105,0
DA:110,0
DA:111,0
DA:113,0
DA:114,0
DA:115,0
DA:117,0
LF:41
LH:0
BRDA:32,0,0,0
BRDA:32,0,1,0
BRDA:34,1,0,0
BRDA:54,2,0,0
BRDA:60,3,0,0
BRDA:93,4,0,0
BRDA:97,5,0,0
BRDA:111,6,0,0
BRDA:111,6,1,0
BRDA:120,7,0,0
BRDA:120,7,1,0
BRF:11
BRH:0
end_of_record
TN:
SF:utils\supabase.ts
FN:204,(anonymous_3)
FN:232,(anonymous_4)
FN:269,(anonymous_5)
FN:283,(anonymous_6)
FN:302,(anonymous_7)
FN:319,(anonymous_8)
FN:331,(anonymous_9)
FN:341,(anonymous_10)
FN:359,(anonymous_11)
FN:373,(anonymous_12)
FN:388,(anonymous_13)
FN:398,(anonymous_14)
FN:412,(anonymous_15)
FN:425,(anonymous_16)
FN:445,(anonymous_17)
FN:471,(anonymous_18)
FN:490,(anonymous_19)
FN:505,(anonymous_20)
FN:516,(anonymous_21)
FN:528,(anonymous_22)
FN:539,(anonymous_23)
FN:550,(anonymous_24)
FN:562,(anonymous_25)
FN:572,(anonymous_26)
FN:585,(anonymous_27)
FN:595,(anonymous_28)
FN:606,(anonymous_29)
FN:617,(anonymous_30)
FN:629,(anonymous_31)
FN:638,(anonymous_32)
FN:649,(anonymous_33)
FN:661,(anonymous_34)
FN:671,(anonymous_35)
FN:686,(anonymous_36)
FN:691,(anonymous_37)
FN:696,(anonymous_38)
FNF:36
FNH:0
FNDA:0,(anonymous_3)
FNDA:0,(anonymous_4)
FNDA:0,(anonymous_5)
FNDA:0,(anonymous_6)
FNDA:0,(anonymous_7)
FNDA:0,(anonymous_8)
FNDA:0,(anonymous_9)
FNDA:0,(anonymous_10)
FNDA:0,(anonymous_11)
FNDA:0,(anonymous_12)
FNDA:0,(anonymous_13)
FNDA:0,(anonymous_14)
FNDA:0,(anonymous_15)
FNDA:0,(anonymous_16)
FNDA:0,(anonymous_17)
FNDA:0,(anonymous_18)
FNDA:0,(anonymous_19)
FNDA:0,(anonymous_20)
FNDA:0,(anonymous_21)
FNDA:0,(anonymous_22)
FNDA:0,(anonymous_23)
FNDA:0,(anonymous_24)
FNDA:0,(anonymous_25)
FNDA:0,(anonymous_26)
FNDA:0,(anonymous_27)
FNDA:0,(anonymous_28)
FNDA:0,(anonymous_29)
FNDA:0,(anonymous_30)
FNDA:0,(anonymous_31)
FNDA:0,(anonymous_32)
FNDA:0,(anonymous_33)
FNDA:0,(anonymous_34)
FNDA:0,(anonymous_35)
FNDA:0,(anonymous_36)
FNDA:0,(anonymous_37)
FNDA:0,(anonymous_38)
DA:1,0
DA:3,0
DA:4,0
DA:6,0
DA:202,0
DA:209,0
DA:215,0
DA:216,0
DA:219,0
DA:220,0
DA:223,0
DA:224,0
DA:227,0
DA:228,0
DA:229,0
DA:239,0
DA:244,0
DA:245,0
DA:248,0
DA:249,0
DA:252,0
DA:253,0
DA:256,0
DA:257,0
DA:260,0
DA:261,0
DA:264,0
DA:265,0
DA:266,0
DA:270,0
DA:276,0
DA:278,0
DA:280,0
DA:284,0
DA:290,0
DA:291,0
DA:293,0
DA:296,0
DA:297,0
DA:299,0
DA:303,0
DA:309,0
DA:315,0
DA:316,0
DA:320,0
DA:327,0
DA:328,0
DA:332,0
DA:337,0
DA:342,0
DA:350,0
DA:351,0
DA:354,0
DA:355,0
DA:356,0
DA:360,0
DA:369,0
DA:370,0
DA:374,0
DA:384,0
DA:385,0
DA:389,0
DA:394,0
DA:399,0
DA:408,0
DA:409,0
DA:413,0
DA:420,0
DA:421,0
DA:426,0
DA:436,0
DA:437,0
DA:440,0
DA:441,0
DA:442,0
DA:446,0
DA:451,0
DA:452,0
DA:455,0
DA:466,0
DA:467,0
DA:472,0
DA:481,0
DA:482,0
DA:485,0
DA:486,0
DA:487,0
DA:491,0
DA:500,0
DA:501,0
DA:506,0
DA:512,0
DA:513,0
DA:517,0
DA:524,0
DA:525,0
DA:529,0
DA:535,0
DA:536,0
DA:540,0
DA:546,0
DA:547,0
DA:551,0
DA:557,0
DA:558,0
DA:563,0
DA:568,0
DA:569,0
DA:573,0
DA:581,0
DA:582,0
DA:586,0
DA:591,0
DA:592,0
DA:596,0
DA:602,0
DA:603,0
DA:607,0
DA:613,0
DA:614,0
DA:618,0
DA:625,0
DA:626,0
DA:630,0
DA:635,0
DA:639,0
DA:645,0
DA:646,0
DA:650,0
DA:657,0
DA:658,0
DA:662,0
DA:667,0
DA:672,0
DA:681,0
DA:682,0
DA:687,0
DA:688,0
DA:691,0
DA:692,0
DA:696,0
DA:697,0
DA:699,0
DA:700,0
DA:701,0
DA:702,0
DA:705,0
DA:709,0
LF:148
LH:0
BRDA:215,0,0,0
BRDA:219,1,0,0
BRDA:223,2,0,0
BRDA:224,3,0,0
BRDA:224,3,1,0
BRDA:228,4,0,0
BRDA:229,5,0,0
BRDA:229,5,1,0
BRDA:244,6,0,0
BRDA:248,7,0,0
BRDA:252,8,0,0
BRDA:256,9,0,0
BRDA:260,10,0,0
BRDA:261,11,0,0
BRDA:261,11,1,0
BRDA:265,12,0,0
BRDA:266,13,0,0
BRDA:266,13,1,0
BRDA:276,14,0,0
BRDA:290,15,0,0
BRDA:290,15,1,0
BRDA:297,16,0,0
BRDA:299,17,0,0
BRDA:299,17,1,0
BRDA:299,18,0,0
BRDA:299,18,1,0
BRDA:315,19,0,0
BRDA:327,20,0,0
BRDA:337,21,0,0
BRDA:350,22,0,0
BRDA:355,23,0,0
BRDA:356,24,0,0
BRDA:356,24,1,0
BRDA:369,25,0,0
BRDA:384,26,0,0
BRDA:394,27,0,0
BRDA:408,28,0,0
BRDA:420,29,0,0
BRDA:421,30,0,0
BRDA:421,30,1,0
BRDA:425,31,0,0
BRDA:436,32,0,0
BRDA:441,33,0,0
BRDA:442,34,0,0
BRDA:442,34,1,0
BRDA:451,35,0,0
BRDA:466,36,0,0
BRDA:481,37,0,0
BRDA:486,38,0,0
BRDA:487,39,0,0
BRDA:487,39,1,0
BRDA:500,40,0,0
BRDA:512,41,0,0
BRDA:524,42,0,0
BRDA:535,43,0,0
BRDA:546,44,0,0
BRDA:557,45,0,0
BRDA:568,46,0,0
BRDA:569,47,0,0
BRDA:569,47,1,0
BRDA:581,48,0,0
BRDA:582,49,0,0
BRDA:582,49,1,0
BRDA:591,50,0,0
BRDA:591,51,0,0
BRDA:591,51,1,0
BRDA:602,52,0,0
BRDA:613,53,0,0
BRDA:625,54,0,0
BRDA:635,55,0,0
BRDA:645,56,0,0
BRDA:657,57,0,0
BRDA:667,58,0,0
BRDA:681,59,0,0
BRDA:699,60,0,0
BRDA:699,60,1,0
BRDA:701,61,0,0
BRF:77
BRH:0
end_of_record
TN:
SF:utils\validation.ts
FN:14,validateRequest
FN:33,(anonymous_8)
FN:62,validateQuery
FN:80,(anonymous_10)
FN:140,(anonymous_11)
FN:148,sanitizeInput
FN:198,(anonymous_13)
FN:201,(anonymous_14)
FN:204,(anonymous_15)
FN:214,(anonymous_16)
FN:217,(anonymous_17)
FNF:11
FNH:0
FNDA:0,validateRequest
FNDA:0,(anonymous_8)
FNDA:0,validateQuery
FNDA:0,(anonymous_10)
FNDA:0,(anonymous_11)
FNDA:0,sanitizeInput
FNDA:0,(anonymous_13)
FNDA:0,(anonymous_14)
FNDA:0,(anonymous_15)
FNDA:0,(anonymous_16)
FNDA:0,(anonymous_17)
DA:7,0
DA:14,0
DA:18,0
DA:20,0
DA:23,0
DA:25,0
DA:26,0
DA:31,0
DA:33,0
DA:41,0
DA:43,0
DA:45,0
DA:46,0
DA:52,0
DA:62,0
DA:66,0
DA:67,0
DA:68,0
DA:70,0
DA:72,0
DA:73,0
DA:78,0
DA:80,0
DA:88,0
DA:90,0
DA:92,0
DA:102,0
DA:140,0
DA:148,0
DA:149,0
DA:156,0
DA:157,0
DA:160,0
DA:161,0
DA:162,0
DA:163,0
DA:165,0
DA:168,0
DA:174,0
DA:196,0
DA:198,0
DA:201,0
DA:205,0
DA:206,0
DA:207,0
DA:209,0
DA:214,0
DA:218,0
LF:48
LH:0
BRDA:25,0,0,0
BRDA:45,1,0,0
BRDA:72,2,0,0
BRDA:149,3,0,0
BRDA:156,4,0,0
BRDA:160,5,0,0
BRDA:160,6,0,0
BRDA:160,6,1,0
BRF:8
BRH:0
end_of_record
